2016-01-20 11:04:49,436 INFO  [main] stencyl.sw.Session: Logfile: C:\Users\EConway6922\Documents\stencylworks\logs\2016-01-20_11-04-49.log
2016-01-20 11:04:49,452 INFO  [main] stencyl.sw.Session: OS Name: Windows 7
2016-01-20 11:04:49,452 INFO  [main] stencyl.sw.Session: OS Version: 6.1 (64-bit)
2016-01-20 11:04:49,452 INFO  [main] stencyl.sw.Session: Java Version: 1.8.0_60
2016-01-20 11:04:49,452 INFO  [main] stencyl.sw.Session: Stencyl Version: 3.3.2 (b8734)
2016-01-20 11:04:49,452 INFO  [main] stencyl.sw.Session: Stencyl Workspace: C:\Users\EConway6922\Documents\
2016-01-20 11:04:49,452 INFO  [main] stencyl.sw.Session: User Working Directory: C:\Users\EConway6922\Downloads\Stencyl
2016-01-20 11:04:49,452 INFO  [main] stencyl.sw.Session: User Home Directory: C:\Users\EConway6922
2016-01-20 11:04:49,467 INFO  [main] stencyl.sw.Session: System Path: C:\ProgramData\Oracle\Java\javapath;C:\Program Files (x86)\Intel\iCLS Client\;C:\Program Files\Intel\iCLS Client\;C:\WINDOWS\system32;C:\WINDOWS;C:\WINDOWS\System32\Wbem;C:\WINDOWS\System32\WindowsPowerShell\v1.0\;C:\WINDOWS\CCM;C:\WINDOWS\CCM;C:\Program Files (x86)\QuickTime\QTSystem\;C:\Program Files\Intel\Intel(R) Management Engine Components\DAL;C:\Program Files\Intel\Intel(R) Management Engine Components\IPT;C:\Program Files (x86)\Intel\Intel(R) Management Engine Components\DAL;C:\Program Files (x86)\Intel\Intel(R) Management Engine Components\IPT;C:\Users\EConway6922\Downloads\Stencyl\runtimes\jre-win\bin
2016-01-20 11:04:49,654 DEBUG [main] stencyl.sw.util.FileHelper: Deleting: C:\Users\ECONWA~1\AppData\Local\Temp\stencyl5437501259424158546
2016-01-20 11:04:49,670 DEBUG [main] stencyl.sw.loc.LanguagePack: Reading... lang\en\global-phrases.lang
2016-01-20 11:04:49,670 DEBUG [main] stencyl.sw.loc.LanguagePack: Reading... lang\en\global-errors.lang
2016-01-20 11:04:49,670 DEBUG [main] stencyl.sw.loc.LanguagePack: Reading... lang\en\global-menu.lang
2016-01-20 11:04:49,686 DEBUG [main] stencyl.sw.loc.LanguagePack: Reading... lang\en\global-welcome.lang
2016-01-20 11:04:49,686 DEBUG [main] stencyl.sw.loc.LanguagePack: Reading... lang\en\global-dashboard.lang
2016-01-20 11:04:49,686 DEBUG [main] stencyl.sw.loc.LanguagePack: Reading... lang\en\global-publish.lang
2016-01-20 11:04:49,686 DEBUG [main] stencyl.sw.loc.LanguagePack: Reading... lang\en\global-updater.lang
2016-01-20 11:04:49,686 DEBUG [main] stencyl.sw.loc.LanguagePack: Reading... lang\en\global-chat.lang
2016-01-20 11:04:49,686 DEBUG [main] stencyl.sw.loc.LanguagePack: Reading... lang\en\global-misc.lang
2016-01-20 11:04:49,701 DEBUG [main] stencyl.sw.loc.LanguagePack: Reading... lang\en\global-forge.lang
2016-01-20 11:04:49,701 DEBUG [main] stencyl.sw.loc.LanguagePack: Reading... lang\en\global-prefs.lang
2016-01-20 11:04:49,717 DEBUG [main] stencyl.sw.loc.LanguagePack: Reading... lang\en\global-creategame.lang
2016-01-20 11:04:49,717 DEBUG [main] stencyl.sw.loc.LanguagePack: Reading... lang\en\behavior-main.lang
2016-01-20 11:04:49,717 DEBUG [main] stencyl.sw.loc.LanguagePack: Reading... lang\en\behavior-blocks.lang
2016-01-20 11:04:49,732 DEBUG [main] stencyl.sw.loc.LanguagePack: Reading... lang\en\behavior-blockhelp.lang
2016-01-20 11:04:49,748 DEBUG [main] stencyl.sw.loc.LanguagePack: Reading... lang\en\behavior-events.lang
2016-01-20 11:04:49,748 DEBUG [main] stencyl.sw.loc.LanguagePack: Reading... lang\en\behavior-code.lang
2016-01-20 11:04:49,748 DEBUG [main] stencyl.sw.loc.LanguagePack: Reading... lang\en\behavior-attributes.lang
2016-01-20 11:04:49,748 DEBUG [main] stencyl.sw.loc.LanguagePack: Reading... lang\en\behavior-create.lang
2016-01-20 11:04:49,748 DEBUG [main] stencyl.sw.loc.LanguagePack: Reading... lang\en\behavior-byob.lang
2016-01-20 11:04:49,748 DEBUG [main] stencyl.sw.loc.LanguagePack: Reading... lang\en\editor-actor-main.lang
2016-01-20 11:04:49,748 DEBUG [main] stencyl.sw.loc.LanguagePack: Reading... lang\en\editor-actor-physics.lang
2016-01-20 11:04:49,748 DEBUG [main] stencyl.sw.loc.LanguagePack: Reading... lang\en\editor-background.lang
2016-01-20 11:04:49,748 DEBUG [main] stencyl.sw.loc.LanguagePack: Reading... lang\en\editor-behaviorchooser.lang
2016-01-20 11:04:49,748 DEBUG [main] stencyl.sw.loc.LanguagePack: Reading... lang\en\editor-desktop.lang
2016-01-20 11:04:49,748 DEBUG [main] stencyl.sw.loc.LanguagePack: Reading... lang\en\editor-font.lang
2016-01-20 11:04:49,748 DEBUG [main] stencyl.sw.loc.LanguagePack: Reading... lang\en\editor-sound.lang
2016-01-20 11:04:49,748 DEBUG [main] stencyl.sw.loc.LanguagePack: Reading... lang\en\editor-tileset.lang
2016-01-20 11:04:49,748 DEBUG [main] stencyl.sw.loc.LanguagePack: Reading... lang\en\editor-preloader.lang
2016-01-20 11:04:49,748 DEBUG [main] stencyl.sw.loc.LanguagePack: Reading... lang\en\editor-mobile.lang
2016-01-20 11:04:49,764 DEBUG [main] stencyl.sw.loc.LanguagePack: Reading... lang\en\editor-groups.lang
2016-01-20 11:04:49,764 DEBUG [main] stencyl.sw.loc.LanguagePack: Reading... lang\en\editor-attributes.lang
2016-01-20 11:04:49,764 DEBUG [main] stencyl.sw.loc.LanguagePack: Reading... lang\en\editor-input.lang
2016-01-20 11:04:49,764 DEBUG [main] stencyl.sw.loc.LanguagePack: Reading... lang\en\editor-animation.lang
2016-01-20 11:04:49,764 DEBUG [main] stencyl.sw.loc.LanguagePack: Reading... lang\en\editor-scene-main.lang
2016-01-20 11:04:49,764 DEBUG [main] stencyl.sw.loc.LanguagePack: Reading... lang\en\editor-scene-create.lang
2016-01-20 11:04:49,764 DEBUG [main] stencyl.sw.loc.LanguagePack: Reading... lang\en\editor-scene-tools.lang
2016-01-20 11:04:49,764 DEBUG [main] stencyl.sw.loc.LanguagePack: Reading... lang\en\global-phrases.lang
2016-01-20 11:04:49,764 DEBUG [main] stencyl.sw.loc.LanguagePack: Reading... lang\en\global-errors.lang
2016-01-20 11:04:49,764 DEBUG [main] stencyl.sw.loc.LanguagePack: Reading... lang\en\global-menu.lang
2016-01-20 11:04:49,764 DEBUG [main] stencyl.sw.loc.LanguagePack: Reading... lang\en\global-welcome.lang
2016-01-20 11:04:49,764 DEBUG [main] stencyl.sw.loc.LanguagePack: Reading... lang\en\global-dashboard.lang
2016-01-20 11:04:49,764 DEBUG [main] stencyl.sw.loc.LanguagePack: Reading... lang\en\global-publish.lang
2016-01-20 11:04:49,764 DEBUG [main] stencyl.sw.loc.LanguagePack: Reading... lang\en\global-updater.lang
2016-01-20 11:04:49,764 DEBUG [main] stencyl.sw.loc.LanguagePack: Reading... lang\en\global-chat.lang
2016-01-20 11:04:49,779 DEBUG [main] stencyl.sw.loc.LanguagePack: Reading... lang\en\global-misc.lang
2016-01-20 11:04:49,779 DEBUG [main] stencyl.sw.loc.LanguagePack: Reading... lang\en\global-forge.lang
2016-01-20 11:04:49,779 DEBUG [main] stencyl.sw.loc.LanguagePack: Reading... lang\en\global-prefs.lang
2016-01-20 11:04:49,779 DEBUG [main] stencyl.sw.loc.LanguagePack: Reading... lang\en\global-creategame.lang
2016-01-20 11:04:49,779 DEBUG [main] stencyl.sw.loc.LanguagePack: Reading... lang\en\behavior-main.lang
2016-01-20 11:04:49,779 DEBUG [main] stencyl.sw.loc.LanguagePack: Reading... lang\en\behavior-blocks.lang
2016-01-20 11:04:49,779 DEBUG [main] stencyl.sw.loc.LanguagePack: Reading... lang\en\behavior-blockhelp.lang
2016-01-20 11:04:49,795 DEBUG [main] stencyl.sw.loc.LanguagePack: Reading... lang\en\behavior-events.lang
2016-01-20 11:04:49,795 DEBUG [main] stencyl.sw.loc.LanguagePack: Reading... lang\en\behavior-code.lang
2016-01-20 11:04:49,795 DEBUG [main] stencyl.sw.loc.LanguagePack: Reading... lang\en\behavior-attributes.lang
2016-01-20 11:04:49,795 DEBUG [main] stencyl.sw.loc.LanguagePack: Reading... lang\en\behavior-create.lang
2016-01-20 11:04:49,795 DEBUG [main] stencyl.sw.loc.LanguagePack: Reading... lang\en\behavior-byob.lang
2016-01-20 11:04:49,795 DEBUG [main] stencyl.sw.loc.LanguagePack: Reading... lang\en\editor-actor-main.lang
2016-01-20 11:04:49,795 DEBUG [main] stencyl.sw.loc.LanguagePack: Reading... lang\en\editor-actor-physics.lang
2016-01-20 11:04:49,795 DEBUG [main] stencyl.sw.loc.LanguagePack: Reading... lang\en\editor-background.lang
2016-01-20 11:04:49,795 DEBUG [main] stencyl.sw.loc.LanguagePack: Reading... lang\en\editor-behaviorchooser.lang
2016-01-20 11:04:49,795 DEBUG [main] stencyl.sw.loc.LanguagePack: Reading... lang\en\editor-desktop.lang
2016-01-20 11:04:49,795 DEBUG [main] stencyl.sw.loc.LanguagePack: Reading... lang\en\editor-font.lang
2016-01-20 11:04:49,795 DEBUG [main] stencyl.sw.loc.LanguagePack: Reading... lang\en\editor-sound.lang
2016-01-20 11:04:49,795 DEBUG [main] stencyl.sw.loc.LanguagePack: Reading... lang\en\editor-tileset.lang
2016-01-20 11:04:49,795 DEBUG [main] stencyl.sw.loc.LanguagePack: Reading... lang\en\editor-preloader.lang
2016-01-20 11:04:49,795 DEBUG [main] stencyl.sw.loc.LanguagePack: Reading... lang\en\editor-mobile.lang
2016-01-20 11:04:49,795 DEBUG [main] stencyl.sw.loc.LanguagePack: Reading... lang\en\editor-groups.lang
2016-01-20 11:04:49,795 DEBUG [main] stencyl.sw.loc.LanguagePack: Reading... lang\en\editor-attributes.lang
2016-01-20 11:04:49,795 DEBUG [main] stencyl.sw.loc.LanguagePack: Reading... lang\en\editor-input.lang
2016-01-20 11:04:49,810 DEBUG [main] stencyl.sw.loc.LanguagePack: Reading... lang\en\editor-animation.lang
2016-01-20 11:04:49,810 DEBUG [main] stencyl.sw.loc.LanguagePack: Reading... lang\en\editor-scene-main.lang
2016-01-20 11:04:49,810 DEBUG [main] stencyl.sw.loc.LanguagePack: Reading... lang\en\editor-scene-create.lang
2016-01-20 11:04:49,810 DEBUG [main] stencyl.sw.loc.LanguagePack: Reading... lang\en\editor-scene-tools.lang
2016-01-20 11:04:49,810 INFO  [AWT-EventQueue-0] stencyl.sw.SW: Initializing Stencyl.
2016-01-20 11:04:49,810 DEBUG [AWT-EventQueue-0] stencyl.sw.Splash: Set Splash message: Look
2016-01-20 11:04:51,199 INFO  [AWT-EventQueue-0] stencyl.sw.ext.ExtensionDependencyManager: Haxelib actuate 1.6.5
2016-01-20 11:04:51,199 INFO  [AWT-EventQueue-0] stencyl.sw.ext.ExtensionDependencyManager: Haxelib box2d 1.11.0
2016-01-20 11:04:51,199 INFO  [AWT-EventQueue-0] stencyl.sw.ext.ExtensionDependencyManager: Haxelib box2d-fake 1.11.0
2016-01-20 11:04:51,199 INFO  [AWT-EventQueue-0] stencyl.sw.ext.ExtensionDependencyManager: Haxelib console 1.0.0
2016-01-20 11:04:51,214 INFO  [AWT-EventQueue-0] stencyl.sw.ext.ExtensionDependencyManager: Haxelib format 3.1.2
2016-01-20 11:04:51,214 INFO  [AWT-EventQueue-0] stencyl.sw.ext.ExtensionDependencyManager: Haxelib hxcpp 3.2.0
2016-01-20 11:04:51,214 INFO  [AWT-EventQueue-0] stencyl.sw.ext.ExtensionDependencyManager: Haxelib hxtelemetry 0.3.1
2016-01-20 11:04:51,214 INFO  [AWT-EventQueue-0] stencyl.sw.ext.ExtensionDependencyManager: Haxelib layout 1.1.0
2016-01-20 11:04:51,214 INFO  [AWT-EventQueue-0] stencyl.sw.ext.ExtensionDependencyManager: Haxelib lime 2.6.8
2016-01-20 11:04:51,214 INFO  [AWT-EventQueue-0] stencyl.sw.ext.ExtensionDependencyManager: Haxelib openfl 3.3.8
2016-01-20 11:04:51,214 INFO  [AWT-EventQueue-0] stencyl.sw.ext.ExtensionDependencyManager: Haxelib polygonal-ds 1.4.1
2016-01-20 11:04:51,214 INFO  [AWT-EventQueue-0] stencyl.sw.ext.ExtensionDependencyManager: Haxelib polygonal-printf 1.0.0.beta
2016-01-20 11:04:51,214 INFO  [AWT-EventQueue-0] stencyl.sw.ext.ExtensionDependencyManager: Haxelib stencyl 1.0.0
2016-01-20 11:04:51,230 INFO  [AWT-EventQueue-0] stencyl.sw.ext.ExtensionDependencyManager: Haxelib stencyl-cppia 1.0.0
2016-01-20 11:04:51,230 INFO  [AWT-EventQueue-0] stencyl.sw.ext.ExtensionDependencyManager: Haxelib svg 1.0.8
2016-01-20 11:04:51,230 INFO  [AWT-EventQueue-0] stencyl.sw.ext.ExtensionDependencyManager: Haxelib swf 1.7.4
2016-01-20 11:04:51,230 INFO  [AWT-EventQueue-0] stencyl.sw.ext.ExtensionDependencyManager: Haxelib tilelayer 0.2.1
2016-01-20 11:04:51,246 DEBUG [AWT-EventQueue-0] stencyl.sw.util.FileHelper: Matching (non-hidden) files within C:\Users\EConway6922\Documents\stencylworks\extensions: []
2016-01-20 11:04:51,246 DEBUG [AWT-EventQueue-0] stencyl.sw.util.FileHelper: Matching (non-hidden) files within C:\Users\EConway6922\Documents\stencylworks\extensions: []
2016-01-20 11:04:51,246 DEBUG [AWT-EventQueue-0] stencyl.sw.editors.game.advanced.EngineExtensionManager: Loading engine extensions...
2016-01-20 11:04:51,246 DEBUG [AWT-EventQueue-0] stencyl.sw.util.FileHelper: Directories within C:\Users\EConway6922\Documents\stencylworks\engine-extensions: []
2016-01-20 11:04:51,246 INFO  [AWT-EventQueue-0] stencyl.sw.editors.game.advanced.EngineExtensionManager: Engine Extensions: []
2016-01-20 11:04:51,246 WARN  [AWT-EventQueue-0] stencyl.sw.app.ExtensionManager: Couldn't load extension settings.
2016-01-20 11:04:51,277 INFO  [AWT-EventQueue-0] stencyl.sw.app.ExtensionManager: Toolset Extensions: []
2016-01-20 11:04:51,308 DEBUG [AWT-EventQueue-0] stencyl.sw.SW: Maximized frame.
2016-01-20 11:04:51,636 DEBUG [AWT-EventQueue-0] stencyl.sw.app.doc.Workspace: Activated: Welcome Center
2016-01-20 11:04:51,651 DEBUG [AWT-EventQueue-0] stencyl.sw.app.App: Non-silent Authentication.
2016-01-20 11:04:51,651 DEBUG [AWT-EventQueue-0] stencyl.sw.Splash: Dispose Splash
2016-01-20 11:04:51,762 DEBUG [pool-1-thread-1] stencyl.sw.app.tasks.AuthenticateTask: Response: guest
2016-01-20 11:04:51,763 INFO  [pool-1-thread-1] stencyl.sw.app.tasks.AuthenticateTask: Could not log in. Check your login credentials.
2016-01-20 11:04:54,868 DEBUG [AWT-EventQueue-0] stencyl.sw.util.FileHelper: Deleting: C:\Users\EConway6922\AppData\Local\Temp\stencyl5437501259424158546\sandbox\test\temp
2016-01-20 11:04:54,884 DEBUG [AWT-EventQueue-0] stencyl.sw.util.FileHelper: Deleting: C:\Users\EConway6922\Documents\stencylworks\preview\scripts
2016-01-20 11:04:54,884 DEBUG [AWT-EventQueue-0] stencyl.sw.util.FileHelper: Deleting: C:\Users\EConway6922\Documents\stencylworks\preview\game
2016-01-20 11:04:54,884 INFO  [AWT-EventQueue-0] stencyl.sw.app.tasks.OpenGameTask: Opening game: Dreams
2016-01-20 11:04:54,978 DEBUG [pool-1-thread-1] stencyl.core.lib.Game: Loading scene-specific snippet. SceneID: 1
2016-01-20 11:04:54,993 DEBUG [pool-1-thread-1] stencyl.core.lib.Game: Loading scene-specific snippet. SceneID: 2
2016-01-20 11:04:54,993 DEBUG [pool-1-thread-1] stencyl.core.lib.Game: Loading scene-specific snippet. SceneID: 3
2016-01-20 11:04:55,009 DEBUG [pool-1-thread-1] stencyl.core.lib.Game: Loading scene-specific snippet. SceneID: 4
2016-01-20 11:04:55,009 DEBUG [pool-1-thread-1] stencyl.core.lib.Game: Loading scene-specific snippet. SceneID: 5
2016-01-20 11:04:55,009 DEBUG [pool-1-thread-1] stencyl.core.lib.Game: Loading scene-specific snippet. SceneID: 6
2016-01-20 11:04:55,024 DEBUG [pool-1-thread-1] stencyl.core.lib.ResourceList: Initializing... 5 : Bedroom player
2016-01-20 11:04:55,040 DEBUG [pool-1-thread-1] stencyl.core.lib.ResourceList: Initializing... 6 : Bedroom player
2016-01-20 11:04:55,056 DEBUG [pool-1-thread-1] stencyl.core.lib.ResourceList: Initializing... 7 : BedroomSet
2016-01-20 11:04:55,071 DEBUG [pool-1-thread-1] stencyl.core.lib.ResourceList: Initializing... 13 : Door
2016-01-20 11:04:55,071 DEBUG [pool-1-thread-1] stencyl.core.lib.ResourceList: Initializing... 14 : Door
2016-01-20 11:04:55,071 DEBUG [pool-1-thread-1] stencyl.core.lib.ResourceList: Initializing... 9 : Font
2016-01-20 11:04:55,087 DEBUG [pool-1-thread-1] stencyl.core.lib.ResourceList: Initializing... 11 : Key
2016-01-20 11:04:55,087 DEBUG [pool-1-thread-1] stencyl.core.lib.ResourceList: Initializing... 12 : Key
2016-01-20 11:04:55,087 DEBUG [pool-1-thread-1] stencyl.core.lib.ResourceList: Initializing... 10 : L1Set
2016-01-20 11:04:55,087 DEBUG [pool-1-thread-1] stencyl.core.lib.ResourceList: Initializing... 3 : lion
2016-01-20 11:04:55,087 DEBUG [pool-1-thread-1] stencyl.core.lib.ResourceList: Initializing... 4 : lion
2016-01-20 11:04:55,087 DEBUG [pool-1-thread-1] stencyl.core.lib.ResourceList: Initializing... 2 : nice sky
2016-01-20 11:04:55,102 DEBUG [pool-1-thread-1] stencyl.core.lib.ResourceList: Initializing... 0 : Player 1
2016-01-20 11:04:55,102 DEBUG [pool-1-thread-1] stencyl.core.lib.ResourceList: Initializing... 1 : Player 1
2016-01-20 11:04:55,102 DEBUG [pool-1-thread-1] stencyl.core.lib.ResourceList: Initializing... 8 : TutorialSet
2016-01-20 11:04:55,414 DEBUG [AWT-EventQueue-0] stencyl.core.lib.io.read.SceneReader: Reading header for Scene: 3 (Bedroom) from: scenes\3.xml
2016-01-20 11:04:55,430 DEBUG [AWT-EventQueue-0] stencyl.core.lib.io.read.SceneReader: Reading header for Scene: 3 (Bedroom) from: scenes\3.xml
2016-01-20 11:04:55,633 DEBUG [AWT-EventQueue-0] stencyl.sw.app.doc.Workspace: Activated: Dashboard
2016-01-20 11:04:55,633 DEBUG [AWT-EventQueue-0] stencyl.sw.util.FileHelper: Trying to delete file that does not exist: C:\Users\EConway6922\AppData\Local\Temp\stencyl5437501259424158546\sandbox\build\code
2016-01-20 11:04:55,633 DEBUG [AWT-EventQueue-0] stencyl.sw.util.FileHelper: Deleting: C:\Users\EConway6922\AppData\Local\Temp\stencyl5437501259424158546\sandbox\test\temp
2016-01-20 11:04:55,648 DEBUG [AWT-EventQueue-0] stencyl.core.lib.io.read.SceneReader: Reading header for Scene: 3 (Bedroom) from: scenes\3.xml
2016-01-20 11:04:55,804 DEBUG [AWT-EventQueue-0] stencyl.sw.app.tasks.OpenGameTask: Took 920ms
2016-01-20 11:04:55,960 DEBUG [AWT-EventQueue-0] stencyl.sw.editors.game.attributes.AttributeTree: Loading attribute into tree: Keys
2016-01-20 11:04:56,132 DEBUG [AWT-EventQueue-0] stencyl.sw.editors.game.cgroups.CollisionGroupTree: Loading actor group into tree: Actors
2016-01-20 11:04:56,148 DEBUG [AWT-EventQueue-0] stencyl.sw.editors.game.cgroups.CollisionGroupTree: Loading actor group into tree: Doodads
2016-01-20 11:04:56,163 DEBUG [AWT-EventQueue-0] stencyl.sw.editors.game.cgroups.CollisionGroupTree: Loading actor group into tree: Players
2016-01-20 11:04:56,179 DEBUG [AWT-EventQueue-0] stencyl.sw.editors.game.cgroups.CollisionGroupTree: Loading actor group into tree: Regions
2016-01-20 11:04:56,210 DEBUG [AWT-EventQueue-0] stencyl.sw.editors.game.cgroups.CollisionGroupTree: Loading actor group into tree: Tiles
2016-01-20 11:04:57,349 DEBUG [AWT-EventQueue-0] stencyl.core.lib.Atlas: Getting memory for atlas 0
2016-01-20 11:04:57,349 DEBUG [AWT-EventQueue-0] stencyl.core.lib.Atlas: Added resource 'Player 1' to atlas 0
2016-01-20 11:04:57,349 DEBUG [AWT-EventQueue-0] stencyl.core.lib.Atlas: Added resource 'nice sky' to atlas 0
2016-01-20 11:04:57,349 DEBUG [AWT-EventQueue-0] stencyl.core.lib.Atlas: Added resource 'lion' to atlas 0
2016-01-20 11:04:57,349 DEBUG [AWT-EventQueue-0] stencyl.core.lib.Atlas: Added resource 'Bedroom player' to atlas 0
2016-01-20 11:04:57,349 DEBUG [AWT-EventQueue-0] stencyl.core.lib.Atlas: Added resource 'BedroomSet' to atlas 0
2016-01-20 11:04:57,349 DEBUG [AWT-EventQueue-0] stencyl.core.lib.Atlas: Added resource 'TutorialSet' to atlas 0
2016-01-20 11:04:57,349 DEBUG [AWT-EventQueue-0] stencyl.core.lib.Atlas: Added resource 'Font' to atlas 0
2016-01-20 11:04:57,349 DEBUG [AWT-EventQueue-0] stencyl.core.lib.Atlas: Added resource 'L1Set' to atlas 0
2016-01-20 11:04:57,349 DEBUG [AWT-EventQueue-0] stencyl.core.lib.Atlas: Added resource 'Key' to atlas 0
2016-01-20 11:04:57,349 DEBUG [AWT-EventQueue-0] stencyl.core.lib.Atlas: Added resource 'Door' to atlas 0
2016-01-20 11:04:57,364 DEBUG [AWT-EventQueue-0] stencyl.core.lib.Atlas: Getting memory for atlas 1
2016-01-20 11:04:57,380 DEBUG [AWT-EventQueue-0] stencyl.core.lib.Atlas: Getting memory for atlas 2
2016-01-20 11:04:57,380 DEBUG [AWT-EventQueue-0] stencyl.core.lib.Atlas: Getting memory for atlas 3
2016-01-20 11:04:57,427 DEBUG [AWT-EventQueue-0] stencyl.core.lib.io.read.SceneReader: Reading header for Scene: 1 (Level 1) from: scenes\1.xml
2016-01-20 11:04:57,427 DEBUG [AWT-EventQueue-0] stencyl.core.lib.io.read.SceneReader: Reading header for Scene: 2 (Tutorial) from: scenes\2.xml
2016-01-20 11:04:57,427 DEBUG [AWT-EventQueue-0] stencyl.core.lib.io.read.SceneReader: Reading header for Scene: 3 (Bedroom) from: scenes\3.xml
2016-01-20 11:04:57,427 DEBUG [AWT-EventQueue-0] stencyl.core.lib.io.read.SceneReader: Reading header for Scene: 4 (Level 2) from: scenes\4.xml
2016-01-20 11:04:57,427 DEBUG [AWT-EventQueue-0] stencyl.core.lib.io.read.SceneReader: Reading header for Scene: 5 (Level 3) from: scenes\5.xml
2016-01-20 11:04:57,427 DEBUG [AWT-EventQueue-0] stencyl.core.lib.io.read.SceneReader: Reading header for Scene: 6 (TEST) from: scenes\6.xml
2016-01-20 11:05:07,067 DEBUG [AWT-EventQueue-0] stencyl.core.lib.io.read.SceneReader: Reading header for Scene: 5 (Level 3) from: scenes\5.xml
2016-01-20 11:05:08,128 DEBUG [AWT-EventQueue-0] stencyl.core.lib.io.read.SceneReader: Reading header for Scene: 4 (Level 2) from: scenes\4.xml
2016-01-20 11:05:08,206 DEBUG [AWT-EventQueue-0] stencyl.sw.app.doc.Workspace: Loading Closed Resource: Level 2
2016-01-20 11:05:08,206 DEBUG [pool-1-thread-1] stencyl.core.lib.io.read.SceneReader: Reading header for Scene: 4 (Level 2) from: scenes\4.xml
2016-01-20 11:05:08,518 DEBUG [pool-1-thread-1] stencyl.sw.editors.scene.Designer: Brush Changed
2016-01-20 11:05:09,844 DEBUG [pool-1-thread-1] stencyl.sw.editors.snippet.designer.palette.Palette: Palette asked to refresh: Position
2016-01-20 11:05:09,969 DEBUG [pool-1-thread-1] stencyl.sw.editors.snippet.designer.palette.Palette: Palette asked to refresh: Conditions
2016-01-20 11:05:10,468 DEBUG [pool-1-thread-1] stencyl.sw.editors.snippet.designer.palette.Palette: Palette asked to refresh: Actors
2016-01-20 11:05:10,577 DEBUG [pool-1-thread-1] stencyl.sw.editors.snippet.designer.palette.Palette: Palette asked to refresh: Keyboard & Mouse
2016-01-20 11:05:10,687 DEBUG [pool-1-thread-1] stencyl.sw.editors.snippet.designer.palette.Palette: Palette asked to refresh: Math
2016-01-20 11:05:10,765 DEBUG [pool-1-thread-1] stencyl.sw.editors.snippet.designer.palette.Palette: Palette asked to refresh: Getters
2016-01-20 11:05:10,967 DEBUG [pool-1-thread-1] stencyl.sw.editors.snippet.designer.palette.Palette: Palette asked to refresh: Sound
2016-01-20 11:05:11,030 DEBUG [pool-1-thread-1] stencyl.sw.editors.snippet.designer.palette.Palette: Palette asked to refresh: Triggers
2016-01-20 11:05:11,170 DEBUG [pool-1-thread-1] stencyl.sw.editors.snippet.designer.palette.Palette: Palette asked to refresh: Web
2016-01-20 11:05:11,248 DEBUG [pool-1-thread-1] stencyl.sw.editors.snippet.designer.palette.Palette: Palette asked to refresh: Drawing
2016-01-20 11:05:11,295 DEBUG [pool-1-thread-1] stencyl.sw.editors.snippet.designer.palette.Palette: Palette asked to refresh: Basic
2016-01-20 11:05:11,311 DEBUG [pool-1-thread-1] stencyl.sw.editors.snippet.designer.palette.Palette: Palette asked to refresh: Custom
2016-01-20 11:05:11,311 DEBUG [pool-1-thread-1] stencyl.sw.editors.snippet.designer.palette.Palette: Palette asked to refresh: Extensions
2016-01-20 11:05:11,311 DEBUG [pool-1-thread-1] stencyl.sw.editors.snippet.designer.palette.Palette: Palette asked to refresh: Position
2016-01-20 11:05:11,373 DEBUG [pool-1-thread-1] stencyl.sw.editors.snippet.designer.EditArea: ContextSet for current event: []
2016-01-20 11:05:11,373 DEBUG [pool-1-thread-1] stencyl.sw.editors.snippet.designer.palette.Palette: Palette asked to refresh: Position
2016-01-20 11:05:11,545 DEBUG [AWT-EventQueue-0] stencyl.sw.app.doc.Workspace: Activated: Level 2
2016-01-20 11:05:11,545 DEBUG [pool-1-thread-1] stencyl.sw.app.tasks.OpenResourceTask: Open Took 3339ms
2016-01-20 11:05:11,654 DEBUG [AWT-EventQueue-0] stencyl.sw.app.tasks.OpenResourceTask: Total Took 3448ms
2016-01-20 11:05:12,902 DEBUG [AWT-EventQueue-0] stencyl.sw.editors.scene.Designer: Brush Changed
2016-01-20 11:05:12,972 DEBUG [AWT-EventQueue-0] stencyl.sw.editors.scene.Designer: Brush Changed
2016-01-20 11:05:12,972 DEBUG [AWT-EventQueue-0] stencyl.sw.editors.scene.Designer: Brush Changed
2016-01-20 11:05:18,073 DEBUG [AWT-EventQueue-0] stencyl.sw.app.App: Action: Close
2016-01-20 11:05:18,229 DEBUG [AWT-EventQueue-0] stencyl.sw.editors.scene.SceneRenderer: Saving thumbnail: C:\Users\EConway6922\Documents\stencylworks\games\Dreams\scenes\4.png
2016-01-20 11:05:18,292 DEBUG [AWT-EventQueue-0] stencyl.sw.io.write.resource.SceneWriter: Writing terrain.
2016-01-20 11:05:18,292 DEBUG [AWT-EventQueue-0] stencyl.thirdparty.org.phys2d.Combiner: Num Tiles: 0
2016-01-20 11:05:18,307 DEBUG [AWT-EventQueue-0] stencyl.thirdparty.org.phys2d.Combiner: Coverage: 0.0%
2016-01-20 11:05:18,307 DEBUG [AWT-EventQueue-0] stencyl.thirdparty.org.phys2d.Combiner: Segments: (1,1)
2016-01-20 11:05:18,307 DEBUG [AWT-EventQueue-0] stencyl.thirdparty.org.phys2d.Combiner: Using Pairwise
2016-01-20 11:05:18,307 DEBUG [AWT-EventQueue-0] stencyl.thirdparty.org.phys2d.Combiner: Combine took: 15ms
2016-01-20 11:05:18,307 DEBUG [AWT-EventQueue-0] stencyl.sw.io.write.resource.SceneWriter: Terrain processing took: 0ms
2016-01-20 11:05:18,338 DEBUG [AWT-EventQueue-0] stencyl.core.lib.io.read.SceneReader: Reading header for Scene: 4 (Level 2) from: scenes\4.xml
2016-01-20 11:05:18,370 INFO  [pool-1-thread-1] stencyl.sw.io.write.MasterWriter: Saving game in place.
2016-01-20 11:05:18,401 DEBUG [pool-1-thread-1] stencyl.sw.util.FileHelper: Saving backup file C:\Users\EConway6922\Documents\stencylworks\games\Dreams\game.xml.bak.
2016-01-20 11:05:21,490 DEBUG [pool-1-thread-1] stencyl.sw.io.write.MasterWriter: Writing out local resources.
2016-01-20 11:05:21,505 DEBUG [pool-1-thread-1] stencyl.sw.util.FileHelper: Saving backup file C:\Users\EConway6922\Documents\stencylworks\games\Dreams\resources\data.xml.bak.
2016-01-20 11:05:21,505 DEBUG [pool-1-thread-1] stencyl.sw.io.write.resource.SpriteWriter: Mark actor's sprite as clean (disk).
2016-01-20 11:05:21,505 DEBUG [pool-1-thread-1] stencyl.sw.io.write.resource.TilesetWriter: Mark tileset as clean (disk).
2016-01-20 11:05:21,505 DEBUG [pool-1-thread-1] stencyl.sw.io.write.resource.SpriteWriter: Mark actor's sprite as clean (disk).
2016-01-20 11:05:21,505 DEBUG [pool-1-thread-1] stencyl.sw.io.write.resource.FontWriter: Mark font as clean (disk).
2016-01-20 11:05:21,505 DEBUG [pool-1-thread-1] stencyl.sw.io.write.resource.SpriteWriter: Mark actor's sprite as clean (disk).
2016-01-20 11:05:21,505 DEBUG [pool-1-thread-1] stencyl.sw.io.write.resource.TilesetWriter: Mark tileset as clean (disk).
2016-01-20 11:05:21,505 DEBUG [pool-1-thread-1] stencyl.sw.io.write.resource.SpriteWriter: Mark actor's sprite as clean (disk).
2016-01-20 11:05:21,505 DEBUG [pool-1-thread-1] stencyl.sw.io.write.resource.BackgroundWriter: Skip writing out Background.
2016-01-20 11:05:21,505 DEBUG [pool-1-thread-1] stencyl.sw.io.write.resource.BackgroundWriter: Mark background as clean (disk).
2016-01-20 11:05:21,505 DEBUG [pool-1-thread-1] stencyl.sw.io.write.resource.SpriteWriter: Mark actor's sprite as clean (disk).
2016-01-20 11:05:21,505 DEBUG [pool-1-thread-1] stencyl.sw.io.write.resource.TilesetWriter: Mark tileset as clean (disk).
2016-01-20 11:05:21,521 DEBUG [pool-1-thread-1] stencyl.sw.io.write.MasterWriter: Writing out scenes.
2016-01-20 11:05:21,536 DEBUG [pool-1-thread-1] stencyl.sw.editors.scene.SceneRenderer: Saving thumbnail: C:\Users\EConway6922\Documents\stencylworks\games\Dreams\scenes\4.png
2016-01-20 11:05:21,552 DEBUG [pool-1-thread-1] stencyl.sw.io.write.resource.SceneWriter: Writing terrain.
2016-01-20 11:05:21,552 DEBUG [pool-1-thread-1] stencyl.thirdparty.org.phys2d.Combiner: Num Tiles: 0
2016-01-20 11:05:21,552 DEBUG [pool-1-thread-1] stencyl.thirdparty.org.phys2d.Combiner: Coverage: 0.0%
2016-01-20 11:05:21,552 DEBUG [pool-1-thread-1] stencyl.thirdparty.org.phys2d.Combiner: Segments: (1,1)
2016-01-20 11:05:21,552 DEBUG [pool-1-thread-1] stencyl.thirdparty.org.phys2d.Combiner: Using Pairwise
2016-01-20 11:05:21,552 DEBUG [pool-1-thread-1] stencyl.thirdparty.org.phys2d.Combiner: Combine took: 0ms
2016-01-20 11:05:21,552 DEBUG [pool-1-thread-1] stencyl.sw.io.write.resource.SceneWriter: Terrain processing took: 0ms
2016-01-20 11:05:21,552 DEBUG [pool-1-thread-1] stencyl.core.lib.io.read.SceneReader: Reading header for Scene: 4 (Level 2) from: scenes\4.xml
2016-01-20 11:05:21,568 DEBUG [pool-1-thread-1] stencyl.sw.io.write.resource.ScenesWriter: Writing out Scene Level 2
2016-01-20 11:05:21,568 DEBUG [pool-1-thread-1] stencyl.sw.io.write.MasterWriter: Copying over snippets.
2016-01-20 11:05:21,568 DEBUG [pool-1-thread-1] stencyl.sw.util.FileHelper: Saving backup file C:\Users\EConway6922\Documents\stencylworks\games\Dreams\snippets\list.xml.bak.
2016-01-20 11:05:21,677 DEBUG [pool-1-thread-1] stencyl.sw.io.write.resource.SnippetsWriter: Copy from opened to disk: SceneEvents_4
2016-01-20 11:05:21,677 DEBUG [pool-1-thread-1] stencyl.sw.util.FileHelper: Deleting: C:\Users\EConway6922\Documents\stencylworks\games\Dreams\behavior-hx\SceneEvents_4.hx
2016-01-20 11:05:21,677 DEBUG [pool-1-thread-1] stencyl.sw.io.write.resource.SnippetsWriter: Copied to: C:\Users\EConway6922\Documents\stencylworks\games\Dreams\snippets\SceneEvents_4.design
2016-01-20 11:05:21,724 DEBUG [pool-1-thread-1] stencyl.sw.io.write.MasterWriter: Saving block favorites.
2016-01-20 11:05:21,724 INFO  [pool-1-thread-1] stencyl.sw.io.write.MasterWriter: Done writing game.
2016-01-20 11:05:21,770 DEBUG [AWT-EventQueue-0] stencyl.sw.app.doc.Workspace: Activated: Dashboard
2016-01-20 11:05:21,770 DEBUG [AWT-EventQueue-0] stencyl.sw.app.doc.Workspace: Closed Document: Level 24
2016-01-20 11:05:24,828 INFO  [AWT-EventQueue-0] stencyl.sw.app.App: Attempting to quit out of Stencyl.
2016-01-20 11:05:26,840 INFO  [pool-1-thread-1] stencyl.sw.io.write.MasterWriter: Saving game in place.
2016-01-20 11:05:26,903 DEBUG [pool-1-thread-1] stencyl.sw.util.FileHelper: Saving backup file C:\Users\EConway6922\Documents\stencylworks\games\Dreams\game.xml.bak.
2016-01-20 11:05:30,335 DEBUG [pool-1-thread-1] stencyl.sw.io.write.MasterWriter: Writing out local resources.
2016-01-20 11:05:30,335 DEBUG [pool-1-thread-1] stencyl.sw.util.FileHelper: Saving backup file C:\Users\EConway6922\Documents\stencylworks\games\Dreams\resources\data.xml.bak.
2016-01-20 11:05:30,335 DEBUG [pool-1-thread-1] stencyl.sw.io.write.resource.SpriteWriter: Mark actor's sprite as clean (disk).
2016-01-20 11:05:30,335 DEBUG [pool-1-thread-1] stencyl.sw.io.write.resource.TilesetWriter: Mark tileset as clean (disk).
2016-01-20 11:05:30,335 DEBUG [pool-1-thread-1] stencyl.sw.io.write.resource.SpriteWriter: Mark actor's sprite as clean (disk).
2016-01-20 11:05:30,335 DEBUG [pool-1-thread-1] stencyl.sw.io.write.resource.FontWriter: Mark font as clean (disk).
2016-01-20 11:05:30,335 DEBUG [pool-1-thread-1] stencyl.sw.io.write.resource.SpriteWriter: Mark actor's sprite as clean (disk).
2016-01-20 11:05:30,335 DEBUG [pool-1-thread-1] stencyl.sw.io.write.resource.TilesetWriter: Mark tileset as clean (disk).
2016-01-20 11:05:30,335 DEBUG [pool-1-thread-1] stencyl.sw.io.write.resource.SpriteWriter: Mark actor's sprite as clean (disk).
2016-01-20 11:05:30,335 DEBUG [pool-1-thread-1] stencyl.sw.io.write.resource.BackgroundWriter: Skip writing out Background.
2016-01-20 11:05:30,335 DEBUG [pool-1-thread-1] stencyl.sw.io.write.resource.BackgroundWriter: Mark background as clean (disk).
2016-01-20 11:05:30,335 DEBUG [pool-1-thread-1] stencyl.sw.io.write.resource.SpriteWriter: Mark actor's sprite as clean (disk).
2016-01-20 11:05:30,335 DEBUG [pool-1-thread-1] stencyl.sw.io.write.resource.TilesetWriter: Mark tileset as clean (disk).
2016-01-20 11:05:30,381 DEBUG [pool-1-thread-1] stencyl.sw.io.write.MasterWriter: Writing out scenes.
2016-01-20 11:05:30,397 DEBUG [pool-1-thread-1] stencyl.sw.io.write.MasterWriter: Copying over snippets.
2016-01-20 11:05:30,397 DEBUG [pool-1-thread-1] stencyl.sw.util.FileHelper: Saving backup file C:\Users\EConway6922\Documents\stencylworks\games\Dreams\snippets\list.xml.bak.
2016-01-20 11:05:30,569 DEBUG [pool-1-thread-1] stencyl.sw.io.write.MasterWriter: Saving block favorites.
2016-01-20 11:05:30,569 INFO  [pool-1-thread-1] stencyl.sw.io.write.MasterWriter: Done writing game.
2016-01-20 11:05:30,615 DEBUG [AWT-EventQueue-0] stencyl.sw.util.Util: Running command: [taskkill, /im, neko.exe, /f]
2016-01-20 11:05:30,709 DEBUG [Thread-7] stencyl.sw.util.StreamGobbler: [taskkill] ERROR: The process "neko.exe" not found.
2016-01-20 11:05:30,709 DEBUG [AWT-EventQueue-0] stencyl.sw.util.Util: Process 'taskkill' exited with code: 128
2016-01-20 11:05:30,709 DEBUG [AWT-EventQueue-0] stencyl.sw.util.Util: Running command: [taskkill, /im, adb.exe, /f]
2016-01-20 11:05:30,834 DEBUG [Thread-8] stencyl.sw.util.StreamGobbler: [taskkill] ERROR: The process "adb.exe" not found.
2016-01-20 11:05:30,834 DEBUG [AWT-EventQueue-0] stencyl.sw.util.Util: Process 'taskkill' exited with code: 128
2016-01-20 11:05:30,834 DEBUG [AWT-EventQueue-0] stencyl.sw.util.Util: Running command: [taskkill, /im, arm-linux-androideabi-g++.exe, /f]
2016-01-20 11:05:31,021 DEBUG [Thread-9] stencyl.sw.util.StreamGobbler: [taskkill] ERROR: The process "arm-linux-androideabi-g++.exe" not found.
2016-01-20 11:05:31,037 DEBUG [AWT-EventQueue-0] stencyl.sw.util.Util: Process 'taskkill' exited with code: 128
2016-01-20 11:05:31,037 DEBUG [AWT-EventQueue-0] stencyl.sw.util.Util: Running command: [taskkill, /im, cc1plus.exe, /f]
2016-01-20 11:05:31,224 DEBUG [Thread-10] stencyl.sw.util.StreamGobbler: [taskkill] ERROR: The process "cc1plus.exe" not found.
2016-01-20 11:05:31,239 DEBUG [AWT-EventQueue-0] stencyl.sw.util.Util: Process 'taskkill' exited with code: 128
2016-01-20 11:05:31,239 DEBUG [AWT-EventQueue-0] stencyl.sw.util.Util: Running command: [taskkill, /im, tail.exe, /f]
2016-01-20 11:05:31,442 DEBUG [Thread-11] stencyl.sw.util.StreamGobbler: [taskkill] ERROR: The process "tail.exe" not found.
2016-01-20 11:05:31,458 DEBUG [AWT-EventQueue-0] stencyl.sw.util.Util: Process 'taskkill' exited with code: 128
2016-01-20 11:05:31,458 DEBUG [AWT-EventQueue-0] stencyl.sw.util.Util: Running command: [taskkill, /im, ios-sim.exe, /f]
2016-01-20 11:05:31,645 DEBUG [Thread-12] stencyl.sw.util.StreamGobbler: [taskkill] ERROR: The process "ios-sim.exe" not found.
2016-01-20 11:05:31,645 DEBUG [AWT-EventQueue-0] stencyl.sw.util.Util: Process 'taskkill' exited with code: 128
2016-01-20 11:05:31,645 DEBUG [AWT-EventQueue-0] stencyl.sw.app.App: Destroying extensions.
2016-01-20 11:05:31,645 DEBUG [AWT-EventQueue-0] stencyl.sw.app.App: Performing final close.
2016-01-20 11:05:31,661 INFO  [AWT-EventQueue-0] stencyl.sw.app.App: Exiting...
2016-01-20 11:05:31,661 DEBUG [AWT-EventQueue-0] stencyl.sw.app.App: Destroying Temporary Sandbox.
2016-01-20 11:05:31,661 DEBUG [AWT-EventQueue-0] stencyl.sw.util.FileHelper: Deleting: C:\Users\EConway6922\AppData\Local\Temp\stencyl5437501259424158546
