2016-01-16 12:13:17,515 INFO  [main] stencyl.sw.Session: Logfile: C:\Users\EConway6922\Documents\stencylworks\logs\2016-01-16_12-13-17.log
2016-01-16 12:13:17,528 INFO  [main] stencyl.sw.Session: OS Name: Windows 7
2016-01-16 12:13:17,528 INFO  [main] stencyl.sw.Session: OS Version: 6.1 (64-bit)
2016-01-16 12:13:17,529 INFO  [main] stencyl.sw.Session: Java Version: 1.8.0_60
2016-01-16 12:13:17,530 INFO  [main] stencyl.sw.Session: Stencyl Version: 3.3.2 (b8734)
2016-01-16 12:13:17,532 INFO  [main] stencyl.sw.Session: Stencyl Workspace: C:\Users\EConway6922\Documents\
2016-01-16 12:13:17,532 INFO  [main] stencyl.sw.Session: User Working Directory: C:\Users\EConway6922\Downloads\Stencyl
2016-01-16 12:13:17,533 INFO  [main] stencyl.sw.Session: User Home Directory: C:\Users\EConway6922
2016-01-16 12:13:17,534 INFO  [main] stencyl.sw.Session: System Path: C:\ProgramData\Oracle\Java\javapath;C:\Program Files (x86)\Intel\iCLS Client\;C:\Program Files\Intel\iCLS Client\;C:\WINDOWS\system32;C:\WINDOWS;C:\WINDOWS\System32\Wbem;C:\WINDOWS\System32\WindowsPowerShell\v1.0\;C:\WINDOWS\CCM;C:\WINDOWS\CCM;C:\Program Files (x86)\QuickTime\QTSystem\;C:\Program Files\Intel\Intel(R) Management Engine Components\DAL;C:\Program Files\Intel\Intel(R) Management Engine Components\IPT;C:\Program Files (x86)\Intel\Intel(R) Management Engine Components\DAL;C:\Program Files (x86)\Intel\Intel(R) Management Engine Components\IPT;C:\Users\EConway6922\Downloads\Stencyl\runtimes\jre-win\bin
2016-01-16 12:13:17,688 DEBUG [main] stencyl.sw.util.FileHelper: Deleting: C:\Users\ECONWA~1\AppData\Local\Temp\stencyl6312045455883712373
2016-01-16 12:13:17,691 DEBUG [main] stencyl.sw.loc.LanguagePack: Reading... lang\en\global-phrases.lang
2016-01-16 12:13:17,698 DEBUG [main] stencyl.sw.loc.LanguagePack: Reading... lang\en\global-errors.lang
2016-01-16 12:13:17,700 DEBUG [main] stencyl.sw.loc.LanguagePack: Reading... lang\en\global-menu.lang
2016-01-16 12:13:17,704 DEBUG [main] stencyl.sw.loc.LanguagePack: Reading... lang\en\global-welcome.lang
2016-01-16 12:13:17,706 DEBUG [main] stencyl.sw.loc.LanguagePack: Reading... lang\en\global-dashboard.lang
2016-01-16 12:13:17,710 DEBUG [main] stencyl.sw.loc.LanguagePack: Reading... lang\en\global-publish.lang
2016-01-16 12:13:17,712 DEBUG [main] stencyl.sw.loc.LanguagePack: Reading... lang\en\global-updater.lang
2016-01-16 12:13:17,713 DEBUG [main] stencyl.sw.loc.LanguagePack: Reading... lang\en\global-chat.lang
2016-01-16 12:13:17,714 DEBUG [main] stencyl.sw.loc.LanguagePack: Reading... lang\en\global-misc.lang
2016-01-16 12:13:17,717 DEBUG [main] stencyl.sw.loc.LanguagePack: Reading... lang\en\global-forge.lang
2016-01-16 12:13:17,719 DEBUG [main] stencyl.sw.loc.LanguagePack: Reading... lang\en\global-prefs.lang
2016-01-16 12:13:17,720 DEBUG [main] stencyl.sw.loc.LanguagePack: Reading... lang\en\global-creategame.lang
2016-01-16 12:13:17,721 DEBUG [main] stencyl.sw.loc.LanguagePack: Reading... lang\en\behavior-main.lang
2016-01-16 12:13:17,723 DEBUG [main] stencyl.sw.loc.LanguagePack: Reading... lang\en\behavior-blocks.lang
2016-01-16 12:13:17,754 DEBUG [main] stencyl.sw.loc.LanguagePack: Reading... lang\en\behavior-blockhelp.lang
2016-01-16 12:13:17,759 DEBUG [main] stencyl.sw.loc.LanguagePack: Reading... lang\en\behavior-events.lang
2016-01-16 12:13:17,760 DEBUG [main] stencyl.sw.loc.LanguagePack: Reading... lang\en\behavior-code.lang
2016-01-16 12:13:17,761 DEBUG [main] stencyl.sw.loc.LanguagePack: Reading... lang\en\behavior-attributes.lang
2016-01-16 12:13:17,762 DEBUG [main] stencyl.sw.loc.LanguagePack: Reading... lang\en\behavior-create.lang
2016-01-16 12:13:17,763 DEBUG [main] stencyl.sw.loc.LanguagePack: Reading... lang\en\behavior-byob.lang
2016-01-16 12:13:17,763 DEBUG [main] stencyl.sw.loc.LanguagePack: Reading... lang\en\editor-actor-main.lang
2016-01-16 12:13:17,764 DEBUG [main] stencyl.sw.loc.LanguagePack: Reading... lang\en\editor-actor-physics.lang
2016-01-16 12:13:17,765 DEBUG [main] stencyl.sw.loc.LanguagePack: Reading... lang\en\editor-background.lang
2016-01-16 12:13:17,766 DEBUG [main] stencyl.sw.loc.LanguagePack: Reading... lang\en\editor-behaviorchooser.lang
2016-01-16 12:13:17,766 DEBUG [main] stencyl.sw.loc.LanguagePack: Reading... lang\en\editor-desktop.lang
2016-01-16 12:13:17,767 DEBUG [main] stencyl.sw.loc.LanguagePack: Reading... lang\en\editor-font.lang
2016-01-16 12:13:17,768 DEBUG [main] stencyl.sw.loc.LanguagePack: Reading... lang\en\editor-sound.lang
2016-01-16 12:13:17,769 DEBUG [main] stencyl.sw.loc.LanguagePack: Reading... lang\en\editor-tileset.lang
2016-01-16 12:13:17,769 DEBUG [main] stencyl.sw.loc.LanguagePack: Reading... lang\en\editor-preloader.lang
2016-01-16 12:13:17,770 DEBUG [main] stencyl.sw.loc.LanguagePack: Reading... lang\en\editor-mobile.lang
2016-01-16 12:13:17,771 DEBUG [main] stencyl.sw.loc.LanguagePack: Reading... lang\en\editor-groups.lang
2016-01-16 12:13:17,772 DEBUG [main] stencyl.sw.loc.LanguagePack: Reading... lang\en\editor-attributes.lang
2016-01-16 12:13:17,773 DEBUG [main] stencyl.sw.loc.LanguagePack: Reading... lang\en\editor-input.lang
2016-01-16 12:13:17,773 DEBUG [main] stencyl.sw.loc.LanguagePack: Reading... lang\en\editor-animation.lang
2016-01-16 12:13:17,774 DEBUG [main] stencyl.sw.loc.LanguagePack: Reading... lang\en\editor-scene-main.lang
2016-01-16 12:13:17,776 DEBUG [main] stencyl.sw.loc.LanguagePack: Reading... lang\en\editor-scene-create.lang
2016-01-16 12:13:17,776 DEBUG [main] stencyl.sw.loc.LanguagePack: Reading... lang\en\editor-scene-tools.lang
2016-01-16 12:13:17,777 DEBUG [main] stencyl.sw.loc.LanguagePack: Reading... lang\en\global-phrases.lang
2016-01-16 12:13:17,778 DEBUG [main] stencyl.sw.loc.LanguagePack: Reading... lang\en\global-errors.lang
2016-01-16 12:13:17,779 DEBUG [main] stencyl.sw.loc.LanguagePack: Reading... lang\en\global-menu.lang
2016-01-16 12:13:17,780 DEBUG [main] stencyl.sw.loc.LanguagePack: Reading... lang\en\global-welcome.lang
2016-01-16 12:13:17,781 DEBUG [main] stencyl.sw.loc.LanguagePack: Reading... lang\en\global-dashboard.lang
2016-01-16 12:13:17,782 DEBUG [main] stencyl.sw.loc.LanguagePack: Reading... lang\en\global-publish.lang
2016-01-16 12:13:17,783 DEBUG [main] stencyl.sw.loc.LanguagePack: Reading... lang\en\global-updater.lang
2016-01-16 12:13:17,783 DEBUG [main] stencyl.sw.loc.LanguagePack: Reading... lang\en\global-chat.lang
2016-01-16 12:13:17,784 DEBUG [main] stencyl.sw.loc.LanguagePack: Reading... lang\en\global-misc.lang
2016-01-16 12:13:17,785 DEBUG [main] stencyl.sw.loc.LanguagePack: Reading... lang\en\global-forge.lang
2016-01-16 12:13:17,786 DEBUG [main] stencyl.sw.loc.LanguagePack: Reading... lang\en\global-prefs.lang
2016-01-16 12:13:17,787 DEBUG [main] stencyl.sw.loc.LanguagePack: Reading... lang\en\global-creategame.lang
2016-01-16 12:13:17,787 DEBUG [main] stencyl.sw.loc.LanguagePack: Reading... lang\en\behavior-main.lang
2016-01-16 12:13:17,788 DEBUG [main] stencyl.sw.loc.LanguagePack: Reading... lang\en\behavior-blocks.lang
2016-01-16 12:13:17,793 DEBUG [main] stencyl.sw.loc.LanguagePack: Reading... lang\en\behavior-blockhelp.lang
2016-01-16 12:13:17,796 DEBUG [main] stencyl.sw.loc.LanguagePack: Reading... lang\en\behavior-events.lang
2016-01-16 12:13:17,797 DEBUG [main] stencyl.sw.loc.LanguagePack: Reading... lang\en\behavior-code.lang
2016-01-16 12:13:17,798 DEBUG [main] stencyl.sw.loc.LanguagePack: Reading... lang\en\behavior-attributes.lang
2016-01-16 12:13:17,798 DEBUG [main] stencyl.sw.loc.LanguagePack: Reading... lang\en\behavior-create.lang
2016-01-16 12:13:17,799 DEBUG [main] stencyl.sw.loc.LanguagePack: Reading... lang\en\behavior-byob.lang
2016-01-16 12:13:17,800 DEBUG [main] stencyl.sw.loc.LanguagePack: Reading... lang\en\editor-actor-main.lang
2016-01-16 12:13:17,800 DEBUG [main] stencyl.sw.loc.LanguagePack: Reading... lang\en\editor-actor-physics.lang
2016-01-16 12:13:17,801 DEBUG [main] stencyl.sw.loc.LanguagePack: Reading... lang\en\editor-background.lang
2016-01-16 12:13:17,802 DEBUG [main] stencyl.sw.loc.LanguagePack: Reading... lang\en\editor-behaviorchooser.lang
2016-01-16 12:13:17,802 DEBUG [main] stencyl.sw.loc.LanguagePack: Reading... lang\en\editor-desktop.lang
2016-01-16 12:13:17,803 DEBUG [main] stencyl.sw.loc.LanguagePack: Reading... lang\en\editor-font.lang
2016-01-16 12:13:17,804 DEBUG [main] stencyl.sw.loc.LanguagePack: Reading... lang\en\editor-sound.lang
2016-01-16 12:13:17,804 DEBUG [main] stencyl.sw.loc.LanguagePack: Reading... lang\en\editor-tileset.lang
2016-01-16 12:13:17,805 DEBUG [main] stencyl.sw.loc.LanguagePack: Reading... lang\en\editor-preloader.lang
2016-01-16 12:13:17,806 DEBUG [main] stencyl.sw.loc.LanguagePack: Reading... lang\en\editor-mobile.lang
2016-01-16 12:13:17,807 DEBUG [main] stencyl.sw.loc.LanguagePack: Reading... lang\en\editor-groups.lang
2016-01-16 12:13:17,808 DEBUG [main] stencyl.sw.loc.LanguagePack: Reading... lang\en\editor-attributes.lang
2016-01-16 12:13:17,809 DEBUG [main] stencyl.sw.loc.LanguagePack: Reading... lang\en\editor-input.lang
2016-01-16 12:13:17,810 DEBUG [main] stencyl.sw.loc.LanguagePack: Reading... lang\en\editor-animation.lang
2016-01-16 12:13:17,811 DEBUG [main] stencyl.sw.loc.LanguagePack: Reading... lang\en\editor-scene-main.lang
2016-01-16 12:13:17,812 DEBUG [main] stencyl.sw.loc.LanguagePack: Reading... lang\en\editor-scene-create.lang
2016-01-16 12:13:17,813 DEBUG [main] stencyl.sw.loc.LanguagePack: Reading... lang\en\editor-scene-tools.lang
2016-01-16 12:13:17,815 INFO  [AWT-EventQueue-0] stencyl.sw.SW: Initializing Stencyl.
2016-01-16 12:13:17,823 DEBUG [AWT-EventQueue-0] stencyl.sw.Splash: Set Splash message: Look
2016-01-16 12:13:19,036 INFO  [AWT-EventQueue-0] stencyl.sw.ext.ExtensionDependencyManager: Haxelib actuate 1.6.5
2016-01-16 12:13:19,039 INFO  [AWT-EventQueue-0] stencyl.sw.ext.ExtensionDependencyManager: Haxelib box2d 1.11.0
2016-01-16 12:13:19,041 INFO  [AWT-EventQueue-0] stencyl.sw.ext.ExtensionDependencyManager: Haxelib box2d-fake 1.11.0
2016-01-16 12:13:19,043 INFO  [AWT-EventQueue-0] stencyl.sw.ext.ExtensionDependencyManager: Haxelib console 1.0.0
2016-01-16 12:13:19,044 INFO  [AWT-EventQueue-0] stencyl.sw.ext.ExtensionDependencyManager: Haxelib format 3.1.2
2016-01-16 12:13:19,046 INFO  [AWT-EventQueue-0] stencyl.sw.ext.ExtensionDependencyManager: Haxelib hxcpp 3.2.0
2016-01-16 12:13:19,047 INFO  [AWT-EventQueue-0] stencyl.sw.ext.ExtensionDependencyManager: Haxelib hxtelemetry 0.3.1
2016-01-16 12:13:19,049 INFO  [AWT-EventQueue-0] stencyl.sw.ext.ExtensionDependencyManager: Haxelib layout 1.1.0
2016-01-16 12:13:19,050 INFO  [AWT-EventQueue-0] stencyl.sw.ext.ExtensionDependencyManager: Haxelib lime 2.6.8
2016-01-16 12:13:19,052 INFO  [AWT-EventQueue-0] stencyl.sw.ext.ExtensionDependencyManager: Haxelib openfl 3.3.8
2016-01-16 12:13:19,053 INFO  [AWT-EventQueue-0] stencyl.sw.ext.ExtensionDependencyManager: Haxelib polygonal-ds 1.4.1
2016-01-16 12:13:19,054 INFO  [AWT-EventQueue-0] stencyl.sw.ext.ExtensionDependencyManager: Haxelib polygonal-printf 1.0.0.beta
2016-01-16 12:13:19,057 INFO  [AWT-EventQueue-0] stencyl.sw.ext.ExtensionDependencyManager: Haxelib stencyl 1.0.0
2016-01-16 12:13:19,058 INFO  [AWT-EventQueue-0] stencyl.sw.ext.ExtensionDependencyManager: Haxelib stencyl-cppia 1.0.0
2016-01-16 12:13:19,059 INFO  [AWT-EventQueue-0] stencyl.sw.ext.ExtensionDependencyManager: Haxelib svg 1.0.8
2016-01-16 12:13:19,061 INFO  [AWT-EventQueue-0] stencyl.sw.ext.ExtensionDependencyManager: Haxelib swf 1.7.4
2016-01-16 12:13:19,063 INFO  [AWT-EventQueue-0] stencyl.sw.ext.ExtensionDependencyManager: Haxelib tilelayer 0.2.1
2016-01-16 12:13:19,076 DEBUG [AWT-EventQueue-0] stencyl.sw.util.FileHelper: Matching (non-hidden) files within C:\Users\EConway6922\Documents\stencylworks\extensions: []
2016-01-16 12:13:19,077 DEBUG [AWT-EventQueue-0] stencyl.sw.util.FileHelper: Matching (non-hidden) files within C:\Users\EConway6922\Documents\stencylworks\extensions: []
2016-01-16 12:13:19,077 DEBUG [AWT-EventQueue-0] stencyl.sw.editors.game.advanced.EngineExtensionManager: Loading engine extensions...
2016-01-16 12:13:19,078 DEBUG [AWT-EventQueue-0] stencyl.sw.util.FileHelper: Directories within C:\Users\EConway6922\Documents\stencylworks\engine-extensions: []
2016-01-16 12:13:19,078 INFO  [AWT-EventQueue-0] stencyl.sw.editors.game.advanced.EngineExtensionManager: Engine Extensions: []
2016-01-16 12:13:19,079 WARN  [AWT-EventQueue-0] stencyl.sw.app.ExtensionManager: Couldn't load extension settings.
2016-01-16 12:13:19,086 INFO  [AWT-EventQueue-0] stencyl.sw.app.ExtensionManager: Toolset Extensions: []
2016-01-16 12:13:19,423 DEBUG [AWT-EventQueue-0] stencyl.sw.app.doc.Workspace: Activated: Welcome Center
2016-01-16 12:13:19,429 DEBUG [AWT-EventQueue-0] stencyl.sw.app.App: Non-silent Authentication.
2016-01-16 12:13:19,444 DEBUG [AWT-EventQueue-0] stencyl.sw.Splash: Dispose Splash
2016-01-16 12:13:19,536 DEBUG [pool-1-thread-1] stencyl.sw.app.tasks.AuthenticateTask: Response: guest
2016-01-16 12:13:19,537 INFO  [pool-1-thread-1] stencyl.sw.app.tasks.AuthenticateTask: Could not log in. Check your login credentials.
2016-01-16 12:13:22,989 DEBUG [AWT-EventQueue-0] stencyl.sw.util.FileHelper: Deleting: C:\Users\EConway6922\AppData\Local\Temp\stencyl6312045455883712373\sandbox\test\temp
2016-01-16 12:13:22,994 DEBUG [AWT-EventQueue-0] stencyl.sw.util.FileHelper: Deleting: C:\Users\EConway6922\Documents\stencylworks\preview\scripts
2016-01-16 12:13:23,011 DEBUG [AWT-EventQueue-0] stencyl.sw.util.FileHelper: Deleting: C:\Users\EConway6922\Documents\stencylworks\preview\game
2016-01-16 12:13:23,018 INFO  [AWT-EventQueue-0] stencyl.sw.app.tasks.OpenGameTask: Opening game: Dreams
2016-01-16 12:13:23,110 DEBUG [pool-1-thread-1] stencyl.core.lib.Game: Loading scene-specific snippet. SceneID: 0
2016-01-16 12:13:23,158 DEBUG [pool-1-thread-1] stencyl.core.lib.ResourceList: Initializing... 0 : Player 1
2016-01-16 12:13:23,166 DEBUG [pool-1-thread-1] stencyl.core.lib.ResourceList: Initializing... 1 : Player 1
2016-01-16 12:13:23,332 DEBUG [AWT-EventQueue-0] stencyl.core.lib.io.read.SceneReader: Reading header for Scene: 0 (TEST) from: scenes\0.xml
2016-01-16 12:13:23,356 DEBUG [AWT-EventQueue-0] stencyl.core.lib.io.read.SceneReader: Reading header for Scene: 0 (TEST) from: scenes\0.xml
2016-01-16 12:13:23,566 DEBUG [AWT-EventQueue-0] stencyl.sw.app.doc.Workspace: Activated: Dashboard
2016-01-16 12:13:23,568 DEBUG [AWT-EventQueue-0] stencyl.sw.util.FileHelper: Trying to delete file that does not exist: C:\Users\EConway6922\AppData\Local\Temp\stencyl6312045455883712373\sandbox\build\code
2016-01-16 12:13:23,570 DEBUG [AWT-EventQueue-0] stencyl.sw.util.FileHelper: Deleting: C:\Users\EConway6922\AppData\Local\Temp\stencyl6312045455883712373\sandbox\test\temp
2016-01-16 12:13:23,579 DEBUG [AWT-EventQueue-0] stencyl.core.lib.io.read.SceneReader: Reading header for Scene: 0 (TEST) from: scenes\0.xml
2016-01-16 12:13:23,698 DEBUG [AWT-EventQueue-0] stencyl.sw.app.tasks.OpenGameTask: Took 680ms
2016-01-16 12:13:24,020 DEBUG [AWT-EventQueue-0] stencyl.sw.editors.game.cgroups.CollisionGroupTree: Loading actor group into tree: Actors
2016-01-16 12:13:24,046 DEBUG [AWT-EventQueue-0] stencyl.sw.editors.game.cgroups.CollisionGroupTree: Loading actor group into tree: Doodads
2016-01-16 12:13:24,079 DEBUG [AWT-EventQueue-0] stencyl.sw.editors.game.cgroups.CollisionGroupTree: Loading actor group into tree: Players
2016-01-16 12:13:24,090 DEBUG [AWT-EventQueue-0] stencyl.sw.editors.game.cgroups.CollisionGroupTree: Loading actor group into tree: Regions
2016-01-16 12:13:24,104 DEBUG [AWT-EventQueue-0] stencyl.sw.editors.game.cgroups.CollisionGroupTree: Loading actor group into tree: Tiles
2016-01-16 12:13:25,468 DEBUG [AWT-EventQueue-0] stencyl.core.lib.Atlas: Getting memory for atlas 0
2016-01-16 12:13:25,468 DEBUG [AWT-EventQueue-0] stencyl.core.lib.Atlas: Added resource 'Player 1' to atlas 0
2016-01-16 12:13:25,477 DEBUG [AWT-EventQueue-0] stencyl.core.lib.Atlas: Getting memory for atlas 1
2016-01-16 12:13:25,485 DEBUG [AWT-EventQueue-0] stencyl.core.lib.Atlas: Getting memory for atlas 2
2016-01-16 12:13:25,490 DEBUG [AWT-EventQueue-0] stencyl.core.lib.Atlas: Getting memory for atlas 3
2016-01-16 12:13:25,530 DEBUG [AWT-EventQueue-0] stencyl.core.lib.io.read.SceneReader: Reading header for Scene: 0 (TEST) from: scenes\0.xml
2016-01-16 12:24:15,190 DEBUG [AWT-EventQueue-0] stencyl.sw.SW: Frame was maximized
2016-01-16 12:25:32,376 DEBUG [AWT-EventQueue-0] stencyl.sw.SW: Frame was maximized
2016-01-16 12:26:02,817 DEBUG [AWT-EventQueue-0] stencyl.sw.SW: Frame was maximized
2016-01-16 12:26:23,162 DEBUG [AWT-EventQueue-0] stencyl.sw.SW: Frame was maximized
2016-01-16 12:28:24,809 INFO  [AWT-EventQueue-0] stencyl.sw.app.App: Attempting to quit out of Stencyl.
2016-01-16 12:28:26,989 INFO  [pool-1-thread-2] stencyl.sw.io.write.MasterWriter: Saving game in place.
2016-01-16 12:28:27,036 DEBUG [pool-1-thread-2] stencyl.sw.util.FileHelper: Saving backup file C:\Users\EConway6922\Documents\stencylworks\games\Dreams\game.xml.bak.
2016-01-16 12:28:31,144 DEBUG [pool-1-thread-2] stencyl.sw.io.write.MasterWriter: Writing out local resources.
2016-01-16 12:28:31,155 DEBUG [pool-1-thread-2] stencyl.sw.util.FileHelper: Saving backup file C:\Users\EConway6922\Documents\stencylworks\games\Dreams\resources\data.xml.bak.
2016-01-16 12:28:31,164 DEBUG [pool-1-thread-2] stencyl.sw.io.write.resource.SpriteWriter: Mark actor's sprite as clean (disk).
2016-01-16 12:28:31,168 DEBUG [pool-1-thread-2] stencyl.sw.io.write.MasterWriter: Writing out scenes.
2016-01-16 12:28:31,173 DEBUG [pool-1-thread-2] stencyl.sw.io.write.MasterWriter: Copying over snippets.
2016-01-16 12:28:31,190 DEBUG [pool-1-thread-2] stencyl.sw.util.FileHelper: Saving backup file C:\Users\EConway6922\Documents\stencylworks\games\Dreams\snippets\list.xml.bak.
2016-01-16 12:28:31,269 DEBUG [pool-1-thread-2] stencyl.sw.io.write.MasterWriter: Saving block favorites.
2016-01-16 12:28:31,288 INFO  [pool-1-thread-2] stencyl.sw.io.write.MasterWriter: Done writing game.
2016-01-16 12:28:31,332 DEBUG [AWT-EventQueue-0] stencyl.sw.util.Util: Running command: [taskkill, /im, neko.exe, /f]
2016-01-16 12:28:31,551 DEBUG [Thread-6] stencyl.sw.util.StreamGobbler: [taskkill] ERROR: The process "neko.exe" not found.
2016-01-16 12:28:31,557 DEBUG [AWT-EventQueue-0] stencyl.sw.util.Util: Process 'taskkill' exited with code: 128
2016-01-16 12:28:31,558 DEBUG [AWT-EventQueue-0] stencyl.sw.util.Util: Running command: [taskkill, /im, adb.exe, /f]
2016-01-16 12:28:31,721 DEBUG [Thread-7] stencyl.sw.util.StreamGobbler: [taskkill] ERROR: The process "adb.exe" not found.
2016-01-16 12:28:31,726 DEBUG [AWT-EventQueue-0] stencyl.sw.util.Util: Process 'taskkill' exited with code: 128
2016-01-16 12:28:31,727 DEBUG [AWT-EventQueue-0] stencyl.sw.util.Util: Running command: [taskkill, /im, arm-linux-androideabi-g++.exe, /f]
2016-01-16 12:28:31,891 DEBUG [Thread-8] stencyl.sw.util.StreamGobbler: [taskkill] ERROR: The process "arm-linux-androideabi-g++.exe" not found.
2016-01-16 12:28:31,896 DEBUG [AWT-EventQueue-0] stencyl.sw.util.Util: Process 'taskkill' exited with code: 128
2016-01-16 12:28:31,896 DEBUG [AWT-EventQueue-0] stencyl.sw.util.Util: Running command: [taskkill, /im, cc1plus.exe, /f]
2016-01-16 12:28:32,061 DEBUG [Thread-9] stencyl.sw.util.StreamGobbler: [taskkill] ERROR: The process "cc1plus.exe" not found.
2016-01-16 12:28:32,067 DEBUG [AWT-EventQueue-0] stencyl.sw.util.Util: Process 'taskkill' exited with code: 128
2016-01-16 12:28:32,067 DEBUG [AWT-EventQueue-0] stencyl.sw.util.Util: Running command: [taskkill, /im, tail.exe, /f]
2016-01-16 12:28:32,233 DEBUG [Thread-10] stencyl.sw.util.StreamGobbler: [taskkill] ERROR: The process "tail.exe" not found.
2016-01-16 12:28:32,238 DEBUG [AWT-EventQueue-0] stencyl.sw.util.Util: Process 'taskkill' exited with code: 128
2016-01-16 12:28:32,239 DEBUG [AWT-EventQueue-0] stencyl.sw.util.Util: Running command: [taskkill, /im, ios-sim.exe, /f]
2016-01-16 12:28:32,434 DEBUG [Thread-11] stencyl.sw.util.StreamGobbler: [taskkill] ERROR: The process "ios-sim.exe" not found.
2016-01-16 12:28:32,440 DEBUG [AWT-EventQueue-0] stencyl.sw.util.Util: Process 'taskkill' exited with code: 128
2016-01-16 12:28:32,440 DEBUG [AWT-EventQueue-0] stencyl.sw.app.App: Destroying extensions.
2016-01-16 12:28:32,441 DEBUG [AWT-EventQueue-0] stencyl.sw.app.App: Performing final close.
2016-01-16 12:28:32,454 INFO  [AWT-EventQueue-0] stencyl.sw.app.App: Exiting...
2016-01-16 12:28:32,455 DEBUG [AWT-EventQueue-0] stencyl.sw.app.App: Destroying Temporary Sandbox.
2016-01-16 12:28:32,456 DEBUG [AWT-EventQueue-0] stencyl.sw.util.FileHelper: Deleting: C:\Users\EConway6922\AppData\Local\Temp\stencyl6312045455883712373
