2016-01-16 11:58:21,419 INFO  [main] stencyl.sw.Session: Logfile: C:\Users\EConway6922\Documents\stencylworks\logs\2016-01-16_11-58-21.log
2016-01-16 11:58:21,434 INFO  [main] stencyl.sw.Session: OS Name: Windows 7
2016-01-16 11:58:21,437 INFO  [main] stencyl.sw.Session: OS Version: 6.1 (64-bit)
2016-01-16 11:58:21,438 INFO  [main] stencyl.sw.Session: Java Version: 1.8.0_60
2016-01-16 11:58:21,439 INFO  [main] stencyl.sw.Session: Stencyl Version: 3.3.2 (b8734)
2016-01-16 11:58:21,441 INFO  [main] stencyl.sw.Session: Stencyl Workspace: C:\Users\EConway6922\Documents\
2016-01-16 11:58:21,442 INFO  [main] stencyl.sw.Session: User Working Directory: C:\Users\EConway6922\Downloads\Stencyl
2016-01-16 11:58:21,443 INFO  [main] stencyl.sw.Session: User Home Directory: C:\Users\EConway6922
2016-01-16 11:58:21,444 INFO  [main] stencyl.sw.Session: System Path: C:\ProgramData\Oracle\Java\javapath;C:\Program Files (x86)\Intel\iCLS Client\;C:\Program Files\Intel\iCLS Client\;C:\WINDOWS\system32;C:\WINDOWS;C:\WINDOWS\System32\Wbem;C:\WINDOWS\System32\WindowsPowerShell\v1.0\;C:\WINDOWS\CCM;C:\WINDOWS\CCM;C:\Program Files (x86)\QuickTime\QTSystem\;C:\Program Files\Intel\Intel(R) Management Engine Components\DAL;C:\Program Files\Intel\Intel(R) Management Engine Components\IPT;C:\Program Files (x86)\Intel\Intel(R) Management Engine Components\DAL;C:\Program Files (x86)\Intel\Intel(R) Management Engine Components\IPT;C:\Users\EConway6922\Downloads\Stencyl\runtimes\jre-win\bin
2016-01-16 11:58:21,655 DEBUG [main] stencyl.sw.util.FileHelper: Deleting: C:\Users\ECONWA~1\AppData\Local\Temp\stencyl9030056411092228521
2016-01-16 11:58:21,659 DEBUG [main] stencyl.sw.loc.LanguagePack: Reading... lang\en\global-phrases.lang
2016-01-16 11:58:21,668 DEBUG [main] stencyl.sw.loc.LanguagePack: Reading... lang\en\global-errors.lang
2016-01-16 11:58:21,670 DEBUG [main] stencyl.sw.loc.LanguagePack: Reading... lang\en\global-menu.lang
2016-01-16 11:58:21,675 DEBUG [main] stencyl.sw.loc.LanguagePack: Reading... lang\en\global-welcome.lang
2016-01-16 11:58:21,678 DEBUG [main] stencyl.sw.loc.LanguagePack: Reading... lang\en\global-dashboard.lang
2016-01-16 11:58:21,681 DEBUG [main] stencyl.sw.loc.LanguagePack: Reading... lang\en\global-publish.lang
2016-01-16 11:58:21,683 DEBUG [main] stencyl.sw.loc.LanguagePack: Reading... lang\en\global-updater.lang
2016-01-16 11:58:21,685 DEBUG [main] stencyl.sw.loc.LanguagePack: Reading... lang\en\global-chat.lang
2016-01-16 11:58:21,686 DEBUG [main] stencyl.sw.loc.LanguagePack: Reading... lang\en\global-misc.lang
2016-01-16 11:58:21,689 DEBUG [main] stencyl.sw.loc.LanguagePack: Reading... lang\en\global-forge.lang
2016-01-16 11:58:21,692 DEBUG [main] stencyl.sw.loc.LanguagePack: Reading... lang\en\global-prefs.lang
2016-01-16 11:58:21,714 DEBUG [main] stencyl.sw.loc.LanguagePack: Reading... lang\en\global-creategame.lang
2016-01-16 11:58:21,715 DEBUG [main] stencyl.sw.loc.LanguagePack: Reading... lang\en\behavior-main.lang
2016-01-16 11:58:21,718 DEBUG [main] stencyl.sw.loc.LanguagePack: Reading... lang\en\behavior-blocks.lang
2016-01-16 11:58:21,732 DEBUG [main] stencyl.sw.loc.LanguagePack: Reading... lang\en\behavior-blockhelp.lang
2016-01-16 11:58:21,738 DEBUG [main] stencyl.sw.loc.LanguagePack: Reading... lang\en\behavior-events.lang
2016-01-16 11:58:21,739 DEBUG [main] stencyl.sw.loc.LanguagePack: Reading... lang\en\behavior-code.lang
2016-01-16 11:58:21,740 DEBUG [main] stencyl.sw.loc.LanguagePack: Reading... lang\en\behavior-attributes.lang
2016-01-16 11:58:21,741 DEBUG [main] stencyl.sw.loc.LanguagePack: Reading... lang\en\behavior-create.lang
2016-01-16 11:58:21,742 DEBUG [main] stencyl.sw.loc.LanguagePack: Reading... lang\en\behavior-byob.lang
2016-01-16 11:58:21,743 DEBUG [main] stencyl.sw.loc.LanguagePack: Reading... lang\en\editor-actor-main.lang
2016-01-16 11:58:21,744 DEBUG [main] stencyl.sw.loc.LanguagePack: Reading... lang\en\editor-actor-physics.lang
2016-01-16 11:58:21,745 DEBUG [main] stencyl.sw.loc.LanguagePack: Reading... lang\en\editor-background.lang
2016-01-16 11:58:21,746 DEBUG [main] stencyl.sw.loc.LanguagePack: Reading... lang\en\editor-behaviorchooser.lang
2016-01-16 11:58:21,747 DEBUG [main] stencyl.sw.loc.LanguagePack: Reading... lang\en\editor-desktop.lang
2016-01-16 11:58:21,748 DEBUG [main] stencyl.sw.loc.LanguagePack: Reading... lang\en\editor-font.lang
2016-01-16 11:58:21,749 DEBUG [main] stencyl.sw.loc.LanguagePack: Reading... lang\en\editor-sound.lang
2016-01-16 11:58:21,750 DEBUG [main] stencyl.sw.loc.LanguagePack: Reading... lang\en\editor-tileset.lang
2016-01-16 11:58:21,751 DEBUG [main] stencyl.sw.loc.LanguagePack: Reading... lang\en\editor-preloader.lang
2016-01-16 11:58:21,752 DEBUG [main] stencyl.sw.loc.LanguagePack: Reading... lang\en\editor-mobile.lang
2016-01-16 11:58:21,753 DEBUG [main] stencyl.sw.loc.LanguagePack: Reading... lang\en\editor-groups.lang
2016-01-16 11:58:21,754 DEBUG [main] stencyl.sw.loc.LanguagePack: Reading... lang\en\editor-attributes.lang
2016-01-16 11:58:21,755 DEBUG [main] stencyl.sw.loc.LanguagePack: Reading... lang\en\editor-input.lang
2016-01-16 11:58:21,756 DEBUG [main] stencyl.sw.loc.LanguagePack: Reading... lang\en\editor-animation.lang
2016-01-16 11:58:21,757 DEBUG [main] stencyl.sw.loc.LanguagePack: Reading... lang\en\editor-scene-main.lang
2016-01-16 11:58:21,758 DEBUG [main] stencyl.sw.loc.LanguagePack: Reading... lang\en\editor-scene-create.lang
2016-01-16 11:58:21,759 DEBUG [main] stencyl.sw.loc.LanguagePack: Reading... lang\en\editor-scene-tools.lang
2016-01-16 11:58:21,760 DEBUG [main] stencyl.sw.loc.LanguagePack: Reading... lang\en\global-phrases.lang
2016-01-16 11:58:21,761 DEBUG [main] stencyl.sw.loc.LanguagePack: Reading... lang\en\global-errors.lang
2016-01-16 11:58:21,762 DEBUG [main] stencyl.sw.loc.LanguagePack: Reading... lang\en\global-menu.lang
2016-01-16 11:58:21,764 DEBUG [main] stencyl.sw.loc.LanguagePack: Reading... lang\en\global-welcome.lang
2016-01-16 11:58:21,764 DEBUG [main] stencyl.sw.loc.LanguagePack: Reading... lang\en\global-dashboard.lang
2016-01-16 11:58:21,766 DEBUG [main] stencyl.sw.loc.LanguagePack: Reading... lang\en\global-publish.lang
2016-01-16 11:58:21,767 DEBUG [main] stencyl.sw.loc.LanguagePack: Reading... lang\en\global-updater.lang
2016-01-16 11:58:21,768 DEBUG [main] stencyl.sw.loc.LanguagePack: Reading... lang\en\global-chat.lang
2016-01-16 11:58:21,768 DEBUG [main] stencyl.sw.loc.LanguagePack: Reading... lang\en\global-misc.lang
2016-01-16 11:58:21,770 DEBUG [main] stencyl.sw.loc.LanguagePack: Reading... lang\en\global-forge.lang
2016-01-16 11:58:21,771 DEBUG [main] stencyl.sw.loc.LanguagePack: Reading... lang\en\global-prefs.lang
2016-01-16 11:58:21,772 DEBUG [main] stencyl.sw.loc.LanguagePack: Reading... lang\en\global-creategame.lang
2016-01-16 11:58:21,773 DEBUG [main] stencyl.sw.loc.LanguagePack: Reading... lang\en\behavior-main.lang
2016-01-16 11:58:21,774 DEBUG [main] stencyl.sw.loc.LanguagePack: Reading... lang\en\behavior-blocks.lang
2016-01-16 11:58:21,779 DEBUG [main] stencyl.sw.loc.LanguagePack: Reading... lang\en\behavior-blockhelp.lang
2016-01-16 11:58:21,783 DEBUG [main] stencyl.sw.loc.LanguagePack: Reading... lang\en\behavior-events.lang
2016-01-16 11:58:21,784 DEBUG [main] stencyl.sw.loc.LanguagePack: Reading... lang\en\behavior-code.lang
2016-01-16 11:58:21,785 DEBUG [main] stencyl.sw.loc.LanguagePack: Reading... lang\en\behavior-attributes.lang
2016-01-16 11:58:21,786 DEBUG [main] stencyl.sw.loc.LanguagePack: Reading... lang\en\behavior-create.lang
2016-01-16 11:58:21,787 DEBUG [main] stencyl.sw.loc.LanguagePack: Reading... lang\en\behavior-byob.lang
2016-01-16 11:58:21,787 DEBUG [main] stencyl.sw.loc.LanguagePack: Reading... lang\en\editor-actor-main.lang
2016-01-16 11:58:21,788 DEBUG [main] stencyl.sw.loc.LanguagePack: Reading... lang\en\editor-actor-physics.lang
2016-01-16 11:58:21,789 DEBUG [main] stencyl.sw.loc.LanguagePack: Reading... lang\en\editor-background.lang
2016-01-16 11:58:21,790 DEBUG [main] stencyl.sw.loc.LanguagePack: Reading... lang\en\editor-behaviorchooser.lang
2016-01-16 11:58:21,791 DEBUG [main] stencyl.sw.loc.LanguagePack: Reading... lang\en\editor-desktop.lang
2016-01-16 11:58:21,792 DEBUG [main] stencyl.sw.loc.LanguagePack: Reading... lang\en\editor-font.lang
2016-01-16 11:58:21,792 DEBUG [main] stencyl.sw.loc.LanguagePack: Reading... lang\en\editor-sound.lang
2016-01-16 11:58:21,793 DEBUG [main] stencyl.sw.loc.LanguagePack: Reading... lang\en\editor-tileset.lang
2016-01-16 11:58:21,794 DEBUG [main] stencyl.sw.loc.LanguagePack: Reading... lang\en\editor-preloader.lang
2016-01-16 11:58:21,795 DEBUG [main] stencyl.sw.loc.LanguagePack: Reading... lang\en\editor-mobile.lang
2016-01-16 11:58:21,796 DEBUG [main] stencyl.sw.loc.LanguagePack: Reading... lang\en\editor-groups.lang
2016-01-16 11:58:21,797 DEBUG [main] stencyl.sw.loc.LanguagePack: Reading... lang\en\editor-attributes.lang
2016-01-16 11:58:21,798 DEBUG [main] stencyl.sw.loc.LanguagePack: Reading... lang\en\editor-input.lang
2016-01-16 11:58:21,798 DEBUG [main] stencyl.sw.loc.LanguagePack: Reading... lang\en\editor-animation.lang
2016-01-16 11:58:21,800 DEBUG [main] stencyl.sw.loc.LanguagePack: Reading... lang\en\editor-scene-main.lang
2016-01-16 11:58:21,801 DEBUG [main] stencyl.sw.loc.LanguagePack: Reading... lang\en\editor-scene-create.lang
2016-01-16 11:58:21,802 DEBUG [main] stencyl.sw.loc.LanguagePack: Reading... lang\en\editor-scene-tools.lang
2016-01-16 11:58:21,804 INFO  [AWT-EventQueue-0] stencyl.sw.SW: Initializing Stencyl.
2016-01-16 11:58:21,813 DEBUG [AWT-EventQueue-0] stencyl.sw.Splash: Set Splash message: Look
2016-01-16 11:58:23,215 INFO  [AWT-EventQueue-0] stencyl.sw.ext.ExtensionDependencyManager: Haxelib actuate 1.6.5
2016-01-16 11:58:23,218 INFO  [AWT-EventQueue-0] stencyl.sw.ext.ExtensionDependencyManager: Haxelib box2d 1.11.0
2016-01-16 11:58:23,221 INFO  [AWT-EventQueue-0] stencyl.sw.ext.ExtensionDependencyManager: Haxelib box2d-fake 1.11.0
2016-01-16 11:58:23,224 INFO  [AWT-EventQueue-0] stencyl.sw.ext.ExtensionDependencyManager: Haxelib console 1.0.0
2016-01-16 11:58:23,226 INFO  [AWT-EventQueue-0] stencyl.sw.ext.ExtensionDependencyManager: Haxelib format 3.1.2
2016-01-16 11:58:23,229 INFO  [AWT-EventQueue-0] stencyl.sw.ext.ExtensionDependencyManager: Haxelib hxcpp 3.2.0
2016-01-16 11:58:23,232 INFO  [AWT-EventQueue-0] stencyl.sw.ext.ExtensionDependencyManager: Haxelib hxtelemetry 0.3.1
2016-01-16 11:58:23,238 INFO  [AWT-EventQueue-0] stencyl.sw.ext.ExtensionDependencyManager: Haxelib layout 1.1.0
2016-01-16 11:58:23,240 INFO  [AWT-EventQueue-0] stencyl.sw.ext.ExtensionDependencyManager: Haxelib lime 2.6.8
2016-01-16 11:58:23,242 INFO  [AWT-EventQueue-0] stencyl.sw.ext.ExtensionDependencyManager: Haxelib openfl 3.3.8
2016-01-16 11:58:23,244 INFO  [AWT-EventQueue-0] stencyl.sw.ext.ExtensionDependencyManager: Haxelib polygonal-ds 1.4.1
2016-01-16 11:58:23,245 INFO  [AWT-EventQueue-0] stencyl.sw.ext.ExtensionDependencyManager: Haxelib polygonal-printf 1.0.0.beta
2016-01-16 11:58:23,247 INFO  [AWT-EventQueue-0] stencyl.sw.ext.ExtensionDependencyManager: Haxelib stencyl 1.0.0
2016-01-16 11:58:23,248 INFO  [AWT-EventQueue-0] stencyl.sw.ext.ExtensionDependencyManager: Haxelib stencyl-cppia 1.0.0
2016-01-16 11:58:23,250 INFO  [AWT-EventQueue-0] stencyl.sw.ext.ExtensionDependencyManager: Haxelib svg 1.0.8
2016-01-16 11:58:23,258 INFO  [AWT-EventQueue-0] stencyl.sw.ext.ExtensionDependencyManager: Haxelib swf 1.7.4
2016-01-16 11:58:23,260 INFO  [AWT-EventQueue-0] stencyl.sw.ext.ExtensionDependencyManager: Haxelib tilelayer 0.2.1
2016-01-16 11:58:23,268 DEBUG [AWT-EventQueue-0] stencyl.sw.util.FileHelper: Matching (non-hidden) files within C:\Users\EConway6922\Documents\stencylworks\extensions: []
2016-01-16 11:58:23,274 DEBUG [AWT-EventQueue-0] stencyl.sw.util.FileHelper: Matching (non-hidden) files within C:\Users\EConway6922\Documents\stencylworks\extensions: []
2016-01-16 11:58:23,275 DEBUG [AWT-EventQueue-0] stencyl.sw.editors.game.advanced.EngineExtensionManager: Loading engine extensions...
2016-01-16 11:58:23,276 DEBUG [AWT-EventQueue-0] stencyl.sw.util.FileHelper: Directories within C:\Users\EConway6922\Documents\stencylworks\engine-extensions: []
2016-01-16 11:58:23,276 INFO  [AWT-EventQueue-0] stencyl.sw.editors.game.advanced.EngineExtensionManager: Engine Extensions: []
2016-01-16 11:58:23,277 WARN  [AWT-EventQueue-0] stencyl.sw.app.ExtensionManager: Couldn't load extension settings.
2016-01-16 11:58:23,283 INFO  [AWT-EventQueue-0] stencyl.sw.app.ExtensionManager: Toolset Extensions: []
2016-01-16 11:58:23,609 DEBUG [AWT-EventQueue-0] stencyl.sw.app.doc.Workspace: Activated: Welcome Center
2016-01-16 11:58:23,614 DEBUG [AWT-EventQueue-0] stencyl.sw.app.App: Non-silent Authentication.
2016-01-16 11:58:23,624 DEBUG [AWT-EventQueue-0] stencyl.sw.Splash: Dispose Splash
2016-01-16 11:58:23,707 DEBUG [pool-1-thread-1] stencyl.sw.app.tasks.AuthenticateTask: Response: guest
2016-01-16 11:58:23,708 INFO  [pool-1-thread-1] stencyl.sw.app.tasks.AuthenticateTask: Could not log in. Check your login credentials.
2016-01-16 11:58:38,308 DEBUG [AWT-EventQueue-0] stencyl.sw.util.FileHelper: Deleting: C:\Users\EConway6922\AppData\Local\Temp\stencyl9030056411092228521\sandbox\test\temp
2016-01-16 11:58:38,313 DEBUG [AWT-EventQueue-0] stencyl.sw.util.FileHelper: Deleting: C:\Users\EConway6922\Documents\stencylworks\preview\scripts
2016-01-16 11:58:38,315 DEBUG [AWT-EventQueue-0] stencyl.sw.util.FileHelper: Deleting: C:\Users\EConway6922\Documents\stencylworks\preview\game
2016-01-16 11:58:38,319 INFO  [AWT-EventQueue-0] stencyl.sw.app.tasks.OpenGameTask: Opening game: Dreams
2016-01-16 11:58:38,396 DEBUG [pool-1-thread-1] stencyl.core.lib.Game: Loading scene-specific snippet. SceneID: 0
2016-01-16 11:58:38,432 DEBUG [pool-1-thread-1] stencyl.core.lib.ResourceList: Initializing... 0 : Player 1
2016-01-16 11:58:38,438 DEBUG [pool-1-thread-1] stencyl.core.lib.ResourceList: Initializing... 1 : Player 1
2016-01-16 11:58:38,635 DEBUG [AWT-EventQueue-0] stencyl.core.lib.io.read.SceneReader: Reading header for Scene: 0 (TEST) from: scenes\0.xml
2016-01-16 11:58:38,656 DEBUG [AWT-EventQueue-0] stencyl.core.lib.io.read.SceneReader: Reading header for Scene: 0 (TEST) from: scenes\0.xml
2016-01-16 11:58:38,885 DEBUG [AWT-EventQueue-0] stencyl.sw.app.doc.Workspace: Activated: Dashboard
2016-01-16 11:58:38,887 DEBUG [AWT-EventQueue-0] stencyl.sw.util.FileHelper: Trying to delete file that does not exist: C:\Users\EConway6922\AppData\Local\Temp\stencyl9030056411092228521\sandbox\build\code
2016-01-16 11:58:38,889 DEBUG [AWT-EventQueue-0] stencyl.sw.util.FileHelper: Deleting: C:\Users\EConway6922\AppData\Local\Temp\stencyl9030056411092228521\sandbox\test\temp
2016-01-16 11:58:38,900 DEBUG [AWT-EventQueue-0] stencyl.core.lib.io.read.SceneReader: Reading header for Scene: 0 (TEST) from: scenes\0.xml
2016-01-16 11:58:39,040 DEBUG [AWT-EventQueue-0] stencyl.sw.app.tasks.OpenGameTask: Took 721ms
2016-01-16 11:58:39,339 DEBUG [AWT-EventQueue-0] stencyl.sw.editors.game.cgroups.CollisionGroupTree: Loading actor group into tree: Actors
2016-01-16 11:58:39,382 DEBUG [AWT-EventQueue-0] stencyl.sw.editors.game.cgroups.CollisionGroupTree: Loading actor group into tree: Doodads
2016-01-16 11:58:39,407 DEBUG [AWT-EventQueue-0] stencyl.sw.editors.game.cgroups.CollisionGroupTree: Loading actor group into tree: Players
2016-01-16 11:58:39,427 DEBUG [AWT-EventQueue-0] stencyl.sw.editors.game.cgroups.CollisionGroupTree: Loading actor group into tree: Regions
2016-01-16 11:58:39,451 DEBUG [AWT-EventQueue-0] stencyl.sw.editors.game.cgroups.CollisionGroupTree: Loading actor group into tree: Tiles
2016-01-16 11:58:40,716 DEBUG [AWT-EventQueue-0] stencyl.core.lib.Atlas: Getting memory for atlas 0
2016-01-16 11:58:40,717 DEBUG [AWT-EventQueue-0] stencyl.core.lib.Atlas: Added resource 'Player 1' to atlas 0
2016-01-16 11:58:40,725 DEBUG [AWT-EventQueue-0] stencyl.core.lib.Atlas: Getting memory for atlas 1
2016-01-16 11:58:40,732 DEBUG [AWT-EventQueue-0] stencyl.core.lib.Atlas: Getting memory for atlas 2
2016-01-16 11:58:40,739 DEBUG [AWT-EventQueue-0] stencyl.core.lib.Atlas: Getting memory for atlas 3
2016-01-16 11:58:40,777 DEBUG [AWT-EventQueue-0] stencyl.core.lib.io.read.SceneReader: Reading header for Scene: 0 (TEST) from: scenes\0.xml
2016-01-16 11:58:42,139 DEBUG [AWT-EventQueue-0] stencyl.sw.app.doc.Workspace: Loading Closed Resource: TEST
2016-01-16 11:58:42,140 DEBUG [pool-1-thread-1] stencyl.core.lib.io.read.SceneReader: Reading header for Scene: 0 (TEST) from: scenes\0.xml
2016-01-16 11:58:42,675 DEBUG [pool-1-thread-1] stencyl.sw.editors.scene.Designer: Brush Changed
2016-01-16 11:58:43,839 DEBUG [pool-1-thread-1] stencyl.sw.editors.snippet.designer.palette.Palette: Palette asked to refresh: Position
2016-01-16 11:58:43,978 DEBUG [pool-1-thread-1] stencyl.sw.editors.snippet.designer.palette.Palette: Palette asked to refresh: Conditions
2016-01-16 11:58:44,383 DEBUG [pool-1-thread-1] stencyl.sw.editors.snippet.designer.palette.Palette: Palette asked to refresh: Actors
2016-01-16 11:58:44,502 DEBUG [pool-1-thread-1] stencyl.sw.editors.snippet.designer.palette.Palette: Palette asked to refresh: Keyboard & Mouse
2016-01-16 11:58:44,595 DEBUG [pool-1-thread-1] stencyl.sw.editors.snippet.designer.palette.Palette: Palette asked to refresh: Math
2016-01-16 11:58:44,667 DEBUG [pool-1-thread-1] stencyl.sw.editors.snippet.designer.palette.Palette: Palette asked to refresh: Getters
2016-01-16 11:58:44,879 DEBUG [pool-1-thread-1] stencyl.sw.editors.snippet.designer.palette.Palette: Palette asked to refresh: Sound
2016-01-16 11:58:44,926 DEBUG [pool-1-thread-1] stencyl.sw.editors.snippet.designer.palette.Palette: Palette asked to refresh: Triggers
2016-01-16 11:58:44,996 DEBUG [pool-1-thread-1] stencyl.sw.editors.snippet.designer.palette.Palette: Palette asked to refresh: Web
2016-01-16 11:58:45,066 DEBUG [pool-1-thread-1] stencyl.sw.editors.snippet.designer.palette.Palette: Palette asked to refresh: Drawing
2016-01-16 11:58:45,115 DEBUG [pool-1-thread-1] stencyl.sw.editors.snippet.designer.palette.Palette: Palette asked to refresh: Basic
2016-01-16 11:58:45,124 DEBUG [pool-1-thread-1] stencyl.sw.editors.snippet.designer.palette.Palette: Palette asked to refresh: Custom
2016-01-16 11:58:45,128 DEBUG [pool-1-thread-1] stencyl.sw.editors.snippet.designer.palette.Palette: Palette asked to refresh: Extensions
2016-01-16 11:58:45,128 DEBUG [pool-1-thread-1] stencyl.sw.editors.snippet.designer.palette.Palette: Palette asked to refresh: Position
2016-01-16 11:58:45,179 DEBUG [pool-1-thread-1] stencyl.sw.editors.snippet.designer.EditArea: ContextSet for current event: []
2016-01-16 11:58:45,179 DEBUG [pool-1-thread-1] stencyl.sw.editors.snippet.designer.palette.Palette: Palette asked to refresh: Position
2016-01-16 11:58:45,325 DEBUG [AWT-EventQueue-0] stencyl.sw.app.doc.Workspace: Activated: TEST
2016-01-16 11:58:45,327 DEBUG [pool-1-thread-1] stencyl.sw.app.tasks.OpenResourceTask: Open Took 3187ms
2016-01-16 11:58:45,415 DEBUG [AWT-EventQueue-0] stencyl.sw.app.tasks.OpenResourceTask: Total Took 3275ms
2016-01-16 11:58:47,669 INFO  [pool-1-thread-1] stencyl.sw.io.write.MasterWriter: Saving game in place.
2016-01-16 11:58:47,736 DEBUG [pool-1-thread-1] stencyl.sw.util.FileHelper: Saving backup file C:\Users\EConway6922\Documents\stencylworks\games\Dreams\game.xml.bak.
2016-01-16 11:58:51,646 DEBUG [pool-1-thread-1] stencyl.sw.io.write.MasterWriter: Writing out local resources.
2016-01-16 11:58:51,654 DEBUG [pool-1-thread-1] stencyl.sw.util.FileHelper: Saving backup file C:\Users\EConway6922\Documents\stencylworks\games\Dreams\resources\data.xml.bak.
2016-01-16 11:58:51,664 DEBUG [pool-1-thread-1] stencyl.sw.io.write.resource.SpriteWriter: Mark actor's sprite as clean (disk).
2016-01-16 11:58:51,674 DEBUG [pool-1-thread-1] stencyl.sw.io.write.MasterWriter: Writing out scenes.
2016-01-16 11:58:51,702 DEBUG [pool-1-thread-1] stencyl.sw.editors.scene.SceneRenderer: Saving thumbnail: C:\Users\EConway6922\Documents\stencylworks\games\Dreams\scenes\0.png
2016-01-16 11:58:51,734 DEBUG [pool-1-thread-1] stencyl.sw.io.write.resource.SceneWriter: Writing terrain.
2016-01-16 11:58:51,738 DEBUG [pool-1-thread-1] stencyl.thirdparty.org.phys2d.Combiner: Num Tiles: 0
2016-01-16 11:58:51,738 DEBUG [pool-1-thread-1] stencyl.thirdparty.org.phys2d.Combiner: Coverage: 0.0%
2016-01-16 11:58:51,739 DEBUG [pool-1-thread-1] stencyl.thirdparty.org.phys2d.Combiner: Segments: (1,1)
2016-01-16 11:58:51,739 DEBUG [pool-1-thread-1] stencyl.thirdparty.org.phys2d.Combiner: Using Pairwise
2016-01-16 11:58:51,740 DEBUG [pool-1-thread-1] stencyl.thirdparty.org.phys2d.Combiner: Combine took: 2ms
2016-01-16 11:58:51,740 DEBUG [pool-1-thread-1] stencyl.sw.io.write.resource.SceneWriter: Terrain processing took: 0ms
2016-01-16 11:58:51,759 DEBUG [pool-1-thread-1] stencyl.core.lib.io.read.SceneReader: Reading header for Scene: 0 (TEST) from: scenes\0.xml
2016-01-16 11:58:51,766 DEBUG [pool-1-thread-1] stencyl.sw.io.write.resource.ScenesWriter: Writing out Scene TEST
2016-01-16 11:58:51,766 DEBUG [pool-1-thread-1] stencyl.sw.io.write.MasterWriter: Copying over snippets.
2016-01-16 11:58:51,775 DEBUG [pool-1-thread-1] stencyl.sw.util.FileHelper: Saving backup file C:\Users\EConway6922\Documents\stencylworks\games\Dreams\snippets\list.xml.bak.
2016-01-16 11:58:51,834 DEBUG [pool-1-thread-1] stencyl.sw.io.write.resource.SnippetsWriter: Copy from opened to disk: SceneEvents_0
2016-01-16 11:58:51,835 DEBUG [pool-1-thread-1] stencyl.sw.util.FileHelper: Trying to delete file that does not exist: C:\Users\EConway6922\Documents\stencylworks\games\Dreams\behavior-hx\SceneEvents_0.hx
2016-01-16 11:58:51,836 DEBUG [pool-1-thread-1] stencyl.sw.io.write.resource.SnippetsWriter: Copied to: C:\Users\EConway6922\Documents\stencylworks\games\Dreams\snippets\SceneEvents_0.design
2016-01-16 11:58:51,910 ERROR [pool-3-thread-1] stencyl.sw.editors.snippet.designer.codebuilder.xml.XMLParser: Can't load definition: groups
2016-01-16 11:58:51,910 ERROR [pool-3-thread-2] stencyl.sw.editors.snippet.designer.codebuilder.xml.XMLParser: Can't load definition: groups
2016-01-16 11:58:51,912 ERROR [pool-3-thread-2] stencyl.sw.editors.snippet.designer.codebuilder.CodeBuilder: Failed on snippet: scripts.ActorEvents_0. null
java.lang.NullPointerException
	at stencyl.sw.editors.snippet.designer.codebuilder.XMLCodeBuilder.writeToString(XMLCodeBuilder.java:404)
	at stencyl.sw.editors.snippet.designer.codebuilder.CodeBuilder.writeToString(CodeBuilder.java:286)
	at stencyl.sw.io.write.resource.SnippetsWriter.convert(SnippetsWriter.java:570)
	at stencyl.sw.io.write.resource.SnippetsWriter$1.run(SnippetsWriter.java:505)
	at java.util.concurrent.ThreadPoolExecutor.runWorker(ThreadPoolExecutor.java:1142)
	at java.util.concurrent.ThreadPoolExecutor$Worker.run(ThreadPoolExecutor.java:617)
	at java.lang.Thread.run(Thread.java:745)
2016-01-16 11:58:51,912 ERROR [pool-3-thread-1] stencyl.sw.editors.snippet.designer.codebuilder.CodeBuilder: Failed on snippet: scripts.SceneEvents_0. null
java.lang.NullPointerException
	at stencyl.sw.editors.snippet.designer.codebuilder.XMLCodeBuilder.writeToString(XMLCodeBuilder.java:404)
	at stencyl.sw.editors.snippet.designer.codebuilder.CodeBuilder.writeToString(CodeBuilder.java:286)
	at stencyl.sw.io.write.resource.SnippetsWriter.convert(SnippetsWriter.java:570)
	at stencyl.sw.io.write.resource.SnippetsWriter$1.run(SnippetsWriter.java:505)
	at java.util.concurrent.ThreadPoolExecutor.runWorker(ThreadPoolExecutor.java:1142)
	at java.util.concurrent.ThreadPoolExecutor$Worker.run(ThreadPoolExecutor.java:617)
	at java.lang.Thread.run(Thread.java:745)
2016-01-16 11:58:51,917 ERROR [pool-3-thread-3] stencyl.sw.editors.snippet.designer.codebuilder.xml.XMLParser: Can't load definition: groups
2016-01-16 11:58:51,929 ERROR [pool-3-thread-3] stencyl.sw.editors.snippet.designer.codebuilder.CodeBuilder: Failed on snippet: scripts.Design_2_2_4WayMovement. null
java.lang.NullPointerException
	at stencyl.sw.editors.snippet.designer.codebuilder.XMLCodeBuilder.writeToString(XMLCodeBuilder.java:390)
	at stencyl.sw.editors.snippet.designer.codebuilder.CodeBuilder.writeToString(CodeBuilder.java:286)
	at stencyl.sw.io.write.resource.SnippetsWriter.convert(SnippetsWriter.java:570)
	at stencyl.sw.io.write.resource.SnippetsWriter$1.run(SnippetsWriter.java:505)
	at java.util.concurrent.ThreadPoolExecutor.runWorker(ThreadPoolExecutor.java:1142)
	at java.util.concurrent.ThreadPoolExecutor$Worker.run(ThreadPoolExecutor.java:617)
	at java.lang.Thread.run(Thread.java:745)
2016-01-16 11:58:51,933 DEBUG [pool-3-thread-1] stencyl.sw.io.write.resource.SnippetsWriter: Writing Design Snippet to C:\Users\EConway6922\Documents\stencylworks\preview\scripts\SceneEvents_0.hx. Took 34 ms.
2016-01-16 11:58:51,936 DEBUG [pool-3-thread-2] stencyl.sw.io.write.resource.SnippetsWriter: Writing Design Snippet to C:\Users\EConway6922\Documents\stencylworks\preview\scripts\ActorEvents_0.hx. Took 37 ms.
2016-01-16 11:58:52,346 DEBUG [pool-3-thread-3] stencyl.sw.io.write.resource.SnippetsWriter: Writing Design Snippet to C:\Users\EConway6922\Documents\stencylworks\preview\scripts\Design_2_2_4WayMovement.hx. Took 445 ms.
2016-01-16 11:58:52,348 DEBUG [pool-1-thread-1] stencyl.sw.io.write.MasterWriter: Saving block favorites.
2016-01-16 11:58:52,356 INFO  [pool-1-thread-1] stencyl.sw.io.write.MasterWriter: Done writing game.
2016-01-16 11:58:52,419 INFO  [pool-1-thread-1] stencyl.sw.io.write.MasterWriter: Saving game in place.
2016-01-16 11:58:52,430 DEBUG [pool-1-thread-1] stencyl.sw.util.FileHelper: Saving backup file C:\Users\EConway6922\Documents\stencylworks\games\Dreams\game.xml.bak.
2016-01-16 11:58:55,012 DEBUG [pool-1-thread-1] stencyl.sw.io.write.MasterWriter: Writing out local resources.
2016-01-16 11:58:55,015 DEBUG [pool-1-thread-1] stencyl.sw.util.FileHelper: Saving backup file C:\Users\EConway6922\Documents\stencylworks\games\Dreams\resources\data.xml.bak.
2016-01-16 11:58:55,016 DEBUG [pool-1-thread-1] stencyl.sw.io.write.resource.SpriteWriter: Mark actor's sprite as clean (disk).
2016-01-16 11:58:55,018 DEBUG [pool-1-thread-1] stencyl.sw.io.write.MasterWriter: Writing out scenes.
2016-01-16 11:58:55,025 DEBUG [pool-1-thread-1] stencyl.sw.editors.scene.SceneRenderer: Saving thumbnail: C:\Users\EConway6922\Documents\stencylworks\games\Dreams\scenes\0.png
2016-01-16 11:58:55,041 DEBUG [pool-1-thread-1] stencyl.sw.io.write.resource.SceneWriter: Writing terrain.
2016-01-16 11:58:55,041 DEBUG [pool-1-thread-1] stencyl.thirdparty.org.phys2d.Combiner: Num Tiles: 0
2016-01-16 11:58:55,041 DEBUG [pool-1-thread-1] stencyl.thirdparty.org.phys2d.Combiner: Coverage: 0.0%
2016-01-16 11:58:55,041 DEBUG [pool-1-thread-1] stencyl.thirdparty.org.phys2d.Combiner: Segments: (1,1)
2016-01-16 11:58:55,041 DEBUG [pool-1-thread-1] stencyl.thirdparty.org.phys2d.Combiner: Using Pairwise
2016-01-16 11:58:55,041 DEBUG [pool-1-thread-1] stencyl.thirdparty.org.phys2d.Combiner: Combine took: 0ms
2016-01-16 11:58:55,042 DEBUG [pool-1-thread-1] stencyl.sw.io.write.resource.SceneWriter: Terrain processing took: 0ms
2016-01-16 11:58:55,050 DEBUG [pool-1-thread-1] stencyl.core.lib.io.read.SceneReader: Reading header for Scene: 0 (TEST) from: scenes\0.xml
2016-01-16 11:58:55,053 DEBUG [pool-1-thread-1] stencyl.sw.io.write.resource.ScenesWriter: Writing out Scene TEST
2016-01-16 11:58:55,053 DEBUG [pool-1-thread-1] stencyl.sw.io.write.MasterWriter: Copying over snippets.
2016-01-16 11:58:55,057 DEBUG [pool-1-thread-1] stencyl.sw.util.FileHelper: Saving backup file C:\Users\EConway6922\Documents\stencylworks\games\Dreams\snippets\list.xml.bak.
2016-01-16 11:58:55,084 DEBUG [pool-1-thread-1] stencyl.sw.io.write.resource.SnippetsWriter: Copy from opened to disk: SceneEvents_0
2016-01-16 11:58:55,084 DEBUG [pool-1-thread-1] stencyl.sw.util.FileHelper: Trying to delete file that does not exist: C:\Users\EConway6922\Documents\stencylworks\games\Dreams\behavior-hx\SceneEvents_0.hx
2016-01-16 11:58:55,084 DEBUG [pool-1-thread-1] stencyl.sw.io.write.resource.SnippetsWriter: Copied to: C:\Users\EConway6922\Documents\stencylworks\games\Dreams\snippets\SceneEvents_0.design
2016-01-16 11:58:55,098 DEBUG [pool-4-thread-1] stencyl.sw.io.write.resource.SnippetsWriter: Writing Design Snippet to C:\Users\EConway6922\Documents\stencylworks\preview\scripts\SceneEvents_0.hx. Took 3 ms.
2016-01-16 11:58:55,099 DEBUG [pool-4-thread-2] stencyl.sw.io.write.resource.SnippetsWriter: Writing Design Snippet to C:\Users\EConway6922\Documents\stencylworks\preview\scripts\ActorEvents_0.hx. Took 3 ms.
2016-01-16 11:58:55,105 DEBUG [pool-4-thread-3] stencyl.sw.io.write.resource.SnippetsWriter: Writing Design Snippet to C:\Users\EConway6922\Documents\stencylworks\preview\scripts\Design_2_2_4WayMovement.hx. Took 9 ms.
2016-01-16 11:58:55,105 DEBUG [pool-1-thread-1] stencyl.sw.io.write.MasterWriter: Saving block favorites.
2016-01-16 11:58:55,110 INFO  [pool-1-thread-1] stencyl.sw.io.write.MasterWriter: Done writing game.
2016-01-16 11:58:55,144 INFO  [AWT-EventQueue-0] stencyl.sw.io.write.resource.HXWriter: Building game with arguments: FLASH, TESTING
2016-01-16 11:58:55,148 DEBUG [AWT-EventQueue-0] stencyl.sw.util.Util: Running command: [taskkill, /im, neko.exe, /f]
2016-01-16 11:58:55,247 DEBUG [Thread-7] stencyl.sw.util.StreamGobbler: [taskkill] ERROR: The process "neko.exe" not found.
2016-01-16 11:58:55,250 DEBUG [AWT-EventQueue-0] stencyl.sw.util.Util: Process 'taskkill' exited with code: 128
2016-01-16 11:58:55,250 DEBUG [AWT-EventQueue-0] stencyl.sw.util.Util: Running command: [taskkill, /im, adb.exe, /f]
2016-01-16 11:58:55,356 DEBUG [Thread-8] stencyl.sw.util.StreamGobbler: [taskkill] ERROR: The process "adb.exe" not found.
2016-01-16 11:58:55,358 DEBUG [AWT-EventQueue-0] stencyl.sw.util.Util: Process 'taskkill' exited with code: 128
2016-01-16 11:58:55,359 DEBUG [AWT-EventQueue-0] stencyl.sw.util.Util: Running command: [taskkill, /im, arm-linux-androideabi-g++.exe, /f]
2016-01-16 11:58:55,465 DEBUG [Thread-9] stencyl.sw.util.StreamGobbler: [taskkill] ERROR: The process "arm-linux-androideabi-g++.exe" not found.
2016-01-16 11:58:55,468 DEBUG [AWT-EventQueue-0] stencyl.sw.util.Util: Process 'taskkill' exited with code: 128
2016-01-16 11:58:55,468 DEBUG [AWT-EventQueue-0] stencyl.sw.util.Util: Running command: [taskkill, /im, cc1plus.exe, /f]
2016-01-16 11:58:55,588 DEBUG [Thread-10] stencyl.sw.util.StreamGobbler: [taskkill] ERROR: The process "cc1plus.exe" not found.
2016-01-16 11:58:55,592 DEBUG [AWT-EventQueue-0] stencyl.sw.util.Util: Process 'taskkill' exited with code: 128
2016-01-16 11:58:55,592 DEBUG [AWT-EventQueue-0] stencyl.sw.util.Util: Running command: [taskkill, /im, tail.exe, /f]
2016-01-16 11:58:55,688 DEBUG [Thread-11] stencyl.sw.util.StreamGobbler: [taskkill] ERROR: The process "tail.exe" not found.
2016-01-16 11:58:55,692 DEBUG [AWT-EventQueue-0] stencyl.sw.util.Util: Process 'taskkill' exited with code: 128
2016-01-16 11:58:55,692 DEBUG [AWT-EventQueue-0] stencyl.sw.util.Util: Running command: [taskkill, /im, ios-sim.exe, /f]
2016-01-16 11:58:55,780 DEBUG [Thread-12] stencyl.sw.util.StreamGobbler: [taskkill] ERROR: The process "ios-sim.exe" not found.
2016-01-16 11:58:55,783 DEBUG [AWT-EventQueue-0] stencyl.sw.util.Util: Process 'taskkill' exited with code: 128
2016-01-16 11:58:55,791 DEBUG [AWT-EventQueue-0] stencyl.sw.util.FileHelper: Deleting: C:\Users\EConway6922\AppData\Roaming\Macromedia\Flash Player\Logs\flashlog.txt
2016-01-16 11:58:55,795 DEBUG [pool-1-thread-2] stencyl.sw.util.FileHelper: Trying to delete file that does not exist: C:\Users\EConway6922\Documents\stencylworks\games-generated\Dreams\Assets\graphics
2016-01-16 11:58:55,820 DEBUG [pool-1-thread-2] stencyl.sw.util.FileHelper: Trying to delete file that does not exist: C:\Users\EConway6922\Documents\stencylworks\games-generated\Dreams\Export\iPhone\build
2016-01-16 11:58:55,820 DEBUG [pool-1-thread-2] stencyl.sw.util.FileHelper: Trying to delete file that does not exist: C:\Users\EConway6922\Documents\stencylworks\games-generated\Dreams\Export\cpp\windows\bin
2016-01-16 11:58:55,871 DEBUG [pool-1-thread-2] stencyl.sw.io.write.resource.HXWriter: Skipping... Player 1
2016-01-16 11:58:55,872 DEBUG [pool-1-thread-2] stencyl.sw.io.write.resource.HXWriter: Copying graphics for scale: 1x
2016-01-16 11:58:55,875 DEBUG [pool-1-thread-2] stencyl.sw.io.write.resource.HXWriter: Copying graphics for scale: 1.5x
2016-01-16 11:58:55,879 DEBUG [pool-1-thread-2] stencyl.sw.io.write.resource.HXWriter: Copying graphics for scale: 2x
2016-01-16 11:58:55,882 DEBUG [pool-1-thread-2] stencyl.sw.io.write.resource.HXWriter: Copying graphics for scale: 4x
2016-01-16 11:58:55,885 DEBUG [pool-1-thread-2] stencyl.sw.util.FileHelper: Trying to delete file that does not exist: C:\Users\EConway6922\Documents\stencylworks\games-generated\Dreams\Assets\graphics\3x
2016-01-16 11:58:55,901 DEBUG [pool-1-thread-2] stencyl.sw.util.FileHelper: Saving backup file C:\Users\EConway6922\Documents\stencylworks\games\Dreams\game.xml.bak.
2016-01-16 11:58:57,754 DEBUG [pool-1-thread-2] stencyl.sw.io.write.resource.HXWriter: Skipping... Player 1
2016-01-16 11:58:57,771 DEBUG [pool-5-thread-1] stencyl.sw.io.write.resource.SnippetsWriter: Writing Design Snippet to C:\Users\EConway6922\Documents\stencylworks\preview\scripts\SceneEvents_0.hx. Took 5 ms.
2016-01-16 11:58:57,776 DEBUG [pool-5-thread-2] stencyl.sw.io.write.resource.SnippetsWriter: Writing Design Snippet to C:\Users\EConway6922\Documents\stencylworks\preview\scripts\ActorEvents_0.hx. Took 9 ms.
2016-01-16 11:58:57,813 DEBUG [pool-1-thread-2] stencyl.sw.util.Util: Running command: [C:\Users\EConway6922\Downloads\Stencyl\plaf\haxe\haxelib.exe, run, openfl, -verbose, build, -debug, project.xml, flash]
2016-01-16 11:58:58,271 INFO  [Thread-13] stencyl.sw.util.StreamGobbler: [haxelib.exe] OpenFL Command-Line Tools (3.3.8-LPNIQF)
2016-01-16 11:58:58,271 INFO  [Thread-13] stencyl.sw.util.StreamGobbler: [haxelib.exe] Initializing project...
2016-01-16 11:58:58,272 INFO  [Thread-13] stencyl.sw.util.StreamGobbler: [haxelib.exe] Using project file: project.xml
2016-01-16 11:58:58,272 INFO  [Thread-13] stencyl.sw.util.StreamGobbler: [haxelib.exe] Reading HXCPP config: C:\Users\EConway6922\.hxcpp_config.xml
2016-01-16 11:58:58,488 INFO  [Thread-13] stencyl.sw.util.StreamGobbler: [haxelib.exe] Using target platform: FLASH
2016-01-16 11:58:58,489 INFO  [Thread-13] stencyl.sw.util.StreamGobbler: [haxelib.exe] Running command: UPDATE
2016-01-16 11:58:58,489 DEBUG [Thread-13] stencyl.sw.util.StreamGobbler: [haxelib.exe]  - Creating directory: Export/flash
2016-01-16 11:58:58,489 DEBUG [Thread-13] stencyl.sw.util.StreamGobbler: [haxelib.exe]  - Creating directory: Export/flash/bin
2016-01-16 11:58:58,489 DEBUG [Thread-13] stencyl.sw.util.StreamGobbler: [haxelib.exe]  - Embedding asset: (IMAGE) Assets/graphics/1.5x/sprite-1-0.png
2016-01-16 11:58:58,490 DEBUG [Thread-13] stencyl.sw.util.StreamGobbler: [haxelib.exe]  - Embedding asset: (IMAGE) Assets/graphics/1x/sprite-1-0.png
2016-01-16 11:58:58,490 DEBUG [Thread-13] stencyl.sw.util.StreamGobbler: [haxelib.exe]  - Embedding asset: (IMAGE) Assets/graphics/2x/sprite-1-0.png
2016-01-16 11:58:58,490 DEBUG [Thread-13] stencyl.sw.util.StreamGobbler: [haxelib.exe]  - Embedding asset: (IMAGE) Assets/graphics/4x/sprite-1-0.png
2016-01-16 11:58:58,490 DEBUG [Thread-13] stencyl.sw.util.StreamGobbler: [haxelib.exe]  - Embedding asset: (TEXT) Assets/graphics/default-font.fnt
2016-01-16 11:58:58,490 DEBUG [Thread-13] stencyl.sw.util.StreamGobbler: [haxelib.exe]  - Embedding asset: (IMAGE) Assets/graphics/default-font.png
2016-01-16 11:58:58,490 DEBUG [Thread-13] stencyl.sw.util.StreamGobbler: [haxelib.exe]  - Embedding asset: (IMAGE) Assets/graphics/preloader-badge.png
2016-01-16 11:58:58,491 DEBUG [Thread-13] stencyl.sw.util.StreamGobbler: [haxelib.exe]  - Embedding asset: (IMAGE) Assets/graphics/preloader-bg.png
2016-01-16 11:58:58,491 DEBUG [Thread-13] stencyl.sw.util.StreamGobbler: [haxelib.exe]  - Embedding asset: (IMAGE) Assets/graphics/preloader-bg@1.5x.png
2016-01-16 11:58:58,491 DEBUG [Thread-13] stencyl.sw.util.StreamGobbler: [haxelib.exe]  - Embedding asset: (IMAGE) Assets/graphics/preloader-bg@2x.png
2016-01-16 11:58:58,491 DEBUG [Thread-13] stencyl.sw.util.StreamGobbler: [haxelib.exe]  - Embedding asset: (IMAGE) Assets/graphics/preloader-bg@4x.png
2016-01-16 11:58:58,491 DEBUG [Thread-13] stencyl.sw.util.StreamGobbler: [haxelib.exe]  - Embedding asset: (TEXT) Assets/data/behaviors.xml
2016-01-16 11:58:58,491 DEBUG [Thread-13] stencyl.sw.util.StreamGobbler: [haxelib.exe]  - Embedding asset: (TEXT) Assets/data/game.xml
2016-01-16 11:58:58,491 DEBUG [Thread-13] stencyl.sw.util.StreamGobbler: [haxelib.exe]  - Embedding asset: (TEXT) Assets/data/resources.xml
2016-01-16 11:58:58,492 DEBUG [Thread-13] stencyl.sw.util.StreamGobbler: [haxelib.exe]  - Embedding asset: (BINARY) Assets/data/scene-0.scn
2016-01-16 11:58:58,492 DEBUG [Thread-13] stencyl.sw.util.StreamGobbler: [haxelib.exe]  - Embedding asset: (TEXT) Assets/data/scene-0.xml
2016-01-16 11:58:58,492 DEBUG [Thread-13] stencyl.sw.util.StreamGobbler: [haxelib.exe]  - Embedding asset: (TEXT) Assets/data/scenes.xml
2016-01-16 11:58:58,492 DEBUG [Thread-13] stencyl.sw.util.StreamGobbler: [haxelib.exe]  - Creating directory: Export/flash/obj
2016-01-16 11:58:58,492 DEBUG [Thread-13] stencyl.sw.util.StreamGobbler: [haxelib.exe]  - Embedding asset: (IMAGE) Assets/graphics/1.5x/sprite-1-0.png
2016-01-16 11:58:58,492 DEBUG [Thread-13] stencyl.sw.util.StreamGobbler: [haxelib.exe]  - Embedding asset: (IMAGE) Assets/graphics/1x/sprite-1-0.png
2016-01-16 11:58:58,493 DEBUG [Thread-13] stencyl.sw.util.StreamGobbler: [haxelib.exe]  - Embedding asset: (IMAGE) Assets/graphics/2x/sprite-1-0.png
2016-01-16 11:58:58,493 DEBUG [Thread-13] stencyl.sw.util.StreamGobbler: [haxelib.exe]  - Embedding asset: (IMAGE) Assets/graphics/4x/sprite-1-0.png
2016-01-16 11:58:58,493 DEBUG [Thread-13] stencyl.sw.util.StreamGobbler: [haxelib.exe]  - Embedding asset: (TEXT) Assets/graphics/default-font.fnt
2016-01-16 11:58:58,493 DEBUG [Thread-13] stencyl.sw.util.StreamGobbler: [haxelib.exe]  - Embedding asset: (IMAGE) Assets/graphics/default-font.png
2016-01-16 11:58:58,493 DEBUG [Thread-13] stencyl.sw.util.StreamGobbler: [haxelib.exe]  - Embedding asset: (IMAGE) Assets/graphics/preloader-badge.png
2016-01-16 11:58:58,493 DEBUG [Thread-13] stencyl.sw.util.StreamGobbler: [haxelib.exe]  - Embedding asset: (IMAGE) Assets/graphics/preloader-bg.png
2016-01-16 11:58:58,493 DEBUG [Thread-13] stencyl.sw.util.StreamGobbler: [haxelib.exe]  - Embedding asset: (IMAGE) Assets/graphics/preloader-bg@1.5x.png
2016-01-16 11:58:58,494 DEBUG [Thread-13] stencyl.sw.util.StreamGobbler: [haxelib.exe]  - Embedding asset: (IMAGE) Assets/graphics/preloader-bg@2x.png
2016-01-16 11:58:58,494 DEBUG [Thread-13] stencyl.sw.util.StreamGobbler: [haxelib.exe]  - Embedding asset: (IMAGE) Assets/graphics/preloader-bg@4x.png
2016-01-16 11:58:58,494 DEBUG [Thread-13] stencyl.sw.util.StreamGobbler: [haxelib.exe]  - Embedding asset: (TEXT) Assets/data/behaviors.xml
2016-01-16 11:58:58,494 DEBUG [Thread-13] stencyl.sw.util.StreamGobbler: [haxelib.exe]  - Embedding asset: (TEXT) Assets/data/game.xml
2016-01-16 11:58:58,494 DEBUG [Thread-13] stencyl.sw.util.StreamGobbler: [haxelib.exe]  - Embedding asset: (TEXT) Assets/data/resources.xml
2016-01-16 11:58:58,494 DEBUG [Thread-13] stencyl.sw.util.StreamGobbler: [haxelib.exe]  - Embedding asset: (BINARY) Assets/data/scene-0.scn
2016-01-16 11:58:58,494 DEBUG [Thread-13] stencyl.sw.util.StreamGobbler: [haxelib.exe]  - Embedding asset: (TEXT) Assets/data/scene-0.xml
2016-01-16 11:58:58,495 DEBUG [Thread-13] stencyl.sw.util.StreamGobbler: [haxelib.exe]  - Embedding asset: (TEXT) Assets/data/scenes.xml
2016-01-16 11:58:58,772 DEBUG [Thread-13] stencyl.sw.util.StreamGobbler: [haxelib.exe]  - Creating directory: Export/flash/haxe
2016-01-16 11:58:58,773 DEBUG [Thread-13] stencyl.sw.util.StreamGobbler: [haxelib.exe]  - Copying template file: C:\Users\EConway6922\Downloads\Stencyl\plaf\haxe\lib/lime/lime/templates/haxe/ApplicationMain.hx -> Export/flash/haxe/ApplicationMain.hx
2016-01-16 11:58:58,775 DEBUG [Thread-13] stencyl.sw.util.StreamGobbler: [haxelib.exe]  - Copying template file: C:\Users\EConway6922\Downloads\Stencyl\plaf\haxe\lib/lime/lime/templates/haxe/DefaultAssetLibrary.hx -> Export/flash/haxe/DefaultAssetLibrary.hx
2016-01-16 11:58:58,787 DEBUG [Thread-13] stencyl.sw.util.StreamGobbler: [haxelib.exe]  - Copying template file: C:\Users\EConway6922\Downloads\Stencyl\plaf\haxe\lib/openfl/openfl/templates/haxe/ApplicationMain.hx -> Export/flash/haxe/ApplicationMain.hx
2016-01-16 11:58:58,791 DEBUG [Thread-13] stencyl.sw.util.StreamGobbler: [haxelib.exe]  - Copying template file: C:\Users\EConway6922\Downloads\Stencyl\plaf\haxe\lib/openfl/openfl/templates/haxe/NMEPreloader.hx -> Export/flash/haxe/NMEPreloader.hx
2016-01-16 11:58:58,796 DEBUG [Thread-13] stencyl.sw.util.StreamGobbler: [haxelib.exe]  - Copying template file: C:\Users\EConway6922\Downloads\Stencyl\plaf\haxe\lib/lime/lime/templates/flash/hxml/debug.hxml -> Export/flash/haxe/debug.hxml
2016-01-16 11:58:58,798 DEBUG [Thread-13] stencyl.sw.util.StreamGobbler: [haxelib.exe]  - Copying template file: C:\Users\EConway6922\Downloads\Stencyl\plaf\haxe\lib/lime/lime/templates/flash/hxml/final.hxml -> Export/flash/haxe/final.hxml
2016-01-16 11:58:58,800 DEBUG [Thread-13] stencyl.sw.util.StreamGobbler: [haxelib.exe]  - Copying template file: C:\Users\EConway6922\Downloads\Stencyl\plaf\haxe\lib/lime/lime/templates/flash/hxml/release.hxml -> Export/flash/haxe/release.hxml
2016-01-16 11:58:58,801 DEBUG [Thread-13] stencyl.sw.util.StreamGobbler: [haxelib.exe]  - Copying template file: C:\Users\EConway6922\Downloads\Stencyl\plaf\haxe\lib/openfl/openfl/templates/flash/hxml/debug.hxml -> Export/flash/haxe/debug.hxml
2016-01-16 11:58:58,802 DEBUG [Thread-13] stencyl.sw.util.StreamGobbler: [haxelib.exe]  - Copying template file: C:\Users\EConway6922\Downloads\Stencyl\plaf\haxe\lib/openfl/openfl/templates/flash/hxml/final.hxml -> Export/flash/haxe/final.hxml
2016-01-16 11:58:58,804 DEBUG [Thread-13] stencyl.sw.util.StreamGobbler: [haxelib.exe]  - Copying template file: C:\Users\EConway6922\Downloads\Stencyl\plaf\haxe\lib/openfl/openfl/templates/flash/hxml/release.hxml -> Export/flash/haxe/release.hxml
2016-01-16 11:58:58,806 INFO  [Thread-13] stencyl.sw.util.StreamGobbler: [haxelib.exe] Running command: BUILD
2016-01-16 11:58:58,806 DEBUG [Thread-13] stencyl.sw.util.StreamGobbler: [haxelib.exe]  - Running command: haxe -main ApplicationMain -cp C:/Users/EConway6922/Downloads/Stencyl/plaf/haxe/lib/openfl/openfl -D openfl=3.3.8 -cp C:/Users/EConway6922/Downloads/Stencyl/plaf/haxe/lib/lime/lime -D lime=2.6.8 -cp C:/Users/EConway6922/Downloads/Stencyl/plaf/haxe/lib/actuate/1,6,5 -D actuate=1.6.5 -cp C:/Users/EConway6922/Downloads/Stencyl/plaf/haxe/lib/console/1,00 -D console=0.0.0 -cp C:/Users/EConway6922/Downloads/Stencyl/plaf/haxe/lib/polygonal-ds/1,4,1 -D polygonal-ds=1.4.1 -cp C:/Users/EConway6922/Downloads/Stencyl/plaf/haxe/lib/polygonal-printf/1,0,0-beta -D polygonal-printf=1.0.0-beta -cp C:/Users/EConway6922/Downloads/Stencyl/plaf/haxe/lib/box2d/1,11 -D box2d=0.0.0 -cp C:/Users/EConway6922/Downloads/Stencyl/plaf/haxe/lib/stencyl/1,00 -D stencyl=0.0.0 -cp Source -cp C:\Users\EConway6922\Downloads\Stencyl\plaf\haxe\extensions/gestures -D native-trace -D openfl-next -D tools=2.6.8 -D flash-use-stage -D no-compilation -D openfl-flash -D verbose=1 -D web --remap nme:openfl -D network-sandbox -D as3_native -D swf-directblit -swf-lib newgrounds.swf -swf-lib cpmstar.swf -resource Assets/graphics/preloader-bg.png@preloader-bg -swf-lib Export/flash/obj/assets.swf -swf-version 11 -swf Export/flash/bin/Dreams.swf -cp Export/flash/haxe -debug
2016-01-16 11:59:02,447 DEBUG [pool-1-thread-2] stencyl.sw.util.Util: Process 'haxelib.exe' exited with code: 0
2016-01-16 11:59:02,448 INFO  [pool-1-thread-2] stencyl.sw.io.write.resource.HXWriter: Finished: Building for Flash.
2016-01-16 11:59:02,449 DEBUG [pool-1-thread-2] stencyl.sw.util.Util: Running command: [C:\Users\EConway6922\Downloads\Stencyl\ext-tools\players\flash-10-win, C:\Users\EConway6922\Documents\stencylworks\games-generated\Dreams\Export\flash\bin\Dreams.swf]
2016-01-16 11:59:02,797 INFO  [pool-1-thread-1] stencyl.sw.app.filewatcher.ExternalAppLauncher: [Flash] Universal#initScreen(194): Stage Width: 640
2016-01-16 11:59:02,797 INFO  [pool-1-thread-1] stencyl.sw.app.filewatcher.ExternalAppLauncher: [Flash] Universal#initScreen(195): Stage Height: 480
2016-01-16 11:59:02,797 INFO  [pool-1-thread-1] stencyl.sw.app.filewatcher.ExternalAppLauncher: [Flash] Universal#initScreen(196): Screen Width: 640
2016-01-16 11:59:02,797 INFO  [pool-1-thread-1] stencyl.sw.app.filewatcher.ExternalAppLauncher: [Flash] Universal#initScreen(197): Screen Height: 480
2016-01-16 11:59:02,798 INFO  [pool-1-thread-1] stencyl.sw.app.filewatcher.ExternalAppLauncher: [Flash] Universal#initScreen(198): Screen DPI: 72
2016-01-16 11:59:02,798 INFO  [pool-1-thread-1] stencyl.sw.app.filewatcher.ExternalAppLauncher: [Flash] Universal#initScreen(377): Max Scale: 4
2016-01-16 11:59:02,798 INFO  [pool-1-thread-1] stencyl.sw.app.filewatcher.ExternalAppLauncher: [Flash] Universal#initScreen(378): Engine Scale: 1x
2016-01-16 11:59:02,798 INFO  [pool-1-thread-1] stencyl.sw.app.filewatcher.ExternalAppLauncher: [Flash] Universal#initScreen(732): Scale X: 1
2016-01-16 11:59:02,798 INFO  [pool-1-thread-1] stencyl.sw.app.filewatcher.ExternalAppLauncher: [Flash] Universal#initScreen(733): Scale Y: 1
2016-01-16 11:59:13,197 DEBUG [AWT-EventQueue-0] stencyl.sw.app.App: Action: Exit
2016-01-16 11:59:13,198 INFO  [AWT-EventQueue-0] stencyl.sw.app.App: Attempting to quit out of Stencyl.
2016-01-16 11:59:14,804 INFO  [pool-1-thread-2] stencyl.sw.io.write.MasterWriter: Saving game in place.
2016-01-16 11:59:14,860 DEBUG [pool-1-thread-2] stencyl.sw.util.FileHelper: Saving backup file C:\Users\EConway6922\Documents\stencylworks\games\Dreams\game.xml.bak.
2016-01-16 11:59:18,011 DEBUG [pool-1-thread-2] stencyl.sw.io.write.MasterWriter: Writing out local resources.
2016-01-16 11:59:18,015 DEBUG [pool-1-thread-2] stencyl.sw.util.FileHelper: Saving backup file C:\Users\EConway6922\Documents\stencylworks\games\Dreams\resources\data.xml.bak.
2016-01-16 11:59:18,016 DEBUG [pool-1-thread-2] stencyl.sw.io.write.resource.SpriteWriter: Mark actor's sprite as clean (disk).
2016-01-16 11:59:18,020 DEBUG [pool-1-thread-2] stencyl.sw.io.write.MasterWriter: Writing out scenes.
2016-01-16 11:59:18,026 DEBUG [pool-1-thread-2] stencyl.sw.editors.scene.SceneRenderer: Saving thumbnail: C:\Users\EConway6922\Documents\stencylworks\games\Dreams\scenes\0.png
2016-01-16 11:59:18,043 DEBUG [pool-1-thread-2] stencyl.sw.io.write.resource.SceneWriter: Writing terrain.
2016-01-16 11:59:18,043 DEBUG [pool-1-thread-2] stencyl.thirdparty.org.phys2d.Combiner: Num Tiles: 0
2016-01-16 11:59:18,044 DEBUG [pool-1-thread-2] stencyl.thirdparty.org.phys2d.Combiner: Coverage: 0.0%
2016-01-16 11:59:18,044 DEBUG [pool-1-thread-2] stencyl.thirdparty.org.phys2d.Combiner: Segments: (1,1)
2016-01-16 11:59:18,044 DEBUG [pool-1-thread-2] stencyl.thirdparty.org.phys2d.Combiner: Using Pairwise
2016-01-16 11:59:18,044 DEBUG [pool-1-thread-2] stencyl.thirdparty.org.phys2d.Combiner: Combine took: 1ms
2016-01-16 11:59:18,044 DEBUG [pool-1-thread-2] stencyl.sw.io.write.resource.SceneWriter: Terrain processing took: 0ms
2016-01-16 11:59:18,059 DEBUG [pool-1-thread-2] stencyl.core.lib.io.read.SceneReader: Reading header for Scene: 0 (TEST) from: scenes\0.xml
2016-01-16 11:59:18,063 DEBUG [pool-1-thread-2] stencyl.sw.io.write.resource.ScenesWriter: Writing out Scene TEST
2016-01-16 11:59:18,064 DEBUG [pool-1-thread-2] stencyl.sw.io.write.MasterWriter: Copying over snippets.
2016-01-16 11:59:18,075 DEBUG [pool-1-thread-2] stencyl.sw.util.FileHelper: Saving backup file C:\Users\EConway6922\Documents\stencylworks\games\Dreams\snippets\list.xml.bak.
2016-01-16 11:59:18,106 DEBUG [pool-1-thread-2] stencyl.sw.io.write.resource.SnippetsWriter: Copy from opened to disk: SceneEvents_0
2016-01-16 11:59:18,107 DEBUG [pool-1-thread-2] stencyl.sw.util.FileHelper: Deleting: C:\Users\EConway6922\Documents\stencylworks\games\Dreams\behavior-hx\SceneEvents_0.hx
2016-01-16 11:59:18,109 DEBUG [pool-1-thread-2] stencyl.sw.io.write.resource.SnippetsWriter: Copied to: C:\Users\EConway6922\Documents\stencylworks\games\Dreams\snippets\SceneEvents_0.design
2016-01-16 11:59:18,121 DEBUG [pool-1-thread-2] stencyl.sw.io.write.MasterWriter: Saving block favorites.
2016-01-16 11:59:18,125 INFO  [pool-1-thread-2] stencyl.sw.io.write.MasterWriter: Done writing game.
2016-01-16 11:59:18,159 DEBUG [AWT-EventQueue-0] stencyl.sw.util.Util: Running command: [taskkill, /im, neko.exe, /f]
2016-01-16 11:59:18,279 DEBUG [Thread-15] stencyl.sw.util.StreamGobbler: [taskkill] ERROR: The process "neko.exe" not found.
2016-01-16 11:59:18,282 DEBUG [AWT-EventQueue-0] stencyl.sw.util.Util: Process 'taskkill' exited with code: 128
2016-01-16 11:59:18,284 DEBUG [AWT-EventQueue-0] stencyl.sw.util.Util: Running command: [taskkill, /im, adb.exe, /f]
2016-01-16 11:59:18,409 DEBUG [Thread-16] stencyl.sw.util.StreamGobbler: [taskkill] ERROR: The process "adb.exe" not found.
2016-01-16 11:59:18,413 DEBUG [AWT-EventQueue-0] stencyl.sw.util.Util: Process 'taskkill' exited with code: 128
2016-01-16 11:59:18,413 DEBUG [AWT-EventQueue-0] stencyl.sw.util.Util: Running command: [taskkill, /im, arm-linux-androideabi-g++.exe, /f]
2016-01-16 11:59:18,501 DEBUG [Thread-17] stencyl.sw.util.StreamGobbler: [taskkill] ERROR: The process "arm-linux-androideabi-g++.exe" not found.
2016-01-16 11:59:18,504 DEBUG [AWT-EventQueue-0] stencyl.sw.util.Util: Process 'taskkill' exited with code: 128
2016-01-16 11:59:18,505 DEBUG [AWT-EventQueue-0] stencyl.sw.util.Util: Running command: [taskkill, /im, cc1plus.exe, /f]
2016-01-16 11:59:18,603 DEBUG [Thread-18] stencyl.sw.util.StreamGobbler: [taskkill] ERROR: The process "cc1plus.exe" not found.
2016-01-16 11:59:18,607 DEBUG [AWT-EventQueue-0] stencyl.sw.util.Util: Process 'taskkill' exited with code: 128
2016-01-16 11:59:18,607 DEBUG [AWT-EventQueue-0] stencyl.sw.util.Util: Running command: [taskkill, /im, tail.exe, /f]
2016-01-16 11:59:18,862 DEBUG [Thread-19] stencyl.sw.util.StreamGobbler: [taskkill] ERROR: The process "tail.exe" not found.
2016-01-16 11:59:18,868 DEBUG [AWT-EventQueue-0] stencyl.sw.util.Util: Process 'taskkill' exited with code: 128
2016-01-16 11:59:18,869 DEBUG [AWT-EventQueue-0] stencyl.sw.util.Util: Running command: [taskkill, /im, ios-sim.exe, /f]
2016-01-16 11:59:19,114 DEBUG [Thread-20] stencyl.sw.util.StreamGobbler: [taskkill] ERROR: The process "ios-sim.exe" not found.
2016-01-16 11:59:19,121 DEBUG [AWT-EventQueue-0] stencyl.sw.util.Util: Process 'taskkill' exited with code: 128
2016-01-16 11:59:19,122 DEBUG [AWT-EventQueue-0] stencyl.sw.app.App: Destroying extensions.
2016-01-16 11:59:19,123 DEBUG [AWT-EventQueue-0] stencyl.sw.app.App: Performing final close.
2016-01-16 11:59:19,149 INFO  [AWT-EventQueue-0] stencyl.sw.app.App: Exiting...
2016-01-16 11:59:19,150 DEBUG [AWT-EventQueue-0] stencyl.sw.app.App: Destroying Temporary Sandbox.
2016-01-16 11:59:19,151 DEBUG [AWT-EventQueue-0] stencyl.sw.util.FileHelper: Deleting: C:\Users\EConway6922\AppData\Local\Temp\stencyl9030056411092228521
