2016-01-26 10:26:17,694 INFO  [main] stencyl.sw.Session: Logfile: C:\Users\EConway6922\Documents\stencylworks\logs\2016-01-26_10-26-17.log
2016-01-26 10:26:17,709 INFO  [main] stencyl.sw.Session: OS Name: Windows 7
2016-01-26 10:26:17,709 INFO  [main] stencyl.sw.Session: OS Version: 6.1 (64-bit)
2016-01-26 10:26:17,709 INFO  [main] stencyl.sw.Session: Java Version: 1.8.0_60
2016-01-26 10:26:17,725 INFO  [main] stencyl.sw.Session: Stencyl Version: 3.3.2 (b8734)
2016-01-26 10:26:17,725 INFO  [main] stencyl.sw.Session: Stencyl Workspace: C:\Users\EConway6922\Documents\
2016-01-26 10:26:17,725 INFO  [main] stencyl.sw.Session: User Working Directory: C:\Users\EConway6922\Downloads\Stencyl
2016-01-26 10:26:17,725 INFO  [main] stencyl.sw.Session: User Home Directory: C:\Users\EConway6922
2016-01-26 10:26:17,725 INFO  [main] stencyl.sw.Session: System Path: C:\ProgramData\Oracle\Java\javapath;C:\Program Files (x86)\Intel\iCLS Client\;C:\Program Files\Intel\iCLS Client\;C:\WINDOWS\system32;C:\WINDOWS;C:\WINDOWS\System32\Wbem;C:\WINDOWS\System32\WindowsPowerShell\v1.0\;C:\WINDOWS\CCM;C:\WINDOWS\CCM;C:\Program Files (x86)\QuickTime\QTSystem\;C:\Program Files\Intel\Intel(R) Management Engine Components\DAL;C:\Program Files\Intel\Intel(R) Management Engine Components\IPT;C:\Program Files (x86)\Intel\Intel(R) Management Engine Components\DAL;C:\Program Files (x86)\Intel\Intel(R) Management Engine Components\IPT;C:\Users\EConway6922\Downloads\Stencyl\runtimes\jre-win\bin
2016-01-26 10:26:17,881 DEBUG [main] stencyl.sw.util.FileHelper: Deleting: C:\Users\ECONWA~1\AppData\Local\Temp\stencyl5656347877057819017
2016-01-26 10:26:17,881 DEBUG [main] stencyl.sw.loc.LanguagePack: Reading... lang\en\global-phrases.lang
2016-01-26 10:26:17,896 DEBUG [main] stencyl.sw.loc.LanguagePack: Reading... lang\en\global-errors.lang
2016-01-26 10:26:17,896 DEBUG [main] stencyl.sw.loc.LanguagePack: Reading... lang\en\global-menu.lang
2016-01-26 10:26:17,912 DEBUG [main] stencyl.sw.loc.LanguagePack: Reading... lang\en\global-welcome.lang
2016-01-26 10:26:17,912 DEBUG [main] stencyl.sw.loc.LanguagePack: Reading... lang\en\global-dashboard.lang
2016-01-26 10:26:17,912 DEBUG [main] stencyl.sw.loc.LanguagePack: Reading... lang\en\global-publish.lang
2016-01-26 10:26:17,912 DEBUG [main] stencyl.sw.loc.LanguagePack: Reading... lang\en\global-updater.lang
2016-01-26 10:26:17,943 DEBUG [main] stencyl.sw.loc.LanguagePack: Reading... lang\en\global-chat.lang
2016-01-26 10:26:17,943 DEBUG [main] stencyl.sw.loc.LanguagePack: Reading... lang\en\global-misc.lang
2016-01-26 10:26:17,943 DEBUG [main] stencyl.sw.loc.LanguagePack: Reading... lang\en\global-forge.lang
2016-01-26 10:26:17,943 DEBUG [main] stencyl.sw.loc.LanguagePack: Reading... lang\en\global-prefs.lang
2016-01-26 10:26:17,959 DEBUG [main] stencyl.sw.loc.LanguagePack: Reading... lang\en\global-creategame.lang
2016-01-26 10:26:17,959 DEBUG [main] stencyl.sw.loc.LanguagePack: Reading... lang\en\behavior-main.lang
2016-01-26 10:26:17,959 DEBUG [main] stencyl.sw.loc.LanguagePack: Reading... lang\en\behavior-blocks.lang
2016-01-26 10:26:17,974 DEBUG [main] stencyl.sw.loc.LanguagePack: Reading... lang\en\behavior-blockhelp.lang
2016-01-26 10:26:17,990 DEBUG [main] stencyl.sw.loc.LanguagePack: Reading... lang\en\behavior-events.lang
2016-01-26 10:26:17,990 DEBUG [main] stencyl.sw.loc.LanguagePack: Reading... lang\en\behavior-code.lang
2016-01-26 10:26:17,990 DEBUG [main] stencyl.sw.loc.LanguagePack: Reading... lang\en\behavior-attributes.lang
2016-01-26 10:26:17,990 DEBUG [main] stencyl.sw.loc.LanguagePack: Reading... lang\en\behavior-create.lang
2016-01-26 10:26:17,990 DEBUG [main] stencyl.sw.loc.LanguagePack: Reading... lang\en\behavior-byob.lang
2016-01-26 10:26:17,990 DEBUG [main] stencyl.sw.loc.LanguagePack: Reading... lang\en\editor-actor-main.lang
2016-01-26 10:26:18,006 DEBUG [main] stencyl.sw.loc.LanguagePack: Reading... lang\en\editor-actor-physics.lang
2016-01-26 10:26:18,006 DEBUG [main] stencyl.sw.loc.LanguagePack: Reading... lang\en\editor-background.lang
2016-01-26 10:26:18,006 DEBUG [main] stencyl.sw.loc.LanguagePack: Reading... lang\en\editor-behaviorchooser.lang
2016-01-26 10:26:18,006 DEBUG [main] stencyl.sw.loc.LanguagePack: Reading... lang\en\editor-desktop.lang
2016-01-26 10:26:18,006 DEBUG [main] stencyl.sw.loc.LanguagePack: Reading... lang\en\editor-font.lang
2016-01-26 10:26:18,006 DEBUG [main] stencyl.sw.loc.LanguagePack: Reading... lang\en\editor-sound.lang
2016-01-26 10:26:18,006 DEBUG [main] stencyl.sw.loc.LanguagePack: Reading... lang\en\editor-tileset.lang
2016-01-26 10:26:18,006 DEBUG [main] stencyl.sw.loc.LanguagePack: Reading... lang\en\editor-preloader.lang
2016-01-26 10:26:18,006 DEBUG [main] stencyl.sw.loc.LanguagePack: Reading... lang\en\editor-mobile.lang
2016-01-26 10:26:18,021 DEBUG [main] stencyl.sw.loc.LanguagePack: Reading... lang\en\editor-groups.lang
2016-01-26 10:26:18,021 DEBUG [main] stencyl.sw.loc.LanguagePack: Reading... lang\en\editor-attributes.lang
2016-01-26 10:26:18,021 DEBUG [main] stencyl.sw.loc.LanguagePack: Reading... lang\en\editor-input.lang
2016-01-26 10:26:18,021 DEBUG [main] stencyl.sw.loc.LanguagePack: Reading... lang\en\editor-animation.lang
2016-01-26 10:26:18,021 DEBUG [main] stencyl.sw.loc.LanguagePack: Reading... lang\en\editor-scene-main.lang
2016-01-26 10:26:18,021 DEBUG [main] stencyl.sw.loc.LanguagePack: Reading... lang\en\editor-scene-create.lang
2016-01-26 10:26:18,021 DEBUG [main] stencyl.sw.loc.LanguagePack: Reading... lang\en\editor-scene-tools.lang
2016-01-26 10:26:18,021 DEBUG [main] stencyl.sw.loc.LanguagePack: Reading... lang\en\global-phrases.lang
2016-01-26 10:26:18,021 DEBUG [main] stencyl.sw.loc.LanguagePack: Reading... lang\en\global-errors.lang
2016-01-26 10:26:18,037 DEBUG [main] stencyl.sw.loc.LanguagePack: Reading... lang\en\global-menu.lang
2016-01-26 10:26:18,037 DEBUG [main] stencyl.sw.loc.LanguagePack: Reading... lang\en\global-welcome.lang
2016-01-26 10:26:18,037 DEBUG [main] stencyl.sw.loc.LanguagePack: Reading... lang\en\global-dashboard.lang
2016-01-26 10:26:18,037 DEBUG [main] stencyl.sw.loc.LanguagePack: Reading... lang\en\global-publish.lang
2016-01-26 10:26:18,037 DEBUG [main] stencyl.sw.loc.LanguagePack: Reading... lang\en\global-updater.lang
2016-01-26 10:26:18,037 DEBUG [main] stencyl.sw.loc.LanguagePack: Reading... lang\en\global-chat.lang
2016-01-26 10:26:18,037 DEBUG [main] stencyl.sw.loc.LanguagePack: Reading... lang\en\global-misc.lang
2016-01-26 10:26:18,037 DEBUG [main] stencyl.sw.loc.LanguagePack: Reading... lang\en\global-forge.lang
2016-01-26 10:26:18,037 DEBUG [main] stencyl.sw.loc.LanguagePack: Reading... lang\en\global-prefs.lang
2016-01-26 10:26:18,037 DEBUG [main] stencyl.sw.loc.LanguagePack: Reading... lang\en\global-creategame.lang
2016-01-26 10:26:18,099 DEBUG [main] stencyl.sw.loc.LanguagePack: Reading... lang\en\behavior-main.lang
2016-01-26 10:26:18,115 DEBUG [main] stencyl.sw.loc.LanguagePack: Reading... lang\en\behavior-blocks.lang
2016-01-26 10:26:18,115 DEBUG [main] stencyl.sw.loc.LanguagePack: Reading... lang\en\behavior-blockhelp.lang
2016-01-26 10:26:18,130 DEBUG [main] stencyl.sw.loc.LanguagePack: Reading... lang\en\behavior-events.lang
2016-01-26 10:26:18,130 DEBUG [main] stencyl.sw.loc.LanguagePack: Reading... lang\en\behavior-code.lang
2016-01-26 10:26:18,130 DEBUG [main] stencyl.sw.loc.LanguagePack: Reading... lang\en\behavior-attributes.lang
2016-01-26 10:26:18,130 DEBUG [main] stencyl.sw.loc.LanguagePack: Reading... lang\en\behavior-create.lang
2016-01-26 10:26:18,130 DEBUG [main] stencyl.sw.loc.LanguagePack: Reading... lang\en\behavior-byob.lang
2016-01-26 10:26:18,130 DEBUG [main] stencyl.sw.loc.LanguagePack: Reading... lang\en\editor-actor-main.lang
2016-01-26 10:26:18,130 DEBUG [main] stencyl.sw.loc.LanguagePack: Reading... lang\en\editor-actor-physics.lang
2016-01-26 10:26:18,130 DEBUG [main] stencyl.sw.loc.LanguagePack: Reading... lang\en\editor-background.lang
2016-01-26 10:26:18,130 DEBUG [main] stencyl.sw.loc.LanguagePack: Reading... lang\en\editor-behaviorchooser.lang
2016-01-26 10:26:18,130 DEBUG [main] stencyl.sw.loc.LanguagePack: Reading... lang\en\editor-desktop.lang
2016-01-26 10:26:18,130 DEBUG [main] stencyl.sw.loc.LanguagePack: Reading... lang\en\editor-font.lang
2016-01-26 10:26:18,130 DEBUG [main] stencyl.sw.loc.LanguagePack: Reading... lang\en\editor-sound.lang
2016-01-26 10:26:18,146 DEBUG [main] stencyl.sw.loc.LanguagePack: Reading... lang\en\editor-tileset.lang
2016-01-26 10:26:18,146 DEBUG [main] stencyl.sw.loc.LanguagePack: Reading... lang\en\editor-preloader.lang
2016-01-26 10:26:18,193 DEBUG [main] stencyl.sw.loc.LanguagePack: Reading... lang\en\editor-mobile.lang
2016-01-26 10:26:18,193 DEBUG [main] stencyl.sw.loc.LanguagePack: Reading... lang\en\editor-groups.lang
2016-01-26 10:26:18,193 DEBUG [main] stencyl.sw.loc.LanguagePack: Reading... lang\en\editor-attributes.lang
2016-01-26 10:26:18,193 DEBUG [main] stencyl.sw.loc.LanguagePack: Reading... lang\en\editor-input.lang
2016-01-26 10:26:18,193 DEBUG [main] stencyl.sw.loc.LanguagePack: Reading... lang\en\editor-animation.lang
2016-01-26 10:26:18,193 DEBUG [main] stencyl.sw.loc.LanguagePack: Reading... lang\en\editor-scene-main.lang
2016-01-26 10:26:18,193 DEBUG [main] stencyl.sw.loc.LanguagePack: Reading... lang\en\editor-scene-create.lang
2016-01-26 10:26:18,193 DEBUG [main] stencyl.sw.loc.LanguagePack: Reading... lang\en\editor-scene-tools.lang
2016-01-26 10:26:18,193 INFO  [AWT-EventQueue-0] stencyl.sw.SW: Initializing Stencyl.
2016-01-26 10:26:18,208 DEBUG [AWT-EventQueue-0] stencyl.sw.Splash: Set Splash message: Look
2016-01-26 10:26:19,878 INFO  [AWT-EventQueue-0] stencyl.sw.ext.ExtensionDependencyManager: Haxelib actuate 1.6.5
2016-01-26 10:26:19,893 INFO  [AWT-EventQueue-0] stencyl.sw.ext.ExtensionDependencyManager: Haxelib box2d 1.11.0
2016-01-26 10:26:19,893 INFO  [AWT-EventQueue-0] stencyl.sw.ext.ExtensionDependencyManager: Haxelib box2d-fake 1.11.0
2016-01-26 10:26:19,893 INFO  [AWT-EventQueue-0] stencyl.sw.ext.ExtensionDependencyManager: Haxelib console 1.0.0
2016-01-26 10:26:19,893 INFO  [AWT-EventQueue-0] stencyl.sw.ext.ExtensionDependencyManager: Haxelib format 3.1.2
2016-01-26 10:26:19,893 INFO  [AWT-EventQueue-0] stencyl.sw.ext.ExtensionDependencyManager: Haxelib hxcpp 3.2.0
2016-01-26 10:26:19,893 INFO  [AWT-EventQueue-0] stencyl.sw.ext.ExtensionDependencyManager: Haxelib hxtelemetry 0.3.1
2016-01-26 10:26:19,893 INFO  [AWT-EventQueue-0] stencyl.sw.ext.ExtensionDependencyManager: Haxelib layout 1.1.0
2016-01-26 10:26:19,893 INFO  [AWT-EventQueue-0] stencyl.sw.ext.ExtensionDependencyManager: Haxelib lime 2.6.8
2016-01-26 10:26:19,893 INFO  [AWT-EventQueue-0] stencyl.sw.ext.ExtensionDependencyManager: Haxelib openfl 3.3.8
2016-01-26 10:26:19,893 INFO  [AWT-EventQueue-0] stencyl.sw.ext.ExtensionDependencyManager: Haxelib polygonal-ds 1.4.1
2016-01-26 10:26:19,893 INFO  [AWT-EventQueue-0] stencyl.sw.ext.ExtensionDependencyManager: Haxelib polygonal-printf 1.0.0.beta
2016-01-26 10:26:19,909 INFO  [AWT-EventQueue-0] stencyl.sw.ext.ExtensionDependencyManager: Haxelib stencyl 1.0.0
2016-01-26 10:26:19,909 INFO  [AWT-EventQueue-0] stencyl.sw.ext.ExtensionDependencyManager: Haxelib stencyl-cppia 1.0.0
2016-01-26 10:26:19,909 INFO  [AWT-EventQueue-0] stencyl.sw.ext.ExtensionDependencyManager: Haxelib svg 1.0.8
2016-01-26 10:26:19,909 INFO  [AWT-EventQueue-0] stencyl.sw.ext.ExtensionDependencyManager: Haxelib swf 1.7.4
2016-01-26 10:26:19,909 INFO  [AWT-EventQueue-0] stencyl.sw.ext.ExtensionDependencyManager: Haxelib tilelayer 0.2.1
2016-01-26 10:26:19,924 DEBUG [AWT-EventQueue-0] stencyl.sw.util.FileHelper: Matching (non-hidden) files within C:\Users\EConway6922\Documents\stencylworks\extensions: []
2016-01-26 10:26:19,924 DEBUG [AWT-EventQueue-0] stencyl.sw.util.FileHelper: Matching (non-hidden) files within C:\Users\EConway6922\Documents\stencylworks\extensions: []
2016-01-26 10:26:19,924 DEBUG [AWT-EventQueue-0] stencyl.sw.editors.game.advanced.EngineExtensionManager: Loading engine extensions...
2016-01-26 10:26:19,924 DEBUG [AWT-EventQueue-0] stencyl.sw.util.FileHelper: Directories within C:\Users\EConway6922\Documents\stencylworks\engine-extensions: []
2016-01-26 10:26:19,924 INFO  [AWT-EventQueue-0] stencyl.sw.editors.game.advanced.EngineExtensionManager: Engine Extensions: []
2016-01-26 10:26:19,924 WARN  [AWT-EventQueue-0] stencyl.sw.app.ExtensionManager: Couldn't load extension settings.
2016-01-26 10:26:19,924 INFO  [AWT-EventQueue-0] stencyl.sw.app.ExtensionManager: Toolset Extensions: []
2016-01-26 10:26:19,971 DEBUG [AWT-EventQueue-0] stencyl.sw.SW: Maximized frame.
2016-01-26 10:26:20,190 DEBUG [AWT-EventQueue-0] stencyl.sw.app.doc.Workspace: Activated: Welcome Center
2016-01-26 10:26:20,190 DEBUG [AWT-EventQueue-0] stencyl.sw.app.App: Non-silent Authentication.
2016-01-26 10:26:20,190 DEBUG [AWT-EventQueue-0] stencyl.sw.Splash: Dispose Splash
2016-01-26 10:26:20,283 DEBUG [pool-1-thread-1] stencyl.sw.app.tasks.AuthenticateTask: Response: guest
2016-01-26 10:26:20,283 INFO  [pool-1-thread-1] stencyl.sw.app.tasks.AuthenticateTask: Could not log in. Check your login credentials.
2016-01-26 10:26:35,690 INFO  [AWT-EventQueue-0] stencyl.sw.app.App: Attempting to quit out of Stencyl.
2016-01-26 10:26:35,706 DEBUG [AWT-EventQueue-0] stencyl.sw.util.Util: Running command: [taskkill, /im, neko.exe, /f]
2016-01-26 10:26:35,940 DEBUG [Thread-6] stencyl.sw.util.StreamGobbler: [taskkill] ERROR: The process "neko.exe" not found.
2016-01-26 10:26:35,940 DEBUG [AWT-EventQueue-0] stencyl.sw.util.Util: Process 'taskkill' exited with code: 128
2016-01-26 10:26:35,940 DEBUG [AWT-EventQueue-0] stencyl.sw.util.Util: Running command: [taskkill, /im, adb.exe, /f]
2016-01-26 10:26:36,158 DEBUG [Thread-7] stencyl.sw.util.StreamGobbler: [taskkill] ERROR: The process "adb.exe" not found.
2016-01-26 10:26:36,174 DEBUG [AWT-EventQueue-0] stencyl.sw.util.Util: Process 'taskkill' exited with code: 128
2016-01-26 10:26:36,174 DEBUG [AWT-EventQueue-0] stencyl.sw.util.Util: Running command: [taskkill, /im, arm-linux-androideabi-g++.exe, /f]
2016-01-26 10:26:36,361 DEBUG [Thread-8] stencyl.sw.util.StreamGobbler: [taskkill] ERROR: The process "arm-linux-androideabi-g++.exe" not found.
2016-01-26 10:26:36,361 DEBUG [AWT-EventQueue-0] stencyl.sw.util.Util: Process 'taskkill' exited with code: 128
2016-01-26 10:26:36,361 DEBUG [AWT-EventQueue-0] stencyl.sw.util.Util: Running command: [taskkill, /im, cc1plus.exe, /f]
2016-01-26 10:26:36,548 DEBUG [Thread-9] stencyl.sw.util.StreamGobbler: [taskkill] ERROR: The process "cc1plus.exe" not found.
2016-01-26 10:26:36,564 DEBUG [AWT-EventQueue-0] stencyl.sw.util.Util: Process 'taskkill' exited with code: 128
2016-01-26 10:26:36,564 DEBUG [AWT-EventQueue-0] stencyl.sw.util.Util: Running command: [taskkill, /im, tail.exe, /f]
2016-01-26 10:26:36,766 DEBUG [Thread-10] stencyl.sw.util.StreamGobbler: [taskkill] ERROR: The process "tail.exe" not found.
2016-01-26 10:26:36,766 DEBUG [AWT-EventQueue-0] stencyl.sw.util.Util: Process 'taskkill' exited with code: 128
2016-01-26 10:26:36,766 DEBUG [AWT-EventQueue-0] stencyl.sw.util.Util: Running command: [taskkill, /im, ios-sim.exe, /f]
2016-01-26 10:26:36,969 DEBUG [Thread-11] stencyl.sw.util.StreamGobbler: [taskkill] ERROR: The process "ios-sim.exe" not found.
2016-01-26 10:26:36,969 DEBUG [AWT-EventQueue-0] stencyl.sw.util.Util: Process 'taskkill' exited with code: 128
2016-01-26 10:26:36,969 DEBUG [AWT-EventQueue-0] stencyl.sw.app.App: Destroying extensions.
2016-01-26 10:26:36,969 DEBUG [AWT-EventQueue-0] stencyl.sw.app.App: Performing final close.
2016-01-26 10:26:36,985 INFO  [AWT-EventQueue-0] stencyl.sw.app.App: Exiting...
2016-01-26 10:26:36,985 DEBUG [AWT-EventQueue-0] stencyl.sw.app.App: Destroying Temporary Sandbox.
2016-01-26 10:26:36,985 DEBUG [AWT-EventQueue-0] stencyl.sw.util.FileHelper: Deleting: C:\Users\EConway6922\AppData\Local\Temp\stencyl5656347877057819017
