2016-01-28 09:55:08,890 INFO  [main] stencyl.sw.Session: Logfile: C:\Users\EConway6922\Documents\stencylworks\logs\2016-01-28_09-55-01.log
2016-01-28 09:55:09,015 INFO  [main] stencyl.sw.Session: OS Name: Windows 7
2016-01-28 09:55:09,015 INFO  [main] stencyl.sw.Session: OS Version: 6.1 (64-bit)
2016-01-28 09:55:09,015 INFO  [main] stencyl.sw.Session: Java Version: 1.8.0_60
2016-01-28 09:55:09,015 INFO  [main] stencyl.sw.Session: Stencyl Version: 3.3.2 (b8734)
2016-01-28 09:55:09,031 INFO  [main] stencyl.sw.Session: Stencyl Workspace: C:\Users\EConway6922\Documents\
2016-01-28 09:55:09,031 INFO  [main] stencyl.sw.Session: User Working Directory: C:\Users\EConway6922\Downloads\Stencyl
2016-01-28 09:55:09,031 INFO  [main] stencyl.sw.Session: User Home Directory: C:\Users\EConway6922
2016-01-28 09:55:09,031 INFO  [main] stencyl.sw.Session: System Path: C:\ProgramData\Oracle\Java\javapath;C:\Program Files (x86)\Intel\iCLS Client\;C:\Program Files\Intel\iCLS Client\;C:\WINDOWS\system32;C:\WINDOWS;C:\WINDOWS\System32\Wbem;C:\WINDOWS\System32\WindowsPowerShell\v1.0\;C:\WINDOWS\CCM;C:\WINDOWS\CCM;C:\Program Files (x86)\QuickTime\QTSystem\;C:\Program Files\Intel\Intel(R) Management Engine Components\DAL;C:\Program Files\Intel\Intel(R) Management Engine Components\IPT;C:\Program Files (x86)\Intel\Intel(R) Management Engine Components\DAL;C:\Program Files (x86)\Intel\Intel(R) Management Engine Components\IPT;C:\Users\EConway6922\Downloads\Stencyl\runtimes\jre-win\bin
2016-01-28 09:55:10,764 DEBUG [main] stencyl.sw.util.FileHelper: Deleting: C:\Users\ECONWA~1\AppData\Local\Temp\stencyl5316481275122470504
2016-01-28 09:55:10,811 DEBUG [main] stencyl.sw.loc.LanguagePack: Reading... lang\en\global-phrases.lang
2016-01-28 09:55:10,983 DEBUG [main] stencyl.sw.loc.LanguagePack: Reading... lang\en\global-errors.lang
2016-01-28 09:55:11,014 DEBUG [main] stencyl.sw.loc.LanguagePack: Reading... lang\en\global-menu.lang
2016-01-28 09:55:11,061 DEBUG [main] stencyl.sw.loc.LanguagePack: Reading... lang\en\global-welcome.lang
2016-01-28 09:55:11,139 DEBUG [main] stencyl.sw.loc.LanguagePack: Reading... lang\en\global-dashboard.lang
2016-01-28 09:55:11,201 DEBUG [main] stencyl.sw.loc.LanguagePack: Reading... lang\en\global-publish.lang
2016-01-28 09:55:11,233 DEBUG [main] stencyl.sw.loc.LanguagePack: Reading... lang\en\global-updater.lang
2016-01-28 09:55:11,279 DEBUG [main] stencyl.sw.loc.LanguagePack: Reading... lang\en\global-chat.lang
2016-01-28 09:55:11,311 DEBUG [main] stencyl.sw.loc.LanguagePack: Reading... lang\en\global-misc.lang
2016-01-28 09:55:11,404 DEBUG [main] stencyl.sw.loc.LanguagePack: Reading... lang\en\global-forge.lang
2016-01-28 09:55:11,467 DEBUG [main] stencyl.sw.loc.LanguagePack: Reading... lang\en\global-prefs.lang
2016-01-28 09:55:11,498 DEBUG [main] stencyl.sw.loc.LanguagePack: Reading... lang\en\global-creategame.lang
2016-01-28 09:55:11,545 DEBUG [main] stencyl.sw.loc.LanguagePack: Reading... lang\en\behavior-main.lang
2016-01-28 09:55:11,670 DEBUG [main] stencyl.sw.loc.LanguagePack: Reading... lang\en\behavior-blocks.lang
2016-01-28 09:55:11,779 DEBUG [main] stencyl.sw.loc.LanguagePack: Reading... lang\en\behavior-blockhelp.lang
2016-01-28 09:55:11,842 DEBUG [main] stencyl.sw.loc.LanguagePack: Reading... lang\en\behavior-events.lang
2016-01-28 09:55:11,873 DEBUG [main] stencyl.sw.loc.LanguagePack: Reading... lang\en\behavior-code.lang
2016-01-28 09:55:11,889 DEBUG [main] stencyl.sw.loc.LanguagePack: Reading... lang\en\behavior-attributes.lang
2016-01-28 09:55:11,920 DEBUG [main] stencyl.sw.loc.LanguagePack: Reading... lang\en\behavior-create.lang
2016-01-28 09:55:11,951 DEBUG [main] stencyl.sw.loc.LanguagePack: Reading... lang\en\behavior-byob.lang
2016-01-28 09:55:11,982 DEBUG [main] stencyl.sw.loc.LanguagePack: Reading... lang\en\editor-actor-main.lang
2016-01-28 09:55:12,045 DEBUG [main] stencyl.sw.loc.LanguagePack: Reading... lang\en\editor-actor-physics.lang
2016-01-28 09:55:12,045 DEBUG [main] stencyl.sw.loc.LanguagePack: Reading... lang\en\editor-background.lang
2016-01-28 09:55:12,123 DEBUG [main] stencyl.sw.loc.LanguagePack: Reading... lang\en\editor-behaviorchooser.lang
2016-01-28 09:55:12,154 DEBUG [main] stencyl.sw.loc.LanguagePack: Reading... lang\en\editor-desktop.lang
2016-01-28 09:55:12,185 DEBUG [main] stencyl.sw.loc.LanguagePack: Reading... lang\en\editor-font.lang
2016-01-28 09:55:12,216 DEBUG [main] stencyl.sw.loc.LanguagePack: Reading... lang\en\editor-sound.lang
2016-01-28 09:55:12,248 DEBUG [main] stencyl.sw.loc.LanguagePack: Reading... lang\en\editor-tileset.lang
2016-01-28 09:55:12,248 DEBUG [main] stencyl.sw.loc.LanguagePack: Reading... lang\en\editor-preloader.lang
2016-01-28 09:55:12,295 DEBUG [main] stencyl.sw.loc.LanguagePack: Reading... lang\en\editor-mobile.lang
2016-01-28 09:55:12,529 DEBUG [main] stencyl.sw.loc.LanguagePack: Reading... lang\en\editor-groups.lang
2016-01-28 09:55:12,591 DEBUG [main] stencyl.sw.loc.LanguagePack: Reading... lang\en\editor-attributes.lang
2016-01-28 09:55:12,638 DEBUG [main] stencyl.sw.loc.LanguagePack: Reading... lang\en\editor-input.lang
2016-01-28 09:55:12,638 DEBUG [main] stencyl.sw.loc.LanguagePack: Reading... lang\en\editor-animation.lang
2016-01-28 09:55:12,701 DEBUG [main] stencyl.sw.loc.LanguagePack: Reading... lang\en\editor-scene-main.lang
2016-01-28 09:55:12,747 DEBUG [main] stencyl.sw.loc.LanguagePack: Reading... lang\en\editor-scene-create.lang
2016-01-28 09:55:12,779 DEBUG [main] stencyl.sw.loc.LanguagePack: Reading... lang\en\editor-scene-tools.lang
2016-01-28 09:55:12,779 DEBUG [main] stencyl.sw.loc.LanguagePack: Reading... lang\en\global-phrases.lang
2016-01-28 09:55:12,779 DEBUG [main] stencyl.sw.loc.LanguagePack: Reading... lang\en\global-errors.lang
2016-01-28 09:55:12,779 DEBUG [main] stencyl.sw.loc.LanguagePack: Reading... lang\en\global-menu.lang
2016-01-28 09:55:12,779 DEBUG [main] stencyl.sw.loc.LanguagePack: Reading... lang\en\global-welcome.lang
2016-01-28 09:55:12,779 DEBUG [main] stencyl.sw.loc.LanguagePack: Reading... lang\en\global-dashboard.lang
2016-01-28 09:55:12,779 DEBUG [main] stencyl.sw.loc.LanguagePack: Reading... lang\en\global-publish.lang
2016-01-28 09:55:12,779 DEBUG [main] stencyl.sw.loc.LanguagePack: Reading... lang\en\global-updater.lang
2016-01-28 09:55:12,794 DEBUG [main] stencyl.sw.loc.LanguagePack: Reading... lang\en\global-chat.lang
2016-01-28 09:55:12,794 DEBUG [main] stencyl.sw.loc.LanguagePack: Reading... lang\en\global-misc.lang
2016-01-28 09:55:12,794 DEBUG [main] stencyl.sw.loc.LanguagePack: Reading... lang\en\global-forge.lang
2016-01-28 09:55:12,794 DEBUG [main] stencyl.sw.loc.LanguagePack: Reading... lang\en\global-prefs.lang
2016-01-28 09:55:12,794 DEBUG [main] stencyl.sw.loc.LanguagePack: Reading... lang\en\global-creategame.lang
2016-01-28 09:55:12,794 DEBUG [main] stencyl.sw.loc.LanguagePack: Reading... lang\en\behavior-main.lang
2016-01-28 09:55:12,794 DEBUG [main] stencyl.sw.loc.LanguagePack: Reading... lang\en\behavior-blocks.lang
2016-01-28 09:55:12,810 DEBUG [main] stencyl.sw.loc.LanguagePack: Reading... lang\en\behavior-blockhelp.lang
2016-01-28 09:55:12,810 DEBUG [main] stencyl.sw.loc.LanguagePack: Reading... lang\en\behavior-events.lang
2016-01-28 09:55:12,810 DEBUG [main] stencyl.sw.loc.LanguagePack: Reading... lang\en\behavior-code.lang
2016-01-28 09:55:12,810 DEBUG [main] stencyl.sw.loc.LanguagePack: Reading... lang\en\behavior-attributes.lang
2016-01-28 09:55:12,810 DEBUG [main] stencyl.sw.loc.LanguagePack: Reading... lang\en\behavior-create.lang
2016-01-28 09:55:12,810 DEBUG [main] stencyl.sw.loc.LanguagePack: Reading... lang\en\behavior-byob.lang
2016-01-28 09:55:12,825 DEBUG [main] stencyl.sw.loc.LanguagePack: Reading... lang\en\editor-actor-main.lang
2016-01-28 09:55:12,825 DEBUG [main] stencyl.sw.loc.LanguagePack: Reading... lang\en\editor-actor-physics.lang
2016-01-28 09:55:12,825 DEBUG [main] stencyl.sw.loc.LanguagePack: Reading... lang\en\editor-background.lang
2016-01-28 09:55:12,825 DEBUG [main] stencyl.sw.loc.LanguagePack: Reading... lang\en\editor-behaviorchooser.lang
2016-01-28 09:55:12,825 DEBUG [main] stencyl.sw.loc.LanguagePack: Reading... lang\en\editor-desktop.lang
2016-01-28 09:55:12,825 DEBUG [main] stencyl.sw.loc.LanguagePack: Reading... lang\en\editor-font.lang
2016-01-28 09:55:12,825 DEBUG [main] stencyl.sw.loc.LanguagePack: Reading... lang\en\editor-sound.lang
2016-01-28 09:55:12,825 DEBUG [main] stencyl.sw.loc.LanguagePack: Reading... lang\en\editor-tileset.lang
2016-01-28 09:55:12,825 DEBUG [main] stencyl.sw.loc.LanguagePack: Reading... lang\en\editor-preloader.lang
2016-01-28 09:55:12,825 DEBUG [main] stencyl.sw.loc.LanguagePack: Reading... lang\en\editor-mobile.lang
2016-01-28 09:55:12,825 DEBUG [main] stencyl.sw.loc.LanguagePack: Reading... lang\en\editor-groups.lang
2016-01-28 09:55:12,841 DEBUG [main] stencyl.sw.loc.LanguagePack: Reading... lang\en\editor-attributes.lang
2016-01-28 09:55:12,841 DEBUG [main] stencyl.sw.loc.LanguagePack: Reading... lang\en\editor-input.lang
2016-01-28 09:55:12,841 DEBUG [main] stencyl.sw.loc.LanguagePack: Reading... lang\en\editor-animation.lang
2016-01-28 09:55:12,841 DEBUG [main] stencyl.sw.loc.LanguagePack: Reading... lang\en\editor-scene-main.lang
2016-01-28 09:55:12,841 DEBUG [main] stencyl.sw.loc.LanguagePack: Reading... lang\en\editor-scene-create.lang
2016-01-28 09:55:12,841 DEBUG [main] stencyl.sw.loc.LanguagePack: Reading... lang\en\editor-scene-tools.lang
2016-01-28 09:55:12,841 INFO  [AWT-EventQueue-0] stencyl.sw.SW: Initializing Stencyl.
2016-01-28 09:55:13,044 DEBUG [AWT-EventQueue-0] stencyl.sw.Splash: Set Splash message: Look
2016-01-28 09:55:45,197 INFO  [AWT-EventQueue-0] stencyl.sw.ext.ExtensionDependencyManager: Haxelib actuate 1.6.5
2016-01-28 09:55:45,244 INFO  [AWT-EventQueue-0] stencyl.sw.ext.ExtensionDependencyManager: Haxelib box2d 1.11.0
2016-01-28 09:55:45,291 INFO  [AWT-EventQueue-0] stencyl.sw.ext.ExtensionDependencyManager: Haxelib box2d-fake 1.11.0
2016-01-28 09:55:45,385 INFO  [AWT-EventQueue-0] stencyl.sw.ext.ExtensionDependencyManager: Haxelib console 1.0.0
2016-01-28 09:55:45,478 INFO  [AWT-EventQueue-0] stencyl.sw.ext.ExtensionDependencyManager: Haxelib format 3.1.2
2016-01-28 09:55:45,728 INFO  [AWT-EventQueue-0] stencyl.sw.ext.ExtensionDependencyManager: Haxelib hxcpp 3.2.0
2016-01-28 09:55:45,884 INFO  [AWT-EventQueue-0] stencyl.sw.ext.ExtensionDependencyManager: Haxelib hxtelemetry 0.3.1
2016-01-28 09:55:46,025 INFO  [AWT-EventQueue-0] stencyl.sw.ext.ExtensionDependencyManager: Haxelib layout 1.1.0
2016-01-28 09:55:46,025 INFO  [AWT-EventQueue-0] stencyl.sw.ext.ExtensionDependencyManager: Haxelib lime 2.6.8
2016-01-28 09:55:46,119 INFO  [AWT-EventQueue-0] stencyl.sw.ext.ExtensionDependencyManager: Haxelib openfl 3.3.8
2016-01-28 09:55:46,212 INFO  [AWT-EventQueue-0] stencyl.sw.ext.ExtensionDependencyManager: Haxelib polygonal-ds 1.4.1
2016-01-28 09:55:46,212 INFO  [AWT-EventQueue-0] stencyl.sw.ext.ExtensionDependencyManager: Haxelib polygonal-printf 1.0.0.beta
2016-01-28 09:55:46,337 INFO  [AWT-EventQueue-0] stencyl.sw.ext.ExtensionDependencyManager: Haxelib stencyl 1.0.0
2016-01-28 09:55:46,478 INFO  [AWT-EventQueue-0] stencyl.sw.ext.ExtensionDependencyManager: Haxelib stencyl-cppia 1.0.0
2016-01-28 09:55:46,556 INFO  [AWT-EventQueue-0] stencyl.sw.ext.ExtensionDependencyManager: Haxelib svg 1.0.8
2016-01-28 09:55:46,681 INFO  [AWT-EventQueue-0] stencyl.sw.ext.ExtensionDependencyManager: Haxelib swf 1.7.4
2016-01-28 09:55:46,728 INFO  [AWT-EventQueue-0] stencyl.sw.ext.ExtensionDependencyManager: Haxelib tilelayer 0.2.1
2016-01-28 09:55:46,931 DEBUG [AWT-EventQueue-0] stencyl.sw.util.FileHelper: Matching (non-hidden) files within C:\Users\EConway6922\Documents\stencylworks\extensions: []
2016-01-28 09:55:46,931 DEBUG [AWT-EventQueue-0] stencyl.sw.util.FileHelper: Matching (non-hidden) files within C:\Users\EConway6922\Documents\stencylworks\extensions: []
2016-01-28 09:55:46,931 DEBUG [AWT-EventQueue-0] stencyl.sw.editors.game.advanced.EngineExtensionManager: Loading engine extensions...
2016-01-28 09:55:46,931 DEBUG [AWT-EventQueue-0] stencyl.sw.util.FileHelper: Directories within C:\Users\EConway6922\Documents\stencylworks\engine-extensions: []
2016-01-28 09:55:46,931 INFO  [AWT-EventQueue-0] stencyl.sw.editors.game.advanced.EngineExtensionManager: Engine Extensions: []
2016-01-28 09:55:46,931 WARN  [AWT-EventQueue-0] stencyl.sw.app.ExtensionManager: Couldn't load extension settings.
2016-01-28 09:55:46,993 INFO  [AWT-EventQueue-0] stencyl.sw.app.ExtensionManager: Toolset Extensions: []
2016-01-28 09:55:47,102 DEBUG [AWT-EventQueue-0] stencyl.sw.SW: Maximized frame.
2016-01-28 09:55:49,710 DEBUG [AWT-EventQueue-0] stencyl.sw.app.doc.Workspace: Activated: Welcome Center
2016-01-28 09:55:49,788 DEBUG [AWT-EventQueue-0] stencyl.sw.app.App: Non-silent Authentication.
2016-01-28 09:55:49,820 DEBUG [AWT-EventQueue-0] stencyl.sw.Splash: Dispose Splash
2016-01-28 09:55:52,849 DEBUG [pool-1-thread-1] stencyl.sw.app.tasks.AuthenticateTask: Response: guest
2016-01-28 09:55:52,865 INFO  [pool-1-thread-1] stencyl.sw.app.tasks.AuthenticateTask: Could not log in. Check your login credentials.
2016-01-28 10:04:19,815 DEBUG [AWT-EventQueue-0] stencyl.sw.util.FileHelper: Deleting: C:\Users\EConway6922\AppData\Local\Temp\stencyl5316481275122470504\sandbox\test\temp
2016-01-28 10:04:19,815 DEBUG [AWT-EventQueue-0] stencyl.sw.util.FileHelper: Deleting: C:\Users\EConway6922\Documents\stencylworks\preview\scripts
2016-01-28 10:04:20,018 DEBUG [AWT-EventQueue-0] stencyl.sw.util.FileHelper: Deleting: C:\Users\EConway6922\Documents\stencylworks\preview\game
2016-01-28 10:04:20,034 INFO  [AWT-EventQueue-0] stencyl.sw.app.tasks.OpenGameTask: Opening game: Dreams
2016-01-28 10:04:20,221 DEBUG [pool-1-thread-2] stencyl.core.lib.Game: Loading scene-specific snippet. SceneID: 1
2016-01-28 10:04:20,221 DEBUG [pool-1-thread-2] stencyl.core.lib.Game: Loading scene-specific snippet. SceneID: 2
2016-01-28 10:04:20,237 DEBUG [pool-1-thread-2] stencyl.core.lib.Game: Loading scene-specific snippet. SceneID: 3
2016-01-28 10:04:20,237 DEBUG [pool-1-thread-2] stencyl.core.lib.Game: Loading scene-specific snippet. SceneID: 4
2016-01-28 10:04:20,237 DEBUG [pool-1-thread-2] stencyl.core.lib.Game: Loading scene-specific snippet. SceneID: 5
2016-01-28 10:04:20,237 DEBUG [pool-1-thread-2] stencyl.core.lib.Game: Loading scene-specific snippet. SceneID: 6
2016-01-28 10:04:20,408 DEBUG [pool-1-thread-2] stencyl.core.lib.ResourceList: Initializing... 5 : Bedroom player
2016-01-28 10:04:20,408 DEBUG [pool-1-thread-2] stencyl.core.lib.ResourceList: Initializing... 6 : Bedroom player
2016-01-28 10:04:20,471 DEBUG [pool-1-thread-2] stencyl.core.lib.ResourceList: Initializing... 7 : BedroomSet
2016-01-28 10:04:20,502 DEBUG [pool-1-thread-2] stencyl.core.lib.ResourceList: Initializing... 13 : Door
2016-01-28 10:04:20,502 DEBUG [pool-1-thread-2] stencyl.core.lib.ResourceList: Initializing... 14 : Door
2016-01-28 10:04:20,517 DEBUG [pool-1-thread-2] stencyl.core.lib.ResourceList: Initializing... 9 : Font
2016-01-28 10:04:20,517 DEBUG [pool-1-thread-2] stencyl.core.lib.ResourceList: Initializing... 11 : Key
2016-01-28 10:04:20,517 DEBUG [pool-1-thread-2] stencyl.core.lib.ResourceList: Initializing... 12 : Key
2016-01-28 10:04:20,517 DEBUG [pool-1-thread-2] stencyl.core.lib.ResourceList: Initializing... 10 : L1Set
2016-01-28 10:04:20,517 DEBUG [pool-1-thread-2] stencyl.core.lib.ResourceList: Initializing... 15 : L2DKSet
2016-01-28 10:04:20,564 DEBUG [pool-1-thread-2] stencyl.core.lib.ResourceList: Initializing... 16 : Ladder
2016-01-28 10:04:20,564 DEBUG [pool-1-thread-2] stencyl.core.lib.ResourceList: Initializing... 17 : Ladder
2016-01-28 10:04:20,580 DEBUG [pool-1-thread-2] stencyl.core.lib.ResourceList: Initializing... 3 : lion
2016-01-28 10:04:20,580 DEBUG [pool-1-thread-2] stencyl.core.lib.ResourceList: Initializing... 4 : lion
2016-01-28 10:04:20,595 DEBUG [pool-1-thread-2] stencyl.core.lib.ResourceList: Initializing... 2 : nice sky
2016-01-28 10:04:20,595 DEBUG [pool-1-thread-2] stencyl.core.lib.ResourceList: Initializing... 0 : Player 1
2016-01-28 10:04:20,595 DEBUG [pool-1-thread-2] stencyl.core.lib.ResourceList: Initializing... 1 : Player 1
2016-01-28 10:04:20,611 DEBUG [pool-1-thread-2] stencyl.core.lib.ResourceList: Initializing... 18 : Player L2
2016-01-28 10:04:20,611 DEBUG [pool-1-thread-2] stencyl.core.lib.ResourceList: Initializing... 19 : Player L2
2016-01-28 10:04:20,627 DEBUG [pool-1-thread-2] stencyl.core.lib.ResourceList: Initializing... 8 : TutorialSet
2016-01-28 10:04:21,126 DEBUG [AWT-EventQueue-0] stencyl.core.lib.io.read.SceneReader: Reading header for Scene: 3 (Bedroom) from: scenes\3.xml
2016-01-28 10:04:21,173 DEBUG [AWT-EventQueue-0] stencyl.core.lib.io.read.SceneReader: Reading header for Scene: 3 (Bedroom) from: scenes\3.xml
2016-01-28 10:04:21,375 DEBUG [AWT-EventQueue-0] stencyl.sw.app.doc.Workspace: Activated: Dashboard
2016-01-28 10:04:21,375 DEBUG [AWT-EventQueue-0] stencyl.sw.util.FileHelper: Trying to delete file that does not exist: C:\Users\EConway6922\AppData\Local\Temp\stencyl5316481275122470504\sandbox\build\code
2016-01-28 10:04:21,375 DEBUG [AWT-EventQueue-0] stencyl.sw.util.FileHelper: Deleting: C:\Users\EConway6922\AppData\Local\Temp\stencyl5316481275122470504\sandbox\test\temp
2016-01-28 10:04:21,391 DEBUG [AWT-EventQueue-0] stencyl.core.lib.io.read.SceneReader: Reading header for Scene: 3 (Bedroom) from: scenes\3.xml
2016-01-28 10:04:21,984 DEBUG [AWT-EventQueue-0] stencyl.sw.app.tasks.OpenGameTask: Took 1966ms
2016-01-28 10:04:22,140 DEBUG [AWT-EventQueue-0] stencyl.sw.editors.game.attributes.AttributeTree: Loading attribute into tree: Keys
2016-01-28 10:04:22,421 DEBUG [AWT-EventQueue-0] stencyl.sw.editors.game.cgroups.CollisionGroupTree: Loading actor group into tree: Actors
2016-01-28 10:04:22,436 DEBUG [AWT-EventQueue-0] stencyl.sw.editors.game.cgroups.CollisionGroupTree: Loading actor group into tree: Doodads
2016-01-28 10:04:22,452 DEBUG [AWT-EventQueue-0] stencyl.sw.editors.game.cgroups.CollisionGroupTree: Loading actor group into tree: Players
2016-01-28 10:04:22,468 DEBUG [AWT-EventQueue-0] stencyl.sw.editors.game.cgroups.CollisionGroupTree: Loading actor group into tree: Regions
2016-01-28 10:04:22,483 DEBUG [AWT-EventQueue-0] stencyl.sw.editors.game.cgroups.CollisionGroupTree: Loading actor group into tree: Tiles
2016-01-28 10:04:24,293 DEBUG [AWT-EventQueue-0] stencyl.core.lib.Atlas: Getting memory for atlas 0
2016-01-28 10:04:24,293 DEBUG [AWT-EventQueue-0] stencyl.core.lib.Atlas: Added resource 'Player 1' to atlas 0
2016-01-28 10:04:24,293 DEBUG [AWT-EventQueue-0] stencyl.core.lib.Atlas: Added resource 'nice sky' to atlas 0
2016-01-28 10:04:24,293 DEBUG [AWT-EventQueue-0] stencyl.core.lib.Atlas: Added resource 'lion' to atlas 0
2016-01-28 10:04:24,293 DEBUG [AWT-EventQueue-0] stencyl.core.lib.Atlas: Added resource 'Bedroom player' to atlas 0
2016-01-28 10:04:24,293 DEBUG [AWT-EventQueue-0] stencyl.core.lib.Atlas: Added resource 'BedroomSet' to atlas 0
2016-01-28 10:04:24,293 DEBUG [AWT-EventQueue-0] stencyl.core.lib.Atlas: Added resource 'TutorialSet' to atlas 0
2016-01-28 10:04:24,309 DEBUG [AWT-EventQueue-0] stencyl.core.lib.Atlas: Added resource 'Font' to atlas 0
2016-01-28 10:04:24,309 DEBUG [AWT-EventQueue-0] stencyl.core.lib.Atlas: Added resource 'L1Set' to atlas 0
2016-01-28 10:04:24,324 DEBUG [AWT-EventQueue-0] stencyl.core.lib.Atlas: Added resource 'Key' to atlas 0
2016-01-28 10:04:24,324 DEBUG [AWT-EventQueue-0] stencyl.core.lib.Atlas: Added resource 'Door' to atlas 0
2016-01-28 10:04:24,324 DEBUG [AWT-EventQueue-0] stencyl.core.lib.Atlas: Added resource 'L2DKSet' to atlas 0
2016-01-28 10:04:24,324 DEBUG [AWT-EventQueue-0] stencyl.core.lib.Atlas: Added resource 'Ladder' to atlas 0
2016-01-28 10:04:24,324 DEBUG [AWT-EventQueue-0] stencyl.core.lib.Atlas: Added resource 'Player L2' to atlas 0
2016-01-28 10:04:24,355 DEBUG [AWT-EventQueue-0] stencyl.core.lib.Atlas: Getting memory for atlas 1
2016-01-28 10:04:24,355 DEBUG [AWT-EventQueue-0] stencyl.core.lib.Atlas: Getting memory for atlas 2
2016-01-28 10:04:24,371 DEBUG [AWT-EventQueue-0] stencyl.core.lib.Atlas: Getting memory for atlas 3
2016-01-28 10:04:24,433 DEBUG [AWT-EventQueue-0] stencyl.core.lib.io.read.SceneReader: Reading header for Scene: 1 (Level 1) from: scenes\1.xml
2016-01-28 10:04:24,449 DEBUG [AWT-EventQueue-0] stencyl.core.lib.io.read.SceneReader: Reading header for Scene: 2 (Tutorial) from: scenes\2.xml
2016-01-28 10:04:24,449 DEBUG [AWT-EventQueue-0] stencyl.core.lib.io.read.SceneReader: Reading header for Scene: 3 (Bedroom) from: scenes\3.xml
2016-01-28 10:04:24,449 DEBUG [AWT-EventQueue-0] stencyl.core.lib.io.read.SceneReader: Reading header for Scene: 4 (Level 2) from: scenes\4.xml
2016-01-28 10:04:24,465 DEBUG [AWT-EventQueue-0] stencyl.core.lib.io.read.SceneReader: Reading header for Scene: 5 (Level 3) from: scenes\5.xml
2016-01-28 10:04:24,465 DEBUG [AWT-EventQueue-0] stencyl.core.lib.io.read.SceneReader: Reading header for Scene: 6 (TEST) from: scenes\6.xml
2016-01-28 10:04:51,191 DEBUG [AWT-EventQueue-0] stencyl.sw.app.App: Action: Close Game
2016-01-28 10:04:53,656 INFO  [pool-1-thread-2] stencyl.sw.io.write.MasterWriter: Saving game in place.
2016-01-28 10:04:53,765 DEBUG [pool-1-thread-2] stencyl.sw.util.FileHelper: Saving backup file C:\Users\EConway6922\Documents\stencylworks\games\Dreams\game.xml.bak.
2016-01-28 10:04:57,806 DEBUG [pool-1-thread-2] stencyl.sw.io.write.MasterWriter: Writing out local resources.
2016-01-28 10:04:57,822 DEBUG [pool-1-thread-2] stencyl.sw.util.FileHelper: Saving backup file C:\Users\EConway6922\Documents\stencylworks\games\Dreams\resources\data.xml.bak.
2016-01-28 10:04:57,853 DEBUG [pool-1-thread-2] stencyl.sw.io.write.resource.SpriteWriter: Mark actor's sprite as clean (disk).
2016-01-28 10:04:57,853 DEBUG [pool-1-thread-2] stencyl.sw.io.write.resource.TilesetWriter: Mark tileset as clean (disk).
2016-01-28 10:04:57,853 DEBUG [pool-1-thread-2] stencyl.sw.io.write.resource.SpriteWriter: Mark actor's sprite as clean (disk).
2016-01-28 10:04:57,853 DEBUG [pool-1-thread-2] stencyl.sw.io.write.resource.FontWriter: Mark font as clean (disk).
2016-01-28 10:04:57,853 DEBUG [pool-1-thread-2] stencyl.sw.io.write.resource.SpriteWriter: Mark actor's sprite as clean (disk).
2016-01-28 10:04:57,853 DEBUG [pool-1-thread-2] stencyl.sw.io.write.resource.TilesetWriter: Mark tileset as clean (disk).
2016-01-28 10:04:57,853 DEBUG [pool-1-thread-2] stencyl.sw.io.write.resource.TilesetWriter: Mark tileset as clean (disk).
2016-01-28 10:04:57,853 DEBUG [pool-1-thread-2] stencyl.sw.io.write.resource.SpriteWriter: Mark actor's sprite as clean (disk).
2016-01-28 10:04:57,853 DEBUG [pool-1-thread-2] stencyl.sw.io.write.resource.SpriteWriter: Mark actor's sprite as clean (disk).
2016-01-28 10:04:57,853 DEBUG [pool-1-thread-2] stencyl.sw.io.write.resource.BackgroundWriter: Skip writing out Background.
2016-01-28 10:04:57,853 DEBUG [pool-1-thread-2] stencyl.sw.io.write.resource.BackgroundWriter: Mark background as clean (disk).
2016-01-28 10:04:57,853 DEBUG [pool-1-thread-2] stencyl.sw.io.write.resource.SpriteWriter: Mark actor's sprite as clean (disk).
2016-01-28 10:04:57,853 DEBUG [pool-1-thread-2] stencyl.sw.io.write.resource.SpriteWriter: Mark actor's sprite as clean (disk).
2016-01-28 10:04:57,853 DEBUG [pool-1-thread-2] stencyl.sw.io.write.resource.TilesetWriter: Mark tileset as clean (disk).
2016-01-28 10:04:57,884 DEBUG [pool-1-thread-2] stencyl.sw.io.write.MasterWriter: Writing out scenes.
2016-01-28 10:04:57,884 DEBUG [pool-1-thread-2] stencyl.sw.io.write.MasterWriter: Copying over snippets.
2016-01-28 10:04:57,900 DEBUG [pool-1-thread-2] stencyl.sw.util.FileHelper: Saving backup file C:\Users\EConway6922\Documents\stencylworks\games\Dreams\snippets\list.xml.bak.
2016-01-28 10:04:58,337 DEBUG [pool-1-thread-2] stencyl.sw.io.write.MasterWriter: Saving block favorites.
2016-01-28 10:04:58,352 INFO  [pool-1-thread-2] stencyl.sw.io.write.MasterWriter: Done writing game.
2016-01-28 10:04:58,399 DEBUG [AWT-EventQueue-0] stencyl.sw.app.doc.Workspace: Resetting workspace.
2016-01-28 10:04:58,477 DEBUG [AWT-EventQueue-0] stencyl.sw.app.doc.Workspace: Activated: Welcome Center
2016-01-28 10:05:01,519 INFO  [AWT-EventQueue-0] stencyl.sw.app.App: Attempting to quit out of Stencyl.
2016-01-28 10:05:01,566 DEBUG [AWT-EventQueue-0] stencyl.sw.util.Util: Running command: [taskkill, /im, neko.exe, /f]
2016-01-28 10:05:01,785 DEBUG [Thread-6] stencyl.sw.util.StreamGobbler: [taskkill] ERROR: The process "neko.exe" not found.
2016-01-28 10:05:01,785 DEBUG [AWT-EventQueue-0] stencyl.sw.util.Util: Process 'taskkill' exited with code: 128
2016-01-28 10:05:01,785 DEBUG [AWT-EventQueue-0] stencyl.sw.util.Util: Running command: [taskkill, /im, adb.exe, /f]
2016-01-28 10:05:02,003 DEBUG [Thread-7] stencyl.sw.util.StreamGobbler: [taskkill] ERROR: The process "adb.exe" not found.
2016-01-28 10:05:02,019 DEBUG [AWT-EventQueue-0] stencyl.sw.util.Util: Process 'taskkill' exited with code: 128
2016-01-28 10:05:02,019 DEBUG [AWT-EventQueue-0] stencyl.sw.util.Util: Running command: [taskkill, /im, arm-linux-androideabi-g++.exe, /f]
2016-01-28 10:05:02,159 DEBUG [Thread-8] stencyl.sw.util.StreamGobbler: [taskkill] ERROR: The process "arm-linux-androideabi-g++.exe" not found.
2016-01-28 10:05:02,175 DEBUG [AWT-EventQueue-0] stencyl.sw.util.Util: Process 'taskkill' exited with code: 128
2016-01-28 10:05:02,175 DEBUG [AWT-EventQueue-0] stencyl.sw.util.Util: Running command: [taskkill, /im, cc1plus.exe, /f]
2016-01-28 10:05:02,315 DEBUG [Thread-9] stencyl.sw.util.StreamGobbler: [taskkill] ERROR: The process "cc1plus.exe" not found.
2016-01-28 10:05:02,331 DEBUG [AWT-EventQueue-0] stencyl.sw.util.Util: Process 'taskkill' exited with code: 128
2016-01-28 10:05:02,331 DEBUG [AWT-EventQueue-0] stencyl.sw.util.Util: Running command: [taskkill, /im, tail.exe, /f]
2016-01-28 10:05:02,502 DEBUG [Thread-10] stencyl.sw.util.StreamGobbler: [taskkill] ERROR: The process "tail.exe" not found.
2016-01-28 10:05:02,518 DEBUG [AWT-EventQueue-0] stencyl.sw.util.Util: Process 'taskkill' exited with code: 128
2016-01-28 10:05:02,518 DEBUG [AWT-EventQueue-0] stencyl.sw.util.Util: Running command: [taskkill, /im, ios-sim.exe, /f]
2016-01-28 10:05:02,721 DEBUG [Thread-11] stencyl.sw.util.StreamGobbler: [taskkill] ERROR: The process "ios-sim.exe" not found.
2016-01-28 10:05:02,721 DEBUG [AWT-EventQueue-0] stencyl.sw.util.Util: Process 'taskkill' exited with code: 128
2016-01-28 10:05:02,721 DEBUG [AWT-EventQueue-0] stencyl.sw.app.App: Destroying extensions.
2016-01-28 10:05:02,721 DEBUG [AWT-EventQueue-0] stencyl.sw.app.App: Performing final close.
2016-01-28 10:05:02,752 INFO  [AWT-EventQueue-0] stencyl.sw.app.App: Exiting...
2016-01-28 10:05:02,752 DEBUG [AWT-EventQueue-0] stencyl.sw.app.App: Destroying Temporary Sandbox.
2016-01-28 10:05:02,752 DEBUG [AWT-EventQueue-0] stencyl.sw.util.FileHelper: Deleting: C:\Users\EConway6922\AppData\Local\Temp\stencyl5316481275122470504
